[INFO] Scanning for projects...
[WARNING] 
[WARNING] Some problems were encountered while building the effective model for it.infocert.eigor:eigor-parent:pom:0.0.7-SNAPSHOT
[WARNING] 'parent.relativePath' of POM it.infocert.eigor:eigor-parent:0.0.7-SNAPSHOT (C:\Users\danidemi\workspace\repos\infocert\eigor\eigor-parent\pom.xml) points at it.infocert.eigor:eigor instead of org.springframework.boot:spring-boot-starter-parent, please verify your project structure @ line 5, column 13
[WARNING] 
[WARNING] Some problems were encountered while building the effective model for it.infocert.eigor:ph-sch2xslt-maven-plugin:maven-plugin:0.0.7-SNAPSHOT
[WARNING] 'parent.relativePath' of POM it.infocert.eigor:eigor-parent:0.0.7-SNAPSHOT (C:\Users\danidemi\workspace\repos\infocert\eigor\eigor-parent\pom.xml) points at it.infocert.eigor:eigor instead of org.springframework.boot:spring-boot-starter-parent, please verify your project structure @ it.infocert.eigor:eigor-parent:0.0.7-SNAPSHOT, C:\Users\danidemi\workspace\repos\infocert\eigor\eigor-parent\pom.xml, line 5, column 13
[WARNING] 
[WARNING] Some problems were encountered while building the effective model for it.infocert.eigor:cen-core:jar:0.0.7-SNAPSHOT
[WARNING] 'parent.relativePath' of POM it.infocert.eigor:eigor-parent:0.0.7-SNAPSHOT (C:\Users\danidemi\workspace\repos\infocert\eigor\eigor-parent\pom.xml) points at it.infocert.eigor:eigor instead of org.springframework.boot:spring-boot-starter-parent, please verify your project structure @ it.infocert.eigor:eigor-parent:0.0.7-SNAPSHOT, C:\Users\danidemi\workspace\repos\infocert\eigor\eigor-parent\pom.xml, line 5, column 13
[WARNING] 
[WARNING] Some problems were encountered while building the effective model for it.infocert.eigor:converter-fattpa-cen:jar:0.0.7-SNAPSHOT
[WARNING] 'parent.relativePath' of POM it.infocert.eigor:eigor-parent:0.0.7-SNAPSHOT (C:\Users\danidemi\workspace\repos\infocert\eigor\eigor-parent\pom.xml) points at it.infocert.eigor:eigor instead of org.springframework.boot:spring-boot-starter-parent, please verify your project structure @ it.infocert.eigor:eigor-parent:0.0.7-SNAPSHOT, C:\Users\danidemi\workspace\repos\infocert\eigor\eigor-parent\pom.xml, line 5, column 13
[WARNING] 
[WARNING] Some problems were encountered while building the effective model for it.infocert.eigor:converter-cen-fattpa:jar:0.0.7-SNAPSHOT
[WARNING] 'parent.relativePath' of POM it.infocert.eigor:eigor-parent:0.0.7-SNAPSHOT (C:\Users\danidemi\workspace\repos\infocert\eigor\eigor-parent\pom.xml) points at it.infocert.eigor:eigor instead of org.springframework.boot:spring-boot-starter-parent, please verify your project structure @ it.infocert.eigor:eigor-parent:0.0.7-SNAPSHOT, C:\Users\danidemi\workspace\repos\infocert\eigor\eigor-parent\pom.xml, line 5, column 13
[WARNING] 
[WARNING] Some problems were encountered while building the effective model for it.infocert.eigor:eigor-cli:jar:0.0.7-SNAPSHOT
[WARNING] 'parent.relativePath' of POM it.infocert.eigor:eigor-parent:0.0.7-SNAPSHOT (C:\Users\danidemi\workspace\repos\infocert\eigor\eigor-parent\pom.xml) points at it.infocert.eigor:eigor instead of org.springframework.boot:spring-boot-starter-parent, please verify your project structure @ it.infocert.eigor:eigor-parent:0.0.7-SNAPSHOT, C:\Users\danidemi\workspace\repos\infocert\eigor\eigor-parent\pom.xml, line 5, column 13
[WARNING] 
[WARNING] Some problems were encountered while building the effective model for it.infocert.eigor:eigor-test:jar:0.0.7-SNAPSHOT
[WARNING] 'parent.relativePath' of POM it.infocert.eigor:eigor-parent:0.0.7-SNAPSHOT (C:\Users\danidemi\workspace\repos\infocert\eigor\eigor-parent\pom.xml) points at it.infocert.eigor:eigor instead of org.springframework.boot:spring-boot-starter-parent, please verify your project structure @ it.infocert.eigor:eigor-parent:0.0.7-SNAPSHOT, C:\Users\danidemi\workspace\repos\infocert\eigor\eigor-parent\pom.xml, line 5, column 13
[WARNING] 
[WARNING] Some problems were encountered while building the effective model for it.infocert.eigor:eigor-api:jar:0.0.7-SNAPSHOT
[WARNING] 'parent.relativePath' of POM it.infocert.eigor:eigor-parent:0.0.7-SNAPSHOT (C:\Users\danidemi\workspace\repos\infocert\eigor\eigor-parent\pom.xml) points at it.infocert.eigor:eigor instead of org.springframework.boot:spring-boot-starter-parent, please verify your project structure @ it.infocert.eigor:eigor-parent:0.0.7-SNAPSHOT, C:\Users\danidemi\workspace\repos\infocert\eigor\eigor-parent\pom.xml, line 5, column 13
[WARNING] 
[WARNING] Some problems were encountered while building the effective model for it.infocert.eigor:eigor-rules:jar:0.0.7-SNAPSHOT
[WARNING] 'parent.relativePath' of POM it.infocert.eigor:eigor-parent:0.0.7-SNAPSHOT (C:\Users\danidemi\workspace\repos\infocert\eigor\eigor-parent\pom.xml) points at it.infocert.eigor:eigor instead of org.springframework.boot:spring-boot-starter-parent, please verify your project structure @ it.infocert.eigor:eigor-parent:0.0.7-SNAPSHOT, C:\Users\danidemi\workspace\repos\infocert\eigor\eigor-parent\pom.xml, line 5, column 13
[WARNING] 
[WARNING] Some problems were encountered while building the effective model for it.infocert.eigor:converter-csvcen-cen:jar:0.0.7-SNAPSHOT
[WARNING] 'parent.relativePath' of POM it.infocert.eigor:eigor-parent:0.0.7-SNAPSHOT (C:\Users\danidemi\workspace\repos\infocert\eigor\eigor-parent\pom.xml) points at it.infocert.eigor:eigor instead of org.springframework.boot:spring-boot-starter-parent, please verify your project structure @ it.infocert.eigor:eigor-parent:0.0.7-SNAPSHOT, C:\Users\danidemi\workspace\repos\infocert\eigor\eigor-parent\pom.xml, line 5, column 13
[WARNING] 
[WARNING] Some problems were encountered while building the effective model for it.infocert.eigor:converter-ubl-cen:jar:0.0.7-SNAPSHOT
[WARNING] 'parent.relativePath' of POM it.infocert.eigor:eigor-parent:0.0.7-SNAPSHOT (C:\Users\danidemi\workspace\repos\infocert\eigor\eigor-parent\pom.xml) points at it.infocert.eigor:eigor instead of org.springframework.boot:spring-boot-starter-parent, please verify your project structure @ it.infocert.eigor:eigor-parent:0.0.7-SNAPSHOT, C:\Users\danidemi\workspace\repos\infocert\eigor\eigor-parent\pom.xml, line 5, column 13
[WARNING] 
[WARNING] It is highly recommended to fix these problems because they threaten the stability of your build.
[WARNING] 
[WARNING] For this reason, future Maven versions might no longer support building such malformed projects.
[WARNING] 
[INFO] ------------------------------------------------------------------------
[INFO] Reactor Build Order:
[INFO] 
[INFO] Eigor
[INFO] ph-sch2xslt-maven-plugin
[INFO] cen-core
[INFO] Eigor :: Test :: Invoices
[INFO] Eigor :: API
[INFO] Eigor :: Converter :: FattPA - CEN
[INFO] Eigor :: Converter :: CEN/CSV - CEN
[INFO] Eigor :: Converter :: CEN - FattPA
[INFO] Eigor :: Converter :: UBL - CEN
[INFO] Eigor :: Rules
[INFO] Eigor :: CLI :: Client
[INFO] Eigor
[INFO]                                                                         
[INFO] ------------------------------------------------------------------------
[INFO] Building Eigor 0.0.7-SNAPSHOT
[INFO] ------------------------------------------------------------------------
[INFO] 
[INFO] --- maven-toolchains-plugin:1.1:toolchain (default) @ eigor-parent ---
[INFO] Required toolchain: jdk [ version='[1.7,1.8)' ]
[INFO] Found matching toolchain for type jdk: JDK[C:\Program Files\Java\jdk1.7.0_80]
[INFO] 
[INFO] --- build-helper-maven-plugin:3.0.0:add-test-source (add-integration-test-sources) @ eigor-parent ---
[INFO] Test Source directory: C:\Users\danidemi\workspace\repos\infocert\eigor\eigor-parent\src\integration-test\java added.
[INFO] 
[INFO] --- build-helper-maven-plugin:3.0.0:add-test-resource (add-integration-test-resources) @ eigor-parent ---
[INFO] 
[INFO] --- maven-site-plugin:3.5.1:site (default-site) @ eigor-parent ---
[INFO] configuring report plugin org.apache.maven.plugins:maven-project-info-reports-plugin:2.9
[WARNING] Unable to find a URL to the parent project. The parent menu will NOT be added.
[INFO] Relativizing decoration links with respect to localized project URL: http://projects.spring.io/spring-boot/eigor-parent/
[INFO] Rendering site with org.apache.maven.skins:maven-default-skin:jar:1.2 skin.
[INFO] Generating "Dependencies" report         --- maven-project-info-reports-plugin:2.9:dependencies
[INFO] Generating "Dependency Convergence" report --- maven-project-info-reports-plugin:2.9:dependency-convergence
[INFO] Generating "About" report                --- maven-project-info-reports-plugin:2.9:index
[INFO]                                                                         
[INFO] ------------------------------------------------------------------------
[INFO] Building ph-sch2xslt-maven-plugin 0.0.7-SNAPSHOT
[INFO] ------------------------------------------------------------------------
[INFO] 
[INFO] --- maven-toolchains-plugin:1.1:toolchain (default) @ ph-sch2xslt-maven-plugin ---
[INFO] Required toolchain: jdk [ version='[1.7,1.8)' ]
[INFO] Found matching toolchain for type jdk: JDK[C:\Program Files\Java\jdk1.7.0_80]
[INFO] 
[INFO] --- maven-plugin-plugin:3.4:helpmojo (help-goal) @ ph-sch2xslt-maven-plugin ---
[INFO] Using 'UTF-8' encoding to read mojo metadata.
[INFO] Mojo extractor with id: java-javadoc found 2 mojo descriptors.
[INFO] Mojo extractor with id: java-annotations found 0 mojo descriptors.
[INFO] 
[INFO] --- maven-resources-plugin:2.6:resources (default-resources) @ ph-sch2xslt-maven-plugin ---
[INFO] Using 'UTF-8' encoding to copy filtered resources.
[INFO] Copying 0 resource
[INFO] Copying 2 resources
[INFO] 
[INFO] --- maven-compiler-plugin:3.6.1:compile (default-compile) @ ph-sch2xslt-maven-plugin ---
[INFO] Toolchain in maven-compiler-plugin: JDK[C:\Program Files\Java\jdk1.7.0_80]
[INFO] Changes detected - recompiling the module!
[INFO] Compiling 5 source files to C:\Users\danidemi\workspace\repos\infocert\eigor\ph-sch2xslt-maven-plugin\target\classes
[INFO] 
[INFO] --- maven-plugin-plugin:3.4:descriptor (default-descriptor) @ ph-sch2xslt-maven-plugin ---
[INFO] Using 'UTF-8' encoding to read mojo metadata.
[INFO] Mojo extractor with id: java-javadoc found 2 mojo descriptors.
[INFO] Mojo extractor with id: java-annotations found 0 mojo descriptors.
[INFO] 
[INFO] --- maven-plugin-plugin:3.4:descriptor (mojo-descriptor) @ ph-sch2xslt-maven-plugin ---
[INFO] Using 'UTF-8' encoding to read mojo metadata.
[INFO] Mojo extractor with id: java-javadoc found 2 mojo descriptors.
[INFO] Mojo extractor with id: java-annotations found 0 mojo descriptors.
[INFO] 
[INFO] --- build-helper-maven-plugin:3.0.0:add-test-source (add-integration-test-sources) @ ph-sch2xslt-maven-plugin ---
[INFO] Test Source directory: C:\Users\danidemi\workspace\repos\infocert\eigor\ph-sch2xslt-maven-plugin\src\integration-test\java added.
[INFO] 
[INFO] --- build-helper-maven-plugin:3.0.0:add-test-resource (add-integration-test-resources) @ ph-sch2xslt-maven-plugin ---
[INFO] 
[INFO] --- maven-resources-plugin:2.6:testResources (default-testResources) @ ph-sch2xslt-maven-plugin ---
[INFO] Using 'UTF-8' encoding to copy filtered resources.
[INFO] skip non existing resourceDirectory C:\Users\danidemi\workspace\repos\infocert\eigor\ph-sch2xslt-maven-plugin\src\test\resources
[INFO] skip non existing resourceDirectory C:\Users\danidemi\workspace\repos\infocert\eigor\ph-sch2xslt-maven-plugin\src\integration-test\resources
[INFO] 
[INFO] --- maven-compiler-plugin:3.6.1:testCompile (default-testCompile) @ ph-sch2xslt-maven-plugin ---
[INFO] Toolchain in maven-compiler-plugin: JDK[C:\Program Files\Java\jdk1.7.0_80]
[INFO] No sources to compile
[INFO] 
[INFO] --- maven-surefire-plugin:2.20:test (default-test) @ ph-sch2xslt-maven-plugin ---
[INFO] Toolchain in maven-surefire-plugin: JDK[C:\Program Files\Java\jdk1.7.0_80]
[INFO] No tests to run.
[INFO] 
[INFO] --- maven-jar-plugin:2.6:jar (default-jar) @ ph-sch2xslt-maven-plugin ---
[INFO] Building jar: C:\Users\danidemi\workspace\repos\infocert\eigor\ph-sch2xslt-maven-plugin\target\ph-sch2xslt-maven-plugin-0.0.7-SNAPSHOT.jar
[INFO] 
[INFO] --- maven-plugin-plugin:3.4:addPluginArtifactMetadata (default-addPluginArtifactMetadata) @ ph-sch2xslt-maven-plugin ---
[INFO] 
[INFO] --- maven-site-plugin:3.5.1:site (default-site) @ ph-sch2xslt-maven-plugin ---
[INFO] configuring report plugin org.apache.maven.plugins:maven-project-info-reports-plugin:2.9
[INFO] configuring report plugin org.apache.maven.plugins:maven-plugin-plugin:3.4
[INFO] preparing 'report' report requires 'process-classes' forked phase execution
[INFO] 
[INFO] >>> maven-plugin-plugin:3.4:report > process-classes @ ph-sch2xslt-maven-plugin >>>
[INFO] 
[INFO] --- maven-toolchains-plugin:1.1:toolchain (default) @ ph-sch2xslt-maven-plugin ---
[INFO] Required toolchain: jdk [ version='[1.7,1.8)' ]
[INFO] Found matching toolchain for type jdk: JDK[C:\Program Files\Java\jdk1.7.0_80]
[INFO] 
[INFO] --- maven-plugin-plugin:3.4:helpmojo (help-goal) @ ph-sch2xslt-maven-plugin ---
[INFO] Using 'UTF-8' encoding to read mojo metadata.
[INFO] Mojo extractor with id: java-javadoc found 2 mojo descriptors.
[INFO] Mojo extractor with id: java-annotations found 0 mojo descriptors.
[INFO] 
[INFO] --- maven-resources-plugin:2.6:resources (default-resources) @ ph-sch2xslt-maven-plugin ---
[INFO] Using 'UTF-8' encoding to copy filtered resources.
[INFO] Copying 0 resource
[INFO] Copying 2 resources
[INFO] 
[INFO] --- maven-compiler-plugin:3.6.1:compile (default-compile) @ ph-sch2xslt-maven-plugin ---
[INFO] Toolchain in maven-compiler-plugin: JDK[C:\Program Files\Java\jdk1.7.0_80]
[INFO] Changes detected - recompiling the module!
[INFO] Compiling 5 source files to C:\Users\danidemi\workspace\repos\infocert\eigor\ph-sch2xslt-maven-plugin\target\classes
[INFO] 
[INFO] --- maven-plugin-plugin:3.4:descriptor (default-descriptor) @ ph-sch2xslt-maven-plugin ---
[INFO] Using 'UTF-8' encoding to read mojo metadata.
[INFO] Mojo extractor with id: java-javadoc found 2 mojo descriptors.
[INFO] Mojo extractor with id: java-annotations found 0 mojo descriptors.
[INFO] 
[INFO] --- maven-plugin-plugin:3.4:descriptor (mojo-descriptor) @ ph-sch2xslt-maven-plugin ---
[INFO] Using 'UTF-8' encoding to read mojo metadata.
[INFO] Mojo extractor with id: java-javadoc found 2 mojo descriptors.
[INFO] Mojo extractor with id: java-annotations found 0 mojo descriptors.
[INFO] 
[INFO] <<< maven-plugin-plugin:3.4:report < process-classes @ ph-sch2xslt-maven-plugin <<<
[INFO] Relativizing decoration links with respect to localized project URL: http://projects.spring.io/spring-boot/eigor-parent/ph-sch2xslt-maven-plugin/
[INFO] Rendering site with org.apache.maven.skins:maven-default-skin:jar:1.2 skin.
[INFO] Rendering 2 Doxia documents: 2 xdoc
[INFO] Generating "Dependencies" report         --- maven-project-info-reports-plugin:2.9:dependencies
[INFO] Generating "Dependency Convergence" report --- maven-project-info-reports-plugin:2.9:dependency-convergence
[INFO] Generating "About" report                --- maven-project-info-reports-plugin:2.9:index
[INFO] Generating "Plugin Documentation" report --- maven-plugin-plugin:3.4:report
[INFO] Mojo extractor with id: java-javadoc found 2 mojo descriptors.
[INFO] Mojo extractor with id: java-annotations found 0 mojo descriptors.
[INFO] Rendering 2 generated Doxia documents: 2 xdoc
[INFO]                                                                         
[INFO] ------------------------------------------------------------------------
[INFO] Building cen-core 0.0.7-SNAPSHOT
[INFO] ------------------------------------------------------------------------
[INFO] 
[INFO] --- maven-toolchains-plugin:1.1:toolchain (default) @ cen-core ---
[INFO] Required toolchain: jdk [ version='[1.7,1.8)' ]
[INFO] Found matching toolchain for type jdk: JDK[C:\Program Files\Java\jdk1.7.0_80]
[INFO] 
[INFO] --- template-generator-maven-plugin:0.0.7:generate (generate-country-codes) @ cen-core ---
[info] Using CSV: 'C:\Users\danidemi\workspace\repos\infocert\eigor\cen-core/src/main/resources/TemplateFiles/CountryCodes/countrycodes.csv'
[info] Using template: 'C:\Users\danidemi\workspace\repos\infocert\eigor\cen-core/src/main/resources/TemplateFiles/CountryCodes/CountryCodesTemplate.java.vm'
[info] Include all rows.
[info] Context mode: 'ONE_CONTEXT_PER_CSV'
[info] Output folder: 'C:\Users\danidemi\workspace\repos\infocert\eigor\cen-core\target/generated-sources/fromcsv'
[info] Output file: 'it/infocert/eigor/model/core/enums/Iso31661CountryCodes.java'
[info] Include all contexts.
[info] New context.
[info] Generated file: it/infocert/eigor/model/core/enums/Iso31661CountryCodes.java
[info] File C:\Users\danidemi\workspace\repos\infocert\eigor\cen-core\target\generated-sources\fromcsv\it\infocert\eigor\model\core\enums\Iso31661CountryCodes.java already exists, newer than template, skipping.
[INFO] 
[INFO] --- template-generator-maven-plugin:0.0.7:generate (generate-untdid-4451) @ cen-core ---
[info] Using CSV: 'C:\Users\danidemi\workspace\repos\infocert\eigor\cen-core/src/main/resources/TemplateFiles/UNTDID4451/UNTDID-4451.csv'
[info] Using template: 'C:\Users\danidemi\workspace\repos\infocert\eigor\cen-core/src/main/resources/TemplateFiles/UNTDID4451/Untdid4451InvoiceNoteSubjectCode.java.vm'
[info] Include all rows.
[info] Context mode: 'ONE_CONTEXT_PER_CSV'
[info] Output folder: 'C:\Users\danidemi\workspace\repos\infocert\eigor\cen-core\target/generated-sources/fromcsv'
[info] Output file: 'it/infocert/eigor/model/core/enums/Untdid4451InvoiceNoteSubjectCode.java'
[info] Include all contexts.
[info] New context.
[info] Generated file: it/infocert/eigor/model/core/enums/Untdid4451InvoiceNoteSubjectCode.java
[info] File C:\Users\danidemi\workspace\repos\infocert\eigor\cen-core\target\generated-sources\fromcsv\it\infocert\eigor\model\core\enums\Untdid4451InvoiceNoteSubjectCode.java already exists, newer than template, skipping.
[INFO] 
[INFO] --- template-generator-maven-plugin:0.0.7:generate (generate-untdid-1001) @ cen-core ---
[info] Using CSV: 'C:\Users\danidemi\workspace\repos\infocert\eigor\cen-core/src/main/resources/TemplateFiles/UNTDID1001/UNTDID-1001.csv'
[info] Using template: 'C:\Users\danidemi\workspace\repos\infocert\eigor\cen-core/src/main/resources/TemplateFiles/UNTDID1001/Untdid1001InvoiceTypeCode.java.vm'
[info] Include all rows.
[info] Context mode: 'ONE_CONTEXT_PER_CSV'
[info] Output folder: 'C:\Users\danidemi\workspace\repos\infocert\eigor\cen-core\target/generated-sources/fromcsv'
[info] Output file: 'it/infocert/eigor/model/core/enums/Untdid1001InvoiceTypeCode.java'
[info] Include all contexts.
[info] New context.
[info] Generated file: it/infocert/eigor/model/core/enums/Untdid1001InvoiceTypeCode.java
[info] File C:\Users\danidemi\workspace\repos\infocert\eigor\cen-core\target\generated-sources\fromcsv\it\infocert\eigor\model\core\enums\Untdid1001InvoiceTypeCode.java already exists, newer than template, skipping.
[INFO] 
[INFO] --- template-generator-maven-plugin:0.0.7:generate (generate-untdid-4461) @ cen-core ---
[info] Using CSV: 'C:\Users\danidemi\workspace\repos\infocert\eigor\cen-core/src/main/resources/TemplateFiles/UNTDID4461/UNTDID-4461.csv'
[info] Using template: 'C:\Users\danidemi\workspace\repos\infocert\eigor\cen-core/src/main/resources/TemplateFiles/UNTDID4461/Untdid4461PaymentMeansCode.java.vm'
[info] Include all rows.
[info] Context mode: 'ONE_CONTEXT_PER_CSV'
[info] Output folder: 'C:\Users\danidemi\workspace\repos\infocert\eigor\cen-core\target/generated-sources/fromcsv'
[info] Output file: 'it/infocert/eigor/model/core/enums/Untdid4461PaymentMeansCode.java'
[info] Include all contexts.
[info] New context.
[info] Generated file: it/infocert/eigor/model/core/enums/Untdid4461PaymentMeansCode.java
[info] File C:\Users\danidemi\workspace\repos\infocert\eigor\cen-core\target\generated-sources\fromcsv\it\infocert\eigor\model\core\enums\Untdid4461PaymentMeansCode.java already exists, newer than template, skipping.
[INFO] 
[INFO] --- template-generator-maven-plugin:0.0.7:generate (generate-untdid-5305) @ cen-core ---
[info] Using CSV: 'C:\Users\danidemi\workspace\repos\infocert\eigor\cen-core/src/main/resources/TemplateFiles/UNTDID5305/UNTDID-5305.csv'
[info] Using template: 'C:\Users\danidemi\workspace\repos\infocert\eigor\cen-core/src/main/resources/TemplateFiles/UNTDID5305/Untdid5305DutyTaxFeeCategories.java.vm'
[info] Include all rows.
[info] Context mode: 'ONE_CONTEXT_PER_CSV'
[info] Output folder: 'C:\Users\danidemi\workspace\repos\infocert\eigor\cen-core\target/generated-sources/fromcsv'
[info] Output file: 'it/infocert/eigor/model/core/enums/Untdid5305DutyTaxFeeCategories.java'
[info] Include all contexts.
[info] New context.
[info] Generated file: it/infocert/eigor/model/core/enums/Untdid5305DutyTaxFeeCategories.java
[info] File C:\Users\danidemi\workspace\repos\infocert\eigor\cen-core\target\generated-sources\fromcsv\it\infocert\eigor\model\core\enums\Untdid5305DutyTaxFeeCategories.java already exists, newer than template, skipping.
[INFO] 
[INFO] --- template-generator-maven-plugin:0.0.7:generate (generate-untdid-7161) @ cen-core ---
[info] Using CSV: 'C:\Users\danidemi\workspace\repos\infocert\eigor\cen-core/src/main/resources/TemplateFiles/UNTDID7161/UNTDID-7161.csv'
[info] Using template: 'C:\Users\danidemi\workspace\repos\infocert\eigor\cen-core/src/main/resources/TemplateFiles/UNTDID7161/Untdid7161SpecialServicesCodes.java.vm'
[info] Include all rows.
[info] Context mode: 'ONE_CONTEXT_PER_CSV'
[info] Output folder: 'C:\Users\danidemi\workspace\repos\infocert\eigor\cen-core\target/generated-sources/fromcsv'
[info] Output file: 'it/infocert/eigor/model/core/enums/Untdid7161SpecialServicesCodes.java'
[info] Include all contexts.
[info] New context.
[info] Generated file: it/infocert/eigor/model/core/enums/Untdid7161SpecialServicesCodes.java
[info] File C:\Users\danidemi\workspace\repos\infocert\eigor\cen-core\target\generated-sources\fromcsv\it\infocert\eigor\model\core\enums\Untdid7161SpecialServicesCodes.java already exists, newer than template, skipping.
[INFO] 
[INFO] --- template-generator-maven-plugin:0.0.7:generate (generate-vat-exemption-reasons-codes) @ cen-core ---
[info] Using CSV: 'C:\Users\danidemi\workspace\repos\infocert\eigor\cen-core/src/main/resources/TemplateFiles/VatExemptionReasons/VatExemptionReasonsCodes.csv'
[info] Using template: 'C:\Users\danidemi\workspace\repos\infocert\eigor\cen-core/src/main/resources/TemplateFiles/VatExemptionReasons/VatExemptionReasonsCodes.java.vm'
[info] Include all rows.
[info] Context mode: 'ONE_CONTEXT_PER_CSV'
[info] Output folder: 'C:\Users\danidemi\workspace\repos\infocert\eigor\cen-core\target/generated-sources/fromcsv'
[info] Output file: 'it/infocert/eigor/model/core/enums/VatExemptionReasonsCodes.java'
[info] Include all contexts.
[info] New context.
[info] Generated file: it/infocert/eigor/model/core/enums/VatExemptionReasonsCodes.java
[info] File C:\Users\danidemi\workspace\repos\infocert\eigor\cen-core\target\generated-sources\fromcsv\it\infocert\eigor\model\core\enums\VatExemptionReasonsCodes.java already exists, newer than template, skipping.
[INFO] 
[INFO] --- template-generator-maven-plugin:0.0.7:generate (generate-untdid-5189) @ cen-core ---
[info] Using CSV: 'C:\Users\danidemi\workspace\repos\infocert\eigor\cen-core/src/main/resources/TemplateFiles/UNTDID5189/UNTDID-5189.csv'
[info] Using template: 'C:\Users\danidemi\workspace\repos\infocert\eigor\cen-core/src/main/resources/TemplateFiles/UNTDID5189/Untdid5189ChargeAllowanceDescriptionCodes.java.vm'
[info] Include all rows.
[info] Context mode: 'ONE_CONTEXT_PER_CSV'
[info] Output folder: 'C:\Users\danidemi\workspace\repos\infocert\eigor\cen-core\target/generated-sources/fromcsv'
[info] Output file: 'it/infocert/eigor/model/core/enums/Untdid5189ChargeAllowanceDescriptionCodes.java'
[info] Include all contexts.
[info] New context.
[info] Generated file: it/infocert/eigor/model/core/enums/Untdid5189ChargeAllowanceDescriptionCodes.java
[info] File C:\Users\danidemi\workspace\repos\infocert\eigor\cen-core\target\generated-sources\fromcsv\it\infocert\eigor\model\core\enums\Untdid5189ChargeAllowanceDescriptionCodes.java already exists, newer than template, skipping.
[INFO] 
[INFO] --- template-generator-maven-plugin:0.0.7:generate (generate-iso-4217) @ cen-core ---
[info] Using CSV: 'C:\Users\danidemi\workspace\repos\infocert\eigor\cen-core/src/main/resources/TemplateFiles/ISO4217/ISO4217CurrenciesFundsCodes.csv'
[info] Using template: 'C:\Users\danidemi\workspace\repos\infocert\eigor\cen-core/src/main/resources/TemplateFiles/ISO4217/Iso4217CurrenciesFundsCodes.java.vm'
[info] Include all rows.
[info] Context mode: 'ONE_CONTEXT_PER_CSV'
[info] Output folder: 'C:\Users\danidemi\workspace\repos\infocert\eigor\cen-core\target/generated-sources/fromcsv'
[info] Output file: 'it/infocert/eigor/model/core/enums/Iso4217CurrenciesFundsCodes.java'
[info] Include all contexts.
[info] New context.
[info] Generated file: it/infocert/eigor/model/core/enums/Iso4217CurrenciesFundsCodes.java
[info] File C:\Users\danidemi\workspace\repos\infocert\eigor\cen-core\target\generated-sources\fromcsv\it\infocert\eigor\model\core\enums\Iso4217CurrenciesFundsCodes.java already exists, newer than template, skipping.
[INFO] 
[INFO] --- template-generator-maven-plugin:0.0.7:generate (generate-untdid-2005) @ cen-core ---
[info] Using CSV: 'C:\Users\danidemi\workspace\repos\infocert\eigor\cen-core/src/main/resources/TemplateFiles/UNTDID2005/UNTDID-2005.csv'
[info] Using template: 'C:\Users\danidemi\workspace\repos\infocert\eigor\cen-core/src/main/resources/TemplateFiles/UNTDID2005/Untdid2005DateTimePeriodQualifiers.java.vm'
[info] Include all rows.
[info] Context mode: 'ONE_CONTEXT_PER_CSV'
[info] Output folder: 'C:\Users\danidemi\workspace\repos\infocert\eigor\cen-core\target/generated-sources/fromcsv'
[info] Output file: 'it/infocert/eigor/model/core/enums/Untdid2005DateTimePeriodQualifiers.java'
[info] Include all contexts.
[info] New context.
[info] Generated file: it/infocert/eigor/model/core/enums/Untdid2005DateTimePeriodQualifiers.java
[info] File C:\Users\danidemi\workspace\repos\infocert\eigor\cen-core\target\generated-sources\fromcsv\it\infocert\eigor\model\core\enums\Untdid2005DateTimePeriodQualifiers.java already exists, newer than template, skipping.
[INFO] 
[INFO] --- template-generator-maven-plugin:0.0.7:generate (generate-unit-of-measure) @ cen-core ---
[info] Using CSV: 'C:\Users\danidemi\workspace\repos\infocert\eigor\cen-core/src/main/resources/TemplateFiles/UnitsOfMeasure/UnitsOfMeasureCodes.csv'
[info] Using template: 'C:\Users\danidemi\workspace\repos\infocert\eigor\cen-core/src/main/resources/TemplateFiles/UnitsOfMeasure/UnitsOfMeasureCodes.java.vm'
[info] Include all rows.
[info] Context mode: 'ONE_CONTEXT_PER_CSV'
[info] Output folder: 'C:\Users\danidemi\workspace\repos\infocert\eigor\cen-core\target/generated-sources/fromcsv'
[info] Output file: 'it/infocert/eigor/model/core/enums/UnitOfMeasureCodes.java'
[info] Include all contexts.
[info] New context.
[info] Generated file: it/infocert/eigor/model/core/enums/UnitOfMeasureCodes.java
[info] File C:\Users\danidemi\workspace\repos\infocert\eigor\cen-core\target\generated-sources\fromcsv\it\infocert\eigor\model\core\enums\UnitOfMeasureCodes.java already exists, newer than template, skipping.
[INFO] 
[INFO] --- template-generator-maven-plugin:0.0.7:generate (generate-untdid-1153) @ cen-core ---
[info] Using CSV: 'C:\Users\danidemi\workspace\repos\infocert\eigor\cen-core/src/main/resources/TemplateFiles/UNTDID1153/UNTDID-1153.csv'
[info] Using template: 'C:\Users\danidemi\workspace\repos\infocert\eigor\cen-core/src/main/resources/TemplateFiles/UNTDID1153/Untdid1153ReferenceQualifierCode.java.vm'
[info] Include all rows.
[info] Context mode: 'ONE_CONTEXT_PER_CSV'
[info] Output folder: 'C:\Users\danidemi\workspace\repos\infocert\eigor\cen-core\target/generated-sources/fromcsv'
[info] Output file: 'it/infocert/eigor/model/core/enums/Untdid1153ReferenceQualifierCode.java'
[info] Include all contexts.
[info] New context.
[info] Generated file: it/infocert/eigor/model/core/enums/Untdid1153ReferenceQualifierCode.java
[info] File C:\Users\danidemi\workspace\repos\infocert\eigor\cen-core\target\generated-sources\fromcsv\it\infocert\eigor\model\core\enums\Untdid1153ReferenceQualifierCode.java already exists, newer than template, skipping.
[INFO] 
[INFO] --- template-generator-maven-plugin:0.0.7:generate (generate-bts) @ cen-core ---
[info] Using CSV: 'C:\Users\danidemi\workspace\repos\infocert\eigor\cen-core/src/main/resources/TemplateFiles/BTs/BTsAndBGs.csv'
[info] Using template: 'C:\Users\danidemi\workspace\repos\infocert\eigor\cen-core/src/main/resources/TemplateFiles/BTs/BT.java.vm'
[info] Include all rows.
[info] Context mode: 'ONE_CONTEXT_PER_LINE'
[info] Output folder: 'C:\Users\danidemi\workspace\repos\infocert\eigor\cen-core\target/generated-sources/fromcsv'
[info] Output file: 'it/infocert/eigor/model/core/model/${rows[0].data.BTBGClassName}.java'
[info] Include only contexts satisfying: '${rows[0].data.BTBGClassName.startsWith("BT")}'
[info] New context.
[info] Generated file: it/infocert/eigor/model/core/model/BG0000Invoice.java
[info] File C:\Users\danidemi\workspace\repos\infocert\eigor\cen-core\target\generated-sources\fromcsv\it\infocert\eigor\model\core\model\BG0000Invoice.java already exists, newer than template, skipping.
[info] New context.
[info] Generated file: it/infocert/eigor/model/core/model/BT0001InvoiceNumber.java
[info] File C:\Users\danidemi\workspace\repos\infocert\eigor\cen-core\target\generated-sources\fromcsv\it\infocert\eigor\model\core\model\BT0001InvoiceNumber.java already exists, newer than template, skipping.
[info] New context.
[info] Generated file: it/infocert/eigor/model/core/model/BT0002InvoiceIssueDate.java
[info] File C:\Users\danidemi\workspace\repos\infocert\eigor\cen-core\target\generated-sources\fromcsv\it\infocert\eigor\model\core\model\BT0002InvoiceIssueDate.java already exists, newer than template, skipping.
[info] New context.
[info] Generated file: it/infocert/eigor/model/core/model/BT0003InvoiceTypeCode.java
[info] File C:\Users\danidemi\workspace\repos\infocert\eigor\cen-core\target\generated-sources\fromcsv\it\infocert\eigor\model\core\model\BT0003InvoiceTypeCode.java already exists, newer than template, skipping.
[info] New context.
[info] Generated file: it/infocert/eigor/model/core/model/BT0005InvoiceCurrencyCode.java
[info] File C:\Users\danidemi\workspace\repos\infocert\eigor\cen-core\target\generated-sources\fromcsv\it\infocert\eigor\model\core\model\BT0005InvoiceCurrencyCode.java already exists, newer than template, skipping.
[info] New context.
[info] Generated file: it/infocert/eigor/model/core/model/BT0006VatAccountingCurrencyCode.java
[info] File C:\Users\danidemi\workspace\repos\infocert\eigor\cen-core\target\generated-sources\fromcsv\it\infocert\eigor\model\core\model\BT0006VatAccountingCurrencyCode.java already exists, newer than template, skipping.
[info] New context.
[info] Generated file: it/infocert/eigor/model/core/model/BT0007ValueAddedTaxPointDate.java
[info] File C:\Users\danidemi\workspace\repos\infocert\eigor\cen-core\target\generated-sources\fromcsv\it\infocert\eigor\model\core\model\BT0007ValueAddedTaxPointDate.java already exists, newer than template, skipping.
[info] New context.
[info] Generated file: it/infocert/eigor/model/core/model/BT0008ValueAddedTaxPointDateCode.java
[info] File C:\Users\danidemi\workspace\repos\infocert\eigor\cen-core\target\generated-sources\fromcsv\it\infocert\eigor\model\core\model\BT0008ValueAddedTaxPointDateCode.java already exists, newer than template, skipping.
[info] New context.
[info] Generated file: it/infocert/eigor/model/core/model/BT0009PaymentDueDate.java
[info] File C:\Users\danidemi\workspace\repos\infocert\eigor\cen-core\target\generated-sources\fromcsv\it\infocert\eigor\model\core\model\BT0009PaymentDueDate.java already exists, newer than template, skipping.
[info] New context.
[info] Generated file: it/infocert/eigor/model/core/model/BT0010BuyerReference.java
[info] File C:\Users\danidemi\workspace\repos\infocert\eigor\cen-core\target\generated-sources\fromcsv\it\infocert\eigor\model\core\model\BT0010BuyerReference.java already exists, newer than template, skipping.
[info] New context.
[info] Generated file: it/infocert/eigor/model/core/model/BT0011ProjectReference.java
[info] File C:\Users\danidemi\workspace\repos\infocert\eigor\cen-core\target\generated-sources\fromcsv\it\infocert\eigor\model\core\model\BT0011ProjectReference.java already exists, newer than template, skipping.
[info] New context.
[info] Generated file: it/infocert/eigor/model/core/model/BT0012ContractReference.java
[info] File C:\Users\danidemi\workspace\repos\infocert\eigor\cen-core\target\generated-sources\fromcsv\it\infocert\eigor\model\core\model\BT0012ContractReference.java already exists, newer than template, skipping.
[info] New context.
[info] Generated file: it/infocert/eigor/model/core/model/BT0013PurchaseOrderReference.java
[info] File C:\Users\danidemi\workspace\repos\infocert\eigor\cen-core\target\generated-sources\fromcsv\it\infocert\eigor\model\core\model\BT0013PurchaseOrderReference.java already exists, newer than template, skipping.
[info] New context.
[info] Generated file: it/infocert/eigor/model/core/model/BT0014SalesOrderReference.java
[info] File C:\Users\danidemi\workspace\repos\infocert\eigor\cen-core\target\generated-sources\fromcsv\it\infocert\eigor\model\core\model\BT0014SalesOrderReference.java already exists, newer than template, skipping.
[info] New context.
[info] Generated file: it/infocert/eigor/model/core/model/BT0015ReceivingAdviceReference.java
[info] File C:\Users\danidemi\workspace\repos\infocert\eigor\cen-core\target\generated-sources\fromcsv\it\infocert\eigor\model\core\model\BT0015ReceivingAdviceReference.java already exists, newer than template, skipping.
[info] New context.
[info] Generated file: it/infocert/eigor/model/core/model/BT0016DespatchAdviceReference.java
[info] File C:\Users\danidemi\workspace\repos\infocert\eigor\cen-core\target\generated-sources\fromcsv\it\infocert\eigor\model\core\model\BT0016DespatchAdviceReference.java already exists, newer than template, skipping.
[info] New context.
[info] Generated file: it/infocert/eigor/model/core/model/BT0017TenderOrLotReference.java
[info] File C:\Users\danidemi\workspace\repos\infocert\eigor\cen-core\target\generated-sources\fromcsv\it\infocert\eigor\model\core\model\BT0017TenderOrLotReference.java already exists, newer than template, skipping.
[info] New context.
[info] Generated file: it/infocert/eigor/model/core/model/BT0018InvoicedObjectIdentifierAndSchemeIdentifier.java
[info] File C:\Users\danidemi\workspace\repos\infocert\eigor\cen-core\target\generated-sources\fromcsv\it\infocert\eigor\model\core\model\BT0018InvoicedObjectIdentifierAndSchemeIdentifier.java already exists, newer than template, skipping.
[info] New context.
[info] Generated file: it/infocert/eigor/model/core/model/BT0019BuyerAccountingReference.java
[info] File C:\Users\danidemi\workspace\repos\infocert\eigor\cen-core\target\generated-sources\fromcsv\it\infocert\eigor\model\core\model\BT0019BuyerAccountingReference.java already exists, newer than template, skipping.
[info] New context.
[info] Generated file: it/infocert/eigor/model/core/model/BT0020PaymentTerms.java
[info] File C:\Users\danidemi\workspace\repos\infocert\eigor\cen-core\target\generated-sources\fromcsv\it\infocert\eigor\model\core\model\BT0020PaymentTerms.java already exists, newer than template, skipping.
[info] New context.
[info] Generated file: it/infocert/eigor/model/core/model/BG0001InvoiceNote.java
[info] File C:\Users\danidemi\workspace\repos\infocert\eigor\cen-core\target\generated-sources\fromcsv\it\infocert\eigor\model\core\model\BG0001InvoiceNote.java already exists, newer than template, skipping.
[info] New context.
[info] Generated file: it/infocert/eigor/model/core/model/BT0021InvoiceNoteSubjectCode.java
[info] File C:\Users\danidemi\workspace\repos\infocert\eigor\cen-core\target\generated-sources\fromcsv\it\infocert\eigor\model\core\model\BT0021InvoiceNoteSubjectCode.java already exists, newer than template, skipping.
[info] New context.
[info] Generated file: it/infocert/eigor/model/core/model/BT0022InvoiceNote.java
[info] File C:\Users\danidemi\workspace\repos\infocert\eigor\cen-core\target\generated-sources\fromcsv\it\infocert\eigor\model\core\model\BT0022InvoiceNote.java already exists, newer than template, skipping.
[info] New context.
[info] Generated file: it/infocert/eigor/model/core/model/BG0002ProcessControl.java
[info] File C:\Users\danidemi\workspace\repos\infocert\eigor\cen-core\target\generated-sources\fromcsv\it\infocert\eigor\model\core\model\BG0002ProcessControl.java already exists, newer than template, skipping.
[info] New context.
[info] Generated file: it/infocert/eigor/model/core/model/BT0023BusinessProcessType.java
[info] File C:\Users\danidemi\workspace\repos\infocert\eigor\cen-core\target\generated-sources\fromcsv\it\infocert\eigor\model\core\model\BT0023BusinessProcessType.java already exists, newer than template, skipping.
[info] New context.
[info] Generated file: it/infocert/eigor/model/core/model/BT0024SpecificationIdentifier.java
[info] File C:\Users\danidemi\workspace\repos\infocert\eigor\cen-core\target\generated-sources\fromcsv\it\infocert\eigor\model\core\model\BT0024SpecificationIdentifier.java already exists, newer than template, skipping.
[info] New context.
[info] Generated file: it/infocert/eigor/model/core/model/BG0003PrecedingInvoiceReference.java
[info] File C:\Users\danidemi\workspace\repos\infocert\eigor\cen-core\target\generated-sources\fromcsv\it\infocert\eigor\model\core\model\BG0003PrecedingInvoiceReference.java already exists, newer than template, skipping.
[info] New context.
[info] Generated file: it/infocert/eigor/model/core/model/BT0025PrecedingInvoiceReference.java
[info] File C:\Users\danidemi\workspace\repos\infocert\eigor\cen-core\target\generated-sources\fromcsv\it\infocert\eigor\model\core\model\BT0025PrecedingInvoiceReference.java already exists, newer than template, skipping.
[info] New context.
[info] Generated file: it/infocert/eigor/model/core/model/BT0026PrecedingInvoiceIssueDate.java
[info] File C:\Users\danidemi\workspace\repos\infocert\eigor\cen-core\target\generated-sources\fromcsv\it\infocert\eigor\model\core\model\BT0026PrecedingInvoiceIssueDate.java already exists, newer than template, skipping.
[info] New context.
[info] Generated file: it/infocert/eigor/model/core/model/BG0004Seller.java
[info] File C:\Users\danidemi\workspace\repos\infocert\eigor\cen-core\target\generated-sources\fromcsv\it\infocert\eigor\model\core\model\BG0004Seller.java already exists, newer than template, skipping.
[info] New context.
[info] Generated file: it/infocert/eigor/model/core/model/BT0027SellerName.java
[info] File C:\Users\danidemi\workspace\repos\infocert\eigor\cen-core\target\generated-sources\fromcsv\it\infocert\eigor\model\core\model\BT0027SellerName.java already exists, newer than template, skipping.
[info] New context.
[info] Generated file: it/infocert/eigor/model/core/model/BT0028SellerTradingName.java
[info] File C:\Users\danidemi\workspace\repos\infocert\eigor\cen-core\target\generated-sources\fromcsv\it\infocert\eigor\model\core\model\BT0028SellerTradingName.java already exists, newer than template, skipping.
[info] New context.
[info] Generated file: it/infocert/eigor/model/core/model/BT0029SellerIdentifierAndSchemeIdentifier.java
[info] File C:\Users\danidemi\workspace\repos\infocert\eigor\cen-core\target\generated-sources\fromcsv\it\infocert\eigor\model\core\model\BT0029SellerIdentifierAndSchemeIdentifier.java already exists, newer than template, skipping.
[info] New context.
[info] Generated file: it/infocert/eigor/model/core/model/BT0030SellerLegalRegistrationIdentifierAndSchemeIdentifier.java
[info] File C:\Users\danidemi\workspace\repos\infocert\eigor\cen-core\target\generated-sources\fromcsv\it\infocert\eigor\model\core\model\BT0030SellerLegalRegistrationIdentifierAndSchemeIdentifier.java already exists, newer than template, skipping.
[info] New context.
[info] Generated file: it/infocert/eigor/model/core/model/BT0031SellerVatIdentifier.java
[info] File C:\Users\danidemi\workspace\repos\infocert\eigor\cen-core\target\generated-sources\fromcsv\it\infocert\eigor\model\core\model\BT0031SellerVatIdentifier.java already exists, newer than template, skipping.
[info] New context.
[info] Generated file: it/infocert/eigor/model/core/model/BT0032SellerTaxRegistrationIdentifier.java
[info] File C:\Users\danidemi\workspace\repos\infocert\eigor\cen-core\target\generated-sources\fromcsv\it\infocert\eigor\model\core\model\BT0032SellerTaxRegistrationIdentifier.java already exists, newer than template, skipping.
[info] New context.
[info] Generated file: it/infocert/eigor/model/core/model/BT0033SellerAdditionalLegalInformation.java
[info] File C:\Users\danidemi\workspace\repos\infocert\eigor\cen-core\target\generated-sources\fromcsv\it\infocert\eigor\model\core\model\BT0033SellerAdditionalLegalInformation.java already exists, newer than template, skipping.
[info] New context.
[info] Generated file: it/infocert/eigor/model/core/model/BT0034SellerElectronicAddressAndSchemeIdentifier.java
[info] File C:\Users\danidemi\workspace\repos\infocert\eigor\cen-core\target\generated-sources\fromcsv\it\infocert\eigor\model\core\model\BT0034SellerElectronicAddressAndSchemeIdentifier.java already exists, newer than template, skipping.
[info] New context.
[info] Generated file: it/infocert/eigor/model/core/model/BG0005SellerPostalAddress.java
[info] File C:\Users\danidemi\workspace\repos\infocert\eigor\cen-core\target\generated-sources\fromcsv\it\infocert\eigor\model\core\model\BG0005SellerPostalAddress.java already exists, newer than template, skipping.
[info] New context.
[info] Generated file: it/infocert/eigor/model/core/model/BT0035SellerAddressLine1.java
[info] File C:\Users\danidemi\workspace\repos\infocert\eigor\cen-core\target\generated-sources\fromcsv\it\infocert\eigor\model\core\model\BT0035SellerAddressLine1.java already exists, newer than template, skipping.
[info] New context.
[info] Generated file: it/infocert/eigor/model/core/model/BT0036SellerAddressLine2.java
[info] File C:\Users\danidemi\workspace\repos\infocert\eigor\cen-core\target\generated-sources\fromcsv\it\infocert\eigor\model\core\model\BT0036SellerAddressLine2.java already exists, newer than template, skipping.
[info] New context.
[info] Generated file: it/infocert/eigor/model/core/model/BT0162SellerAddressLine3.java
[info] File C:\Users\danidemi\workspace\repos\infocert\eigor\cen-core\target\generated-sources\fromcsv\it\infocert\eigor\model\core\model\BT0162SellerAddressLine3.java already exists, newer than template, skipping.
[info] New context.
[info] Generated file: it/infocert/eigor/model/core/model/BT0037SellerCity.java
[info] File C:\Users\danidemi\workspace\repos\infocert\eigor\cen-core\target\generated-sources\fromcsv\it\infocert\eigor\model\core\model\BT0037SellerCity.java already exists, newer than template, skipping.
[info] New context.
[info] Generated file: it/infocert/eigor/model/core/model/BT0038SellerPostCode.java
[info] File C:\Users\danidemi\workspace\repos\infocert\eigor\cen-core\target\generated-sources\fromcsv\it\infocert\eigor\model\core\model\BT0038SellerPostCode.java already exists, newer than template, skipping.
[info] New context.
[info] Generated file: it/infocert/eigor/model/core/model/BT0039SellerCountrySubdivision.java
[info] File C:\Users\danidemi\workspace\repos\infocert\eigor\cen-core\target\generated-sources\fromcsv\it\infocert\eigor\model\core\model\BT0039SellerCountrySubdivision.java already exists, newer than template, skipping.
[info] New context.
[info] Generated file: it/infocert/eigor/model/core/model/BT0040SellerCountryCode.java
[info] File C:\Users\danidemi\workspace\repos\infocert\eigor\cen-core\target\generated-sources\fromcsv\it\infocert\eigor\model\core\model\BT0040SellerCountryCode.java already exists, newer than template, skipping.
[info] New context.
[info] Generated file: it/infocert/eigor/model/core/model/BG0006SellerContact.java
[info] File C:\Users\danidemi\workspace\repos\infocert\eigor\cen-core\target\generated-sources\fromcsv\it\infocert\eigor\model\core\model\BG0006SellerContact.java already exists, newer than template, skipping.
[info] New context.
[info] Generated file: it/infocert/eigor/model/core/model/BT0041SellerContactPoint.java
[info] File C:\Users\danidemi\workspace\repos\infocert\eigor\cen-core\target\generated-sources\fromcsv\it\infocert\eigor\model\core\model\BT0041SellerContactPoint.java already exists, newer than template, skipping.
[info] New context.
[info] Generated file: it/infocert/eigor/model/core/model/BT0042SellerContactTelephoneNumber.java
[info] File C:\Users\danidemi\workspace\repos\infocert\eigor\cen-core\target\generated-sources\fromcsv\it\infocert\eigor\model\core\model\BT0042SellerContactTelephoneNumber.java already exists, newer than template, skipping.
[info] New context.
[info] Generated file: it/infocert/eigor/model/core/model/BT0043SellerContactEmailAddress.java
[info] File C:\Users\danidemi\workspace\repos\infocert\eigor\cen-core\target\generated-sources\fromcsv\it\infocert\eigor\model\core\model\BT0043SellerContactEmailAddress.java already exists, newer than template, skipping.
[info] New context.
[info] Generated file: it/infocert/eigor/model/core/model/BG0007Buyer.java
[info] File C:\Users\danidemi\workspace\repos\infocert\eigor\cen-core\target\generated-sources\fromcsv\it\infocert\eigor\model\core\model\BG0007Buyer.java already exists, newer than template, skipping.
[info] New context.
[info] Generated file: it/infocert/eigor/model/core/model/BT0044BuyerName.java
[info] File C:\Users\danidemi\workspace\repos\infocert\eigor\cen-core\target\generated-sources\fromcsv\it\infocert\eigor\model\core\model\BT0044BuyerName.java already exists, newer than template, skipping.
[info] New context.
[info] Generated file: it/infocert/eigor/model/core/model/BT0045BuyerTradingName.java
[info] File C:\Users\danidemi\workspace\repos\infocert\eigor\cen-core\target\generated-sources\fromcsv\it\infocert\eigor\model\core\model\BT0045BuyerTradingName.java already exists, newer than template, skipping.
[info] New context.
[info] Generated file: it/infocert/eigor/model/core/model/BT0046BuyerIdentifierAndSchemeIdentifier.java
[info] File C:\Users\danidemi\workspace\repos\infocert\eigor\cen-core\target\generated-sources\fromcsv\it\infocert\eigor\model\core\model\BT0046BuyerIdentifierAndSchemeIdentifier.java already exists, newer than template, skipping.
[info] New context.
[info] Generated file: it/infocert/eigor/model/core/model/BT0047BuyerLegalRegistrationIdentifierAndSchemeIdentifier.java
[info] File C:\Users\danidemi\workspace\repos\infocert\eigor\cen-core\target\generated-sources\fromcsv\it\infocert\eigor\model\core\model\BT0047BuyerLegalRegistrationIdentifierAndSchemeIdentifier.java already exists, newer than template, skipping.
[info] New context.
[info] Generated file: it/infocert/eigor/model/core/model/BT0048BuyerVatIdentifier.java
[info] File C:\Users\danidemi\workspace\repos\infocert\eigor\cen-core\target\generated-sources\fromcsv\it\infocert\eigor\model\core\model\BT0048BuyerVatIdentifier.java already exists, newer than template, skipping.
[info] New context.
[info] Generated file: it/infocert/eigor/model/core/model/BT0049BuyerElectronicAddressAndSchemeIdentifier.java
[info] File C:\Users\danidemi\workspace\repos\infocert\eigor\cen-core\target\generated-sources\fromcsv\it\infocert\eigor\model\core\model\BT0049BuyerElectronicAddressAndSchemeIdentifier.java already exists, newer than template, skipping.
[info] New context.
[info] Generated file: it/infocert/eigor/model/core/model/BG0008BuyerPostalAddress.java
[info] File C:\Users\danidemi\workspace\repos\infocert\eigor\cen-core\target\generated-sources\fromcsv\it\infocert\eigor\model\core\model\BG0008BuyerPostalAddress.java already exists, newer than template, skipping.
[info] New context.
[info] Generated file: it/infocert/eigor/model/core/model/BT0050BuyerAddressLine1.java
[info] File C:\Users\danidemi\workspace\repos\infocert\eigor\cen-core\target\generated-sources\fromcsv\it\infocert\eigor\model\core\model\BT0050BuyerAddressLine1.java already exists, newer than template, skipping.
[info] New context.
[info] Generated file: it/infocert/eigor/model/core/model/BT0051BuyerAddressLine2.java
[info] File C:\Users\danidemi\workspace\repos\infocert\eigor\cen-core\target\generated-sources\fromcsv\it\infocert\eigor\model\core\model\BT0051BuyerAddressLine2.java already exists, newer than template, skipping.
[info] New context.
[info] Generated file: it/infocert/eigor/model/core/model/BT0163BuyerAddressLine3.java
[info] File C:\Users\danidemi\workspace\repos\infocert\eigor\cen-core\target\generated-sources\fromcsv\it\infocert\eigor\model\core\model\BT0163BuyerAddressLine3.java already exists, newer than template, skipping.
[info] New context.
[info] Generated file: it/infocert/eigor/model/core/model/BT0052BuyerCity.java
[info] File C:\Users\danidemi\workspace\repos\infocert\eigor\cen-core\target\generated-sources\fromcsv\it\infocert\eigor\model\core\model\BT0052BuyerCity.java already exists, newer than template, skipping.
[info] New context.
[info] Generated file: it/infocert/eigor/model/core/model/BT0053BuyerPostCode.java
[info] File C:\Users\danidemi\workspace\repos\infocert\eigor\cen-core\target\generated-sources\fromcsv\it\infocert\eigor\model\core\model\BT0053BuyerPostCode.java already exists, newer than template, skipping.
[info] New context.
[info] Generated file: it/infocert/eigor/model/core/model/BT0054BuyerCountrySubdivision.java
[info] File C:\Users\danidemi\workspace\repos\infocert\eigor\cen-core\target\generated-sources\fromcsv\it\infocert\eigor\model\core\model\BT0054BuyerCountrySubdivision.java already exists, newer than template, skipping.
[info] New context.
[info] Generated file: it/infocert/eigor/model/core/model/BT0055BuyerCountryCode.java
[info] File C:\Users\danidemi\workspace\repos\infocert\eigor\cen-core\target\generated-sources\fromcsv\it\infocert\eigor\model\core\model\BT0055BuyerCountryCode.java already exists, newer than template, skipping.
[info] New context.
[info] Generated file: it/infocert/eigor/model/core/model/BG0009BuyerContact.java
[info] File C:\Users\danidemi\workspace\repos\infocert\eigor\cen-core\target\generated-sources\fromcsv\it\infocert\eigor\model\core\model\BG0009BuyerContact.java already exists, newer than template, skipping.
[info] New context.
[info] Generated file: it/infocert/eigor/model/core/model/BT0056BuyerContactPoint.java
[info] File C:\Users\danidemi\workspace\repos\infocert\eigor\cen-core\target\generated-sources\fromcsv\it\infocert\eigor\model\core\model\BT0056BuyerContactPoint.java already exists, newer than template, skipping.
[info] New context.
[info] Generated file: it/infocert/eigor/model/core/model/BT0057BuyerContactTelephoneNumber.java
[info] File C:\Users\danidemi\workspace\repos\infocert\eigor\cen-core\target\generated-sources\fromcsv\it\infocert\eigor\model\core\model\BT0057BuyerContactTelephoneNumber.java already exists, newer than template, skipping.
[info] New context.
[info] Generated file: it/infocert/eigor/model/core/model/BT0058BuyerContactEmailAddress.java
[info] File C:\Users\danidemi\workspace\repos\infocert\eigor\cen-core\target\generated-sources\fromcsv\it\infocert\eigor\model\core\model\BT0058BuyerContactEmailAddress.java already exists, newer than template, skipping.
[info] New context.
[info] Generated file: it/infocert/eigor/model/core/model/BG0010Payee.java
[info] File C:\Users\danidemi\workspace\repos\infocert\eigor\cen-core\target\generated-sources\fromcsv\it\infocert\eigor\model\core\model\BG0010Payee.java already exists, newer than template, skipping.
[info] New context.
[info] Generated file: it/infocert/eigor/model/core/model/BT0059PayeeName.java
[info] File C:\Users\danidemi\workspace\repos\infocert\eigor\cen-core\target\generated-sources\fromcsv\it\infocert\eigor\model\core\model\BT0059PayeeName.java already exists, newer than template, skipping.
[info] New context.
[info] Generated file: it/infocert/eigor/model/core/model/BT0060PayeeIdentifierAndSchemeIdentifier.java
[info] File C:\Users\danidemi\workspace\repos\infocert\eigor\cen-core\target\generated-sources\fromcsv\it\infocert\eigor\model\core\model\BT0060PayeeIdentifierAndSchemeIdentifier.java already exists, newer than template, skipping.
[info] New context.
[info] Generated file: it/infocert/eigor/model/core/model/BT0061PayeeLegalRegistrationIdentifierAndSchemeIdentifier.java
[info] File C:\Users\danidemi\workspace\repos\infocert\eigor\cen-core\target\generated-sources\fromcsv\it\infocert\eigor\model\core\model\BT0061PayeeLegalRegistrationIdentifierAndSchemeIdentifier.java already exists, newer than template, skipping.
[info] New context.
[info] Generated file: it/infocert/eigor/model/core/model/BG0011SellerTaxRepresentativeParty.java
[info] File C:\Users\danidemi\workspace\repos\infocert\eigor\cen-core\target\generated-sources\fromcsv\it\infocert\eigor\model\core\model\BG0011SellerTaxRepresentativeParty.java already exists, newer than template, skipping.
[info] New context.
[info] Generated file: it/infocert/eigor/model/core/model/BT0062SellerTaxRepresentativeName.java
[info] File C:\Users\danidemi\workspace\repos\infocert\eigor\cen-core\target\generated-sources\fromcsv\it\infocert\eigor\model\core\model\BT0062SellerTaxRepresentativeName.java already exists, newer than template, skipping.
[info] New context.
[info] Generated file: it/infocert/eigor/model/core/model/BT0063SellerTaxRepresentativeVatIdentifier.java
[info] File C:\Users\danidemi\workspace\repos\infocert\eigor\cen-core\target\generated-sources\fromcsv\it\infocert\eigor\model\core\model\BT0063SellerTaxRepresentativeVatIdentifier.java already exists, newer than template, skipping.
[info] New context.
[info] Generated file: it/infocert/eigor/model/core/model/BG0012SellerTaxRepresentativePostalAddress.java
[info] File C:\Users\danidemi\workspace\repos\infocert\eigor\cen-core\target\generated-sources\fromcsv\it\infocert\eigor\model\core\model\BG0012SellerTaxRepresentativePostalAddress.java already exists, newer than template, skipping.
[info] New context.
[info] Generated file: it/infocert/eigor/model/core/model/BT0064TaxRepresentativeAddressLine1.java
[info] File C:\Users\danidemi\workspace\repos\infocert\eigor\cen-core\target\generated-sources\fromcsv\it\infocert\eigor\model\core\model\BT0064TaxRepresentativeAddressLine1.java already exists, newer than template, skipping.
[info] New context.
[info] Generated file: it/infocert/eigor/model/core/model/BT0065TaxRepresentativeAddressLine2.java
[info] File C:\Users\danidemi\workspace\repos\infocert\eigor\cen-core\target\generated-sources\fromcsv\it\infocert\eigor\model\core\model\BT0065TaxRepresentativeAddressLine2.java already exists, newer than template, skipping.
[info] New context.
[info] Generated file: it/infocert/eigor/model/core/model/BT0164TaxRepresentativeAddressLine3.java
[info] File C:\Users\danidemi\workspace\repos\infocert\eigor\cen-core\target\generated-sources\fromcsv\it\infocert\eigor\model\core\model\BT0164TaxRepresentativeAddressLine3.java already exists, newer than template, skipping.
[info] New context.
[info] Generated file: it/infocert/eigor/model/core/model/BT0066TaxRepresentativeCity.java
[info] File C:\Users\danidemi\workspace\repos\infocert\eigor\cen-core\target\generated-sources\fromcsv\it\infocert\eigor\model\core\model\BT0066TaxRepresentativeCity.java already exists, newer than template, skipping.
[info] New context.
[info] Generated file: it/infocert/eigor/model/core/model/BT0067TaxRepresentativePostCode.java
[info] File C:\Users\danidemi\workspace\repos\infocert\eigor\cen-core\target\generated-sources\fromcsv\it\infocert\eigor\model\core\model\BT0067TaxRepresentativePostCode.java already exists, newer than template, skipping.
[info] New context.
[info] Generated file: it/infocert/eigor/model/core/model/BT0068TaxRepresentativeCountrySubdivision.java
[info] File C:\Users\danidemi\workspace\repos\infocert\eigor\cen-core\target\generated-sources\fromcsv\it\infocert\eigor\model\core\model\BT0068TaxRepresentativeCountrySubdivision.java already exists, newer than template, skipping.
[info] New context.
[info] Generated file: it/infocert/eigor/model/core/model/BT0069TaxRepresentativeCountryCode.java
[info] File C:\Users\danidemi\workspace\repos\infocert\eigor\cen-core\target\generated-sources\fromcsv\it\infocert\eigor\model\core\model\BT0069TaxRepresentativeCountryCode.java already exists, newer than template, skipping.
[info] New context.
[info] Generated file: it/infocert/eigor/model/core/model/BG0013DeliveryInformation.java
[info] File C:\Users\danidemi\workspace\repos\infocert\eigor\cen-core\target\generated-sources\fromcsv\it\infocert\eigor\model\core\model\BG0013DeliveryInformation.java already exists, newer than template, skipping.
[info] New context.
[info] Generated file: it/infocert/eigor/model/core/model/BT0070DeliverToPartyName.java
[info] File C:\Users\danidemi\workspace\repos\infocert\eigor\cen-core\target\generated-sources\fromcsv\it\infocert\eigor\model\core\model\BT0070DeliverToPartyName.java already exists, newer than template, skipping.
[info] New context.
[info] Generated file: it/infocert/eigor/model/core/model/BT0071DeliverToLocationIdentifierAndSchemeIdentifier.java
[info] File C:\Users\danidemi\workspace\repos\infocert\eigor\cen-core\target\generated-sources\fromcsv\it\infocert\eigor\model\core\model\BT0071DeliverToLocationIdentifierAndSchemeIdentifier.java already exists, newer than template, skipping.
[info] New context.
[info] Generated file: it/infocert/eigor/model/core/model/BT0072ActualDeliveryDate.java
[info] File C:\Users\danidemi\workspace\repos\infocert\eigor\cen-core\target\generated-sources\fromcsv\it\infocert\eigor\model\core\model\BT0072ActualDeliveryDate.java already exists, newer than template, skipping.
[info] New context.
[info] Generated file: it/infocert/eigor/model/core/model/BG0014InvoicingPeriod.java
[info] File C:\Users\danidemi\workspace\repos\infocert\eigor\cen-core\target\generated-sources\fromcsv\it\infocert\eigor\model\core\model\BG0014InvoicingPeriod.java already exists, newer than template, skipping.
[info] New context.
[info] Generated file: it/infocert/eigor/model/core/model/BT0073InvoicingPeriodStartDate.java
[info] File C:\Users\danidemi\workspace\repos\infocert\eigor\cen-core\target\generated-sources\fromcsv\it\infocert\eigor\model\core\model\BT0073InvoicingPeriodStartDate.java already exists, newer than template, skipping.
[info] New context.
[info] Generated file: it/infocert/eigor/model/core/model/BT0074InvoicingPeriodEndDate.java
[info] File C:\Users\danidemi\workspace\repos\infocert\eigor\cen-core\target\generated-sources\fromcsv\it\infocert\eigor\model\core\model\BT0074InvoicingPeriodEndDate.java already exists, newer than template, skipping.
[info] New context.
[info] Generated file: it/infocert/eigor/model/core/model/BG0015DeliverToAddress.java
[info] File C:\Users\danidemi\workspace\repos\infocert\eigor\cen-core\target\generated-sources\fromcsv\it\infocert\eigor\model\core\model\BG0015DeliverToAddress.java already exists, newer than template, skipping.
[info] New context.
[info] Generated file: it/infocert/eigor/model/core/model/BT0075DeliverToAddressLine1.java
[info] File C:\Users\danidemi\workspace\repos\infocert\eigor\cen-core\target\generated-sources\fromcsv\it\infocert\eigor\model\core\model\BT0075DeliverToAddressLine1.java already exists, newer than template, skipping.
[info] New context.
[info] Generated file: it/infocert/eigor/model/core/model/BT0076DeliverToAddressLine2.java
[info] File C:\Users\danidemi\workspace\repos\infocert\eigor\cen-core\target\generated-sources\fromcsv\it\infocert\eigor\model\core\model\BT0076DeliverToAddressLine2.java already exists, newer than template, skipping.
[info] New context.
[info] Generated file: it/infocert/eigor/model/core/model/BT0165DeliverToAddressLine3.java
[info] File C:\Users\danidemi\workspace\repos\infocert\eigor\cen-core\target\generated-sources\fromcsv\it\infocert\eigor\model\core\model\BT0165DeliverToAddressLine3.java already exists, newer than template, skipping.
[info] New context.
[info] Generated file: it/infocert/eigor/model/core/model/BT0077DeliverToCity.java
[info] File C:\Users\danidemi\workspace\repos\infocert\eigor\cen-core\target\generated-sources\fromcsv\it\infocert\eigor\model\core\model\BT0077DeliverToCity.java already exists, newer than template, skipping.
[info] New context.
[info] Generated file: it/infocert/eigor/model/core/model/BT0078DeliverToPostCode.java
[info] File C:\Users\danidemi\workspace\repos\infocert\eigor\cen-core\target\generated-sources\fromcsv\it\infocert\eigor\model\core\model\BT0078DeliverToPostCode.java already exists, newer than template, skipping.
[info] New context.
[info] Generated file: it/infocert/eigor/model/core/model/BT0079DeliverToCountrySubdivision.java
[info] File C:\Users\danidemi\workspace\repos\infocert\eigor\cen-core\target\generated-sources\fromcsv\it\infocert\eigor\model\core\model\BT0079DeliverToCountrySubdivision.java already exists, newer than template, skipping.
[info] New context.
[info] Generated file: it/infocert/eigor/model/core/model/BT0080DeliverToCountryCode.java
[info] File C:\Users\danidemi\workspace\repos\infocert\eigor\cen-core\target\generated-sources\fromcsv\it\infocert\eigor\model\core\model\BT0080DeliverToCountryCode.java already exists, newer than template, skipping.
[info] New context.
[info] Generated file: it/infocert/eigor/model/core/model/BG0016PaymentInstructions.java
[info] File C:\Users\danidemi\workspace\repos\infocert\eigor\cen-core\target\generated-sources\fromcsv\it\infocert\eigor\model\core\model\BG0016PaymentInstructions.java already exists, newer than template, skipping.
[info] New context.
[info] Generated file: it/infocert/eigor/model/core/model/BT0081PaymentMeansTypeCode.java
[info] File C:\Users\danidemi\workspace\repos\infocert\eigor\cen-core\target\generated-sources\fromcsv\it\infocert\eigor\model\core\model\BT0081PaymentMeansTypeCode.java already exists, newer than template, skipping.
[info] New context.
[info] Generated file: it/infocert/eigor/model/core/model/BT0082PaymentMeansText.java
[info] File C:\Users\danidemi\workspace\repos\infocert\eigor\cen-core\target\generated-sources\fromcsv\it\infocert\eigor\model\core\model\BT0082PaymentMeansText.java already exists, newer than template, skipping.
[info] New context.
[info] Generated file: it/infocert/eigor/model/core/model/BT0083RemittanceInformation.java
[info] File C:\Users\danidemi\workspace\repos\infocert\eigor\cen-core\target\generated-sources\fromcsv\it\infocert\eigor\model\core\model\BT0083RemittanceInformation.java already exists, newer than template, skipping.
[info] New context.
[info] Generated file: it/infocert/eigor/model/core/model/BG0017CreditTransfer.java
[info] File C:\Users\danidemi\workspace\repos\infocert\eigor\cen-core\target\generated-sources\fromcsv\it\infocert\eigor\model\core\model\BG0017CreditTransfer.java already exists, newer than template, skipping.
[info] New context.
[info] Generated file: it/infocert/eigor/model/core/model/BT0084PaymentAccountIdentifier.java
[info] File C:\Users\danidemi\workspace\repos\infocert\eigor\cen-core\target\generated-sources\fromcsv\it\infocert\eigor\model\core\model\BT0084PaymentAccountIdentifier.java already exists, newer than template, skipping.
[info] New context.
[info] Generated file: it/infocert/eigor/model/core/model/BT0085PaymentAccountName.java
[info] File C:\Users\danidemi\workspace\repos\infocert\eigor\cen-core\target\generated-sources\fromcsv\it\infocert\eigor\model\core\model\BT0085PaymentAccountName.java already exists, newer than template, skipping.
[info] New context.
[info] Generated file: it/infocert/eigor/model/core/model/BT0086PaymentServiceProviderIdentifier.java
[info] File C:\Users\danidemi\workspace\repos\infocert\eigor\cen-core\target\generated-sources\fromcsv\it\infocert\eigor\model\core\model\BT0086PaymentServiceProviderIdentifier.java already exists, newer than template, skipping.
[info] New context.
[info] Generated file: it/infocert/eigor/model/core/model/BG0018PaymentCardInformation.java
[info] File C:\Users\danidemi\workspace\repos\infocert\eigor\cen-core\target\generated-sources\fromcsv\it\infocert\eigor\model\core\model\BG0018PaymentCardInformation.java already exists, newer than template, skipping.
[info] New context.
[info] Generated file: it/infocert/eigor/model/core/model/BT0087PaymentCardPrimaryAccountNumber.java
[info] File C:\Users\danidemi\workspace\repos\infocert\eigor\cen-core\target\generated-sources\fromcsv\it\infocert\eigor\model\core\model\BT0087PaymentCardPrimaryAccountNumber.java already exists, newer than template, skipping.
[info] New context.
[info] Generated file: it/infocert/eigor/model/core/model/BT0088PaymentCardHolderName.java
[info] File C:\Users\danidemi\workspace\repos\infocert\eigor\cen-core\target\generated-sources\fromcsv\it\infocert\eigor\model\core\model\BT0088PaymentCardHolderName.java already exists, newer than template, skipping.
[info] New context.
[info] Generated file: it/infocert/eigor/model/core/model/BG0019DirectDebit.java
[info] File C:\Users\danidemi\workspace\repos\infocert\eigor\cen-core\target\generated-sources\fromcsv\it\infocert\eigor\model\core\model\BG0019DirectDebit.java already exists, newer than template, skipping.
[info] New context.
[info] Generated file: it/infocert/eigor/model/core/model/BT0089MandateReferenceIdentifier.java
[info] File C:\Users\danidemi\workspace\repos\infocert\eigor\cen-core\target\generated-sources\fromcsv\it\infocert\eigor\model\core\model\BT0089MandateReferenceIdentifier.java already exists, newer than template, skipping.
[info] New context.
[info] Generated file: it/infocert/eigor/model/core/model/BT0090BankAssignedCreditorIdentifier.java
[info] File C:\Users\danidemi\workspace\repos\infocert\eigor\cen-core\target\generated-sources\fromcsv\it\infocert\eigor\model\core\model\BT0090BankAssignedCreditorIdentifier.java already exists, newer than template, skipping.
[info] New context.
[info] Generated file: it/infocert/eigor/model/core/model/BT0091DebitedAccountIdentifier.java
[info] File C:\Users\danidemi\workspace\repos\infocert\eigor\cen-core\target\generated-sources\fromcsv\it\infocert\eigor\model\core\model\BT0091DebitedAccountIdentifier.java already exists, newer than template, skipping.
[info] New context.
[info] Generated file: it/infocert/eigor/model/core/model/BG0020DocumentLevelAllowances.java
[info] File C:\Users\danidemi\workspace\repos\infocert\eigor\cen-core\target\generated-sources\fromcsv\it\infocert\eigor\model\core\model\BG0020DocumentLevelAllowances.java already exists, newer than template, skipping.
[info] New context.
[info] Generated file: it/infocert/eigor/model/core/model/BT0092DocumentLevelAllowanceAmount.java
[info] File C:\Users\danidemi\workspace\repos\infocert\eigor\cen-core\target\generated-sources\fromcsv\it\infocert\eigor\model\core\model\BT0092DocumentLevelAllowanceAmount.java already exists, newer than template, skipping.
[info] New context.
[info] Generated file: it/infocert/eigor/model/core/model/BT0093DocumentLevelAllowanceBaseAmount.java
[info] File C:\Users\danidemi\workspace\repos\infocert\eigor\cen-core\target\generated-sources\fromcsv\it\infocert\eigor\model\core\model\BT0093DocumentLevelAllowanceBaseAmount.java already exists, newer than template, skipping.
[info] New context.
[info] Generated file: it/infocert/eigor/model/core/model/BT0094DocumentLevelAllowancePercentage.java
[info] File C:\Users\danidemi\workspace\repos\infocert\eigor\cen-core\target\generated-sources\fromcsv\it\infocert\eigor\model\core\model\BT0094DocumentLevelAllowancePercentage.java already exists, newer than template, skipping.
[info] New context.
[info] Generated file: it/infocert/eigor/model/core/model/BT0095DocumentLevelAllowanceVatCategoryCode.java
[info] File C:\Users\danidemi\workspace\repos\infocert\eigor\cen-core\target\generated-sources\fromcsv\it\infocert\eigor\model\core\model\BT0095DocumentLevelAllowanceVatCategoryCode.java already exists, newer than template, skipping.
[info] New context.
[info] Generated file: it/infocert/eigor/model/core/model/BT0096DocumentLevelAllowanceVatRate.java
[info] File C:\Users\danidemi\workspace\repos\infocert\eigor\cen-core\target\generated-sources\fromcsv\it\infocert\eigor\model\core\model\BT0096DocumentLevelAllowanceVatRate.java already exists, newer than template, skipping.
[info] New context.
[info] Generated file: it/infocert/eigor/model/core/model/BT0097DocumentLevelAllowanceReason.java
[info] File C:\Users\danidemi\workspace\repos\infocert\eigor\cen-core\target\generated-sources\fromcsv\it\infocert\eigor\model\core\model\BT0097DocumentLevelAllowanceReason.java already exists, newer than template, skipping.
[info] New context.
[info] Generated file: it/infocert/eigor/model/core/model/BT0098DocumentLevelAllowanceReasonCode.java
[info] File C:\Users\danidemi\workspace\repos\infocert\eigor\cen-core\target\generated-sources\fromcsv\it\infocert\eigor\model\core\model\BT0098DocumentLevelAllowanceReasonCode.java already exists, newer than template, skipping.
[info] New context.
[info] Generated file: it/infocert/eigor/model/core/model/BG0021DocumentLevelCharges.java
[info] File C:\Users\danidemi\workspace\repos\infocert\eigor\cen-core\target\generated-sources\fromcsv\it\infocert\eigor\model\core\model\BG0021DocumentLevelCharges.java already exists, newer than template, skipping.
[info] New context.
[info] Generated file: it/infocert/eigor/model/core/model/BT0099DocumentLevelChargeAmount.java
[info] File C:\Users\danidemi\workspace\repos\infocert\eigor\cen-core\target\generated-sources\fromcsv\it\infocert\eigor\model\core\model\BT0099DocumentLevelChargeAmount.java already exists, newer than template, skipping.
[info] New context.
[info] Generated file: it/infocert/eigor/model/core/model/BT0100DocumentLevelChargeBaseAmount.java
[info] File C:\Users\danidemi\workspace\repos\infocert\eigor\cen-core\target\generated-sources\fromcsv\it\infocert\eigor\model\core\model\BT0100DocumentLevelChargeBaseAmount.java already exists, newer than template, skipping.
[info] New context.
[info] Generated file: it/infocert/eigor/model/core/model/BT0101DocumentLevelChargePercentage.java
[info] File C:\Users\danidemi\workspace\repos\infocert\eigor\cen-core\target\generated-sources\fromcsv\it\infocert\eigor\model\core\model\BT0101DocumentLevelChargePercentage.java already exists, newer than template, skipping.
[info] New context.
[info] Generated file: it/infocert/eigor/model/core/model/BT0102DocumentLevelChargeVatCategoryCode.java
[info] File C:\Users\danidemi\workspace\repos\infocert\eigor\cen-core\target\generated-sources\fromcsv\it\infocert\eigor\model\core\model\BT0102DocumentLevelChargeVatCategoryCode.java already exists, newer than template, skipping.
[info] New context.
[info] Generated file: it/infocert/eigor/model/core/model/BT0103DocumentLevelChargeVatRate.java
[info] File C:\Users\danidemi\workspace\repos\infocert\eigor\cen-core\target\generated-sources\fromcsv\it\infocert\eigor\model\core\model\BT0103DocumentLevelChargeVatRate.java already exists, newer than template, skipping.
[info] New context.
[info] Generated file: it/infocert/eigor/model/core/model/BT0104DocumentLevelChargeReason.java
[info] File C:\Users\danidemi\workspace\repos\infocert\eigor\cen-core\target\generated-sources\fromcsv\it\infocert\eigor\model\core\model\BT0104DocumentLevelChargeReason.java already exists, newer than template, skipping.
[info] New context.
[info] Generated file: it/infocert/eigor/model/core/model/BT0105DocumentLevelChargeReasonCode.java
[info] File C:\Users\danidemi\workspace\repos\infocert\eigor\cen-core\target\generated-sources\fromcsv\it\infocert\eigor\model\core\model\BT0105DocumentLevelChargeReasonCode.java already exists, newer than template, skipping.
[info] New context.
[info] Generated file: it/infocert/eigor/model/core/model/BG0022DocumentTotals.java
[info] File C:\Users\danidemi\workspace\repos\infocert\eigor\cen-core\target\generated-sources\fromcsv\it\infocert\eigor\model\core\model\BG0022DocumentTotals.java already exists, newer than template, skipping.
[info] New context.
[info] Generated file: it/infocert/eigor/model/core/model/BT0106SumOfInvoiceLineNetAmount.java
[info] File C:\Users\danidemi\workspace\repos\infocert\eigor\cen-core\target\generated-sources\fromcsv\it\infocert\eigor\model\core\model\BT0106SumOfInvoiceLineNetAmount.java already exists, newer than template, skipping.
[info] New context.
[info] Generated file: it/infocert/eigor/model/core/model/BT0107SumOfAllowancesOnDocumentLevel.java
[info] File C:\Users\danidemi\workspace\repos\infocert\eigor\cen-core\target\generated-sources\fromcsv\it\infocert\eigor\model\core\model\BT0107SumOfAllowancesOnDocumentLevel.java already exists, newer than template, skipping.
[info] New context.
[info] Generated file: it/infocert/eigor/model/core/model/BT0108SumOfChargesOnDocumentLevel.java
[info] File C:\Users\danidemi\workspace\repos\infocert\eigor\cen-core\target\generated-sources\fromcsv\it\infocert\eigor\model\core\model\BT0108SumOfChargesOnDocumentLevel.java already exists, newer than template, skipping.
[info] New context.
[info] Generated file: it/infocert/eigor/model/core/model/BT0109InvoiceTotalAmountWithoutVat.java
[info] File C:\Users\danidemi\workspace\repos\infocert\eigor\cen-core\target\generated-sources\fromcsv\it\infocert\eigor\model\core\model\BT0109InvoiceTotalAmountWithoutVat.java already exists, newer than template, skipping.
[info] New context.
[info] Generated file: it/infocert/eigor/model/core/model/BT0110InvoiceTotalVatAmount.java
[info] File C:\Users\danidemi\workspace\repos\infocert\eigor\cen-core\target\generated-sources\fromcsv\it\infocert\eigor\model\core\model\BT0110InvoiceTotalVatAmount.java already exists, newer than template, skipping.
[info] New context.
[info] Generated file: it/infocert/eigor/model/core/model/BT0111InvoiceTotalVatAmountInAccountingCurrency.java
[info] File C:\Users\danidemi\workspace\repos\infocert\eigor\cen-core\target\generated-sources\fromcsv\it\infocert\eigor\model\core\model\BT0111InvoiceTotalVatAmountInAccountingCurrency.java already exists, newer than template, skipping.
[info] New context.
[info] Generated file: it/infocert/eigor/model/core/model/BT0112InvoiceTotalAmountWithVat.java
[info] File C:\Users\danidemi\workspace\repos\infocert\eigor\cen-core\target\generated-sources\fromcsv\it\infocert\eigor\model\core\model\BT0112InvoiceTotalAmountWithVat.java already exists, newer than template, skipping.
[info] New context.
[info] Generated file: it/infocert/eigor/model/core/model/BT0113PaidAmount.java
[info] File C:\Users\danidemi\workspace\repos\infocert\eigor\cen-core\target\generated-sources\fromcsv\it\infocert\eigor\model\core\model\BT0113PaidAmount.java already exists, newer than template, skipping.
[info] New context.
[info] Generated file: it/infocert/eigor/model/core/model/BT0114RoundingAmount.java
[info] File C:\Users\danidemi\workspace\repos\infocert\eigor\cen-core\target\generated-sources\fromcsv\it\infocert\eigor\model\core\model\BT0114RoundingAmount.java already exists, newer than template, skipping.
[info] New context.
[info] Generated file: it/infocert/eigor/model/core/model/BT0115AmountDueForPayment.java
[info] File C:\Users\danidemi\workspace\repos\infocert\eigor\cen-core\target\generated-sources\fromcsv\it\infocert\eigor\model\core\model\BT0115AmountDueForPayment.java already exists, newer than template, skipping.
[info] New context.
[info] Generated file: it/infocert/eigor/model/core/model/BG0023VatBreakdown.java
[info] File C:\Users\danidemi\workspace\repos\infocert\eigor\cen-core\target\generated-sources\fromcsv\it\infocert\eigor\model\core\model\BG0023VatBreakdown.java already exists, newer than template, skipping.
[info] New context.
[info] Generated file: it/infocert/eigor/model/core/model/BT0116VatCategoryTaxableAmount.java
[info] File C:\Users\danidemi\workspace\repos\infocert\eigor\cen-core\target\generated-sources\fromcsv\it\infocert\eigor\model\core\model\BT0116VatCategoryTaxableAmount.java already exists, newer than template, skipping.
[info] New context.
[info] Generated file: it/infocert/eigor/model/core/model/BT0117VatCategoryTaxAmount.java
[info] File C:\Users\danidemi\workspace\repos\infocert\eigor\cen-core\target\generated-sources\fromcsv\it\infocert\eigor\model\core\model\BT0117VatCategoryTaxAmount.java already exists, newer than template, skipping.
[info] New context.
[info] Generated file: it/infocert/eigor/model/core/model/BT0118VatCategoryCode.java
[info] File C:\Users\danidemi\workspace\repos\infocert\eigor\cen-core\target\generated-sources\fromcsv\it\infocert\eigor\model\core\model\BT0118VatCategoryCode.java already exists, newer than template, skipping.
[info] New context.
[info] Generated file: it/infocert/eigor/model/core/model/BT0119VatCategoryRate.java
[info] File C:\Users\danidemi\workspace\repos\infocert\eigor\cen-core\target\generated-sources\fromcsv\it\infocert\eigor\model\core\model\BT0119VatCategoryRate.java already exists, newer than template, skipping.
[info] New context.
[info] Generated file: it/infocert/eigor/model/core/model/BT0120VatExemptionReasonText.java
[info] File C:\Users\danidemi\workspace\repos\infocert\eigor\cen-core\target\generated-sources\fromcsv\it\infocert\eigor\model\core\model\BT0120VatExemptionReasonText.java already exists, newer than template, skipping.
[info] New context.
[info] Generated file: it/infocert/eigor/model/core/model/BT0121VatExemptionReasonCode.java
[info] File C:\Users\danidemi\workspace\repos\infocert\eigor\cen-core\target\generated-sources\fromcsv\it\infocert\eigor\model\core\model\BT0121VatExemptionReasonCode.java already exists, newer than template, skipping.
[info] New context.
[info] Generated file: it/infocert/eigor/model/core/model/BG0024AdditionalSupportingDocuments.java
[info] File C:\Users\danidemi\workspace\repos\infocert\eigor\cen-core\target\generated-sources\fromcsv\it\infocert\eigor\model\core\model\BG0024AdditionalSupportingDocuments.java already exists, newer than template, skipping.
[info] New context.
[info] Generated file: it/infocert/eigor/model/core/model/BT0122SupportingDocumentReference.java
[info] File C:\Users\danidemi\workspace\repos\infocert\eigor\cen-core\target\generated-sources\fromcsv\it\infocert\eigor\model\core\model\BT0122SupportingDocumentReference.java already exists, newer than template, skipping.
[info] New context.
[info] Generated file: it/infocert/eigor/model/core/model/BT0123SupportingDocumentDescription.java
[info] File C:\Users\danidemi\workspace\repos\infocert\eigor\cen-core\target\generated-sources\fromcsv\it\infocert\eigor\model\core\model\BT0123SupportingDocumentDescription.java already exists, newer than template, skipping.
[info] New context.
[info] Generated file: it/infocert/eigor/model/core/model/BT0124ExternalDocumentLocation.java
[info] File C:\Users\danidemi\workspace\repos\infocert\eigor\cen-core\target\generated-sources\fromcsv\it\infocert\eigor\model\core\model\BT0124ExternalDocumentLocation.java already exists, newer than template, skipping.
[info] New context.
[info] Generated file: it/infocert/eigor/model/core/model/BT0125AttachedDocumentAndAttachedDocumentMimeCodeAndAttachedDocumentFilename.java
[info] File C:\Users\danidemi\workspace\repos\infocert\eigor\cen-core\target\generated-sources\fromcsv\it\infocert\eigor\model\core\model\BT0125AttachedDocumentAndAttachedDocumentMimeCodeAndAttachedDocumentFilename.java already exists, newer than template, skipping.
[info] New context.
[info] Generated file: it/infocert/eigor/model/core/model/BG0025InvoiceLine.java
[info] File C:\Users\danidemi\workspace\repos\infocert\eigor\cen-core\target\generated-sources\fromcsv\it\infocert\eigor\model\core\model\BG0025InvoiceLine.java already exists, newer than template, skipping.
[info] New context.
[info] Generated file: it/infocert/eigor/model/core/model/BT0126InvoiceLineIdentifier.java
[info] File C:\Users\danidemi\workspace\repos\infocert\eigor\cen-core\target\generated-sources\fromcsv\it\infocert\eigor\model\core\model\BT0126InvoiceLineIdentifier.java already exists, newer than template, skipping.
[info] New context.
[info] Generated file: it/infocert/eigor/model/core/model/BT0127InvoiceLineNote.java
[info] File C:\Users\danidemi\workspace\repos\infocert\eigor\cen-core\target\generated-sources\fromcsv\it\infocert\eigor\model\core\model\BT0127InvoiceLineNote.java already exists, newer than template, skipping.
[info] New context.
[info] Generated file: it/infocert/eigor/model/core/model/BT0128InvoiceLineObjectIdentifierAndSchemeIdentifier.java
[info] File C:\Users\danidemi\workspace\repos\infocert\eigor\cen-core\target\generated-sources\fromcsv\it\infocert\eigor\model\core\model\BT0128InvoiceLineObjectIdentifierAndSchemeIdentifier.java already exists, newer than template, skipping.
[info] New context.
[info] Generated file: it/infocert/eigor/model/core/model/BT0129InvoicedQuantity.java
[info] File C:\Users\danidemi\workspace\repos\infocert\eigor\cen-core\target\generated-sources\fromcsv\it\infocert\eigor\model\core\model\BT0129InvoicedQuantity.java already exists, newer than template, skipping.
[info] New context.
[info] Generated file: it/infocert/eigor/model/core/model/BT0130InvoicedQuantityUnitOfMeasureCode.java
[info] File C:\Users\danidemi\workspace\repos\infocert\eigor\cen-core\target\generated-sources\fromcsv\it\infocert\eigor\model\core\model\BT0130InvoicedQuantityUnitOfMeasureCode.java already exists, newer than template, skipping.
[info] New context.
[info] Generated file: it/infocert/eigor/model/core/model/BT0131InvoiceLineNetAmount.java
[info] File C:\Users\danidemi\workspace\repos\infocert\eigor\cen-core\target\generated-sources\fromcsv\it\infocert\eigor\model\core\model\BT0131InvoiceLineNetAmount.java already exists, newer than template, skipping.
[info] New context.
[info] Generated file: it/infocert/eigor/model/core/model/BT0132ReferencedPurchaseOrderLineReference.java
[info] File C:\Users\danidemi\workspace\repos\infocert\eigor\cen-core\target\generated-sources\fromcsv\it\infocert\eigor\model\core\model\BT0132ReferencedPurchaseOrderLineReference.java already exists, newer than template, skipping.
[info] New context.
[info] Generated file: it/infocert/eigor/model/core/model/BT0133InvoiceLineBuyerAccountingReference.java
[info] File C:\Users\danidemi\workspace\repos\infocert\eigor\cen-core\target\generated-sources\fromcsv\it\infocert\eigor\model\core\model\BT0133InvoiceLineBuyerAccountingReference.java already exists, newer than template, skipping.
[info] New context.
[info] Generated file: it/infocert/eigor/model/core/model/BG0026InvoiceLinePeriod.java
[info] File C:\Users\danidemi\workspace\repos\infocert\eigor\cen-core\target\generated-sources\fromcsv\it\infocert\eigor\model\core\model\BG0026InvoiceLinePeriod.java already exists, newer than template, skipping.
[info] New context.
[info] Generated file: it/infocert/eigor/model/core/model/BT0134InvoiceLinePeriodStartDate.java
[info] File C:\Users\danidemi\workspace\repos\infocert\eigor\cen-core\target\generated-sources\fromcsv\it\infocert\eigor\model\core\model\BT0134InvoiceLinePeriodStartDate.java already exists, newer than template, skipping.
[info] New context.
[info] Generated file: it/infocert/eigor/model/core/model/BT0135InvoiceLinePeriodEndDate.java
[info] File C:\Users\danidemi\workspace\repos\infocert\eigor\cen-core\target\generated-sources\fromcsv\it\infocert\eigor\model\core\model\BT0135InvoiceLinePeriodEndDate.java already exists, newer than template, skipping.
[info] New context.
[info] Generated file: it/infocert/eigor/model/core/model/BG0027InvoiceLineAllowances.java
[info] File C:\Users\danidemi\workspace\repos\infocert\eigor\cen-core\target\generated-sources\fromcsv\it\infocert\eigor\model\core\model\BG0027InvoiceLineAllowances.java already exists, newer than template, skipping.
[info] New context.
[info] Generated file: it/infocert/eigor/model/core/model/BT0136InvoiceLineAllowanceAmount.java
[info] File C:\Users\danidemi\workspace\repos\infocert\eigor\cen-core\target\generated-sources\fromcsv\it\infocert\eigor\model\core\model\BT0136InvoiceLineAllowanceAmount.java already exists, newer than template, skipping.
[info] New context.
[info] Generated file: it/infocert/eigor/model/core/model/BT0137InvoiceLineAllowanceBaseAmount.java
[info] File C:\Users\danidemi\workspace\repos\infocert\eigor\cen-core\target\generated-sources\fromcsv\it\infocert\eigor\model\core\model\BT0137InvoiceLineAllowanceBaseAmount.java already exists, newer than template, skipping.
[info] New context.
[info] Generated file: it/infocert/eigor/model/core/model/BT0138InvoiceLineAllowancePercentage.java
[info] File C:\Users\danidemi\workspace\repos\infocert\eigor\cen-core\target\generated-sources\fromcsv\it\infocert\eigor\model\core\model\BT0138InvoiceLineAllowancePercentage.java already exists, newer than template, skipping.
[info] New context.
[info] Generated file: it/infocert/eigor/model/core/model/BT0139InvoiceLineAllowanceReason.java
[info] File C:\Users\danidemi\workspace\repos\infocert\eigor\cen-core\target\generated-sources\fromcsv\it\infocert\eigor\model\core\model\BT0139InvoiceLineAllowanceReason.java already exists, newer than template, skipping.
[info] New context.
[info] Generated file: it/infocert/eigor/model/core/model/BT0140InvoiceLineAllowanceReasonCode.java
[info] File C:\Users\danidemi\workspace\repos\infocert\eigor\cen-core\target\generated-sources\fromcsv\it\infocert\eigor\model\core\model\BT0140InvoiceLineAllowanceReasonCode.java already exists, newer than template, skipping.
[info] New context.
[info] Generated file: it/infocert/eigor/model/core/model/BG0028InvoiceLineCharges.java
[info] File C:\Users\danidemi\workspace\repos\infocert\eigor\cen-core\target\generated-sources\fromcsv\it\infocert\eigor\model\core\model\BG0028InvoiceLineCharges.java already exists, newer than template, skipping.
[info] New context.
[info] Generated file: it/infocert/eigor/model/core/model/BT0141InvoiceLineChargeAmount.java
[info] File C:\Users\danidemi\workspace\repos\infocert\eigor\cen-core\target\generated-sources\fromcsv\it\infocert\eigor\model\core\model\BT0141InvoiceLineChargeAmount.java already exists, newer than template, skipping.
[info] New context.
[info] Generated file: it/infocert/eigor/model/core/model/BT0142InvoiceLineChargeBaseAmount.java
[info] File C:\Users\danidemi\workspace\repos\infocert\eigor\cen-core\target\generated-sources\fromcsv\it\infocert\eigor\model\core\model\BT0142InvoiceLineChargeBaseAmount.java already exists, newer than template, skipping.
[info] New context.
[info] Generated file: it/infocert/eigor/model/core/model/BT0143InvoiceLineChargePercentage.java
[info] File C:\Users\danidemi\workspace\repos\infocert\eigor\cen-core\target\generated-sources\fromcsv\it\infocert\eigor\model\core\model\BT0143InvoiceLineChargePercentage.java already exists, newer than template, skipping.
[info] New context.
[info] Generated file: it/infocert/eigor/model/core/model/BT0144InvoiceLineChargeReason.java
[info] File C:\Users\danidemi\workspace\repos\infocert\eigor\cen-core\target\generated-sources\fromcsv\it\infocert\eigor\model\core\model\BT0144InvoiceLineChargeReason.java already exists, newer than template, skipping.
[info] New context.
[info] Generated file: it/infocert/eigor/model/core/model/BT0145InvoiceLineChargeReasonCode.java
[info] File C:\Users\danidemi\workspace\repos\infocert\eigor\cen-core\target\generated-sources\fromcsv\it\infocert\eigor\model\core\model\BT0145InvoiceLineChargeReasonCode.java already exists, newer than template, skipping.
[info] New context.
[info] Generated file: it/infocert/eigor/model/core/model/BG0029PriceDetails.java
[info] File C:\Users\danidemi\workspace\repos\infocert\eigor\cen-core\target\generated-sources\fromcsv\it\infocert\eigor\model\core\model\BG0029PriceDetails.java already exists, newer than template, skipping.
[info] New context.
[info] Generated file: it/infocert/eigor/model/core/model/BT0146ItemNetPrice.java
[info] File C:\Users\danidemi\workspace\repos\infocert\eigor\cen-core\target\generated-sources\fromcsv\it\infocert\eigor\model\core\model\BT0146ItemNetPrice.java already exists, newer than template, skipping.
[info] New context.
[info] Generated file: it/infocert/eigor/model/core/model/BT0147ItemPriceDiscount.java
[info] File C:\Users\danidemi\workspace\repos\infocert\eigor\cen-core\target\generated-sources\fromcsv\it\infocert\eigor\model\core\model\BT0147ItemPriceDiscount.java already exists, newer than template, skipping.
[info] New context.
[info] Generated file: it/infocert/eigor/model/core/model/BT0148ItemGrossPrice.java
[info] File C:\Users\danidemi\workspace\repos\infocert\eigor\cen-core\target\generated-sources\fromcsv\it\infocert\eigor\model\core\model\BT0148ItemGrossPrice.java already exists, newer than template, skipping.
[info] New context.
[info] Generated file: it/infocert/eigor/model/core/model/BT0149ItemPriceBaseQuantity.java
[info] File C:\Users\danidemi\workspace\repos\infocert\eigor\cen-core\target\generated-sources\fromcsv\it\infocert\eigor\model\core\model\BT0149ItemPriceBaseQuantity.java already exists, newer than template, skipping.
[info] New context.
[info] Generated file: it/infocert/eigor/model/core/model/BT0150ItemPriceBaseQuantityUnitOfMeasureCode.java
[info] File C:\Users\danidemi\workspace\repos\infocert\eigor\cen-core\target\generated-sources\fromcsv\it\infocert\eigor\model\core\model\BT0150ItemPriceBaseQuantityUnitOfMeasureCode.java already exists, newer than template, skipping.
[info] New context.
[info] Generated file: it/infocert/eigor/model/core/model/BG0030LineVatInformation.java
[info] File C:\Users\danidemi\workspace\repos\infocert\eigor\cen-core\target\generated-sources\fromcsv\it\infocert\eigor\model\core\model\BG0030LineVatInformation.java already exists, newer than template, skipping.
[info] New context.
[info] Generated file: it/infocert/eigor/model/core/model/BT0151InvoicedItemVatCategoryCode.java
[info] File C:\Users\danidemi\workspace\repos\infocert\eigor\cen-core\target\generated-sources\fromcsv\it\infocert\eigor\model\core\model\BT0151InvoicedItemVatCategoryCode.java already exists, newer than template, skipping.
[info] New context.
[info] Generated file: it/infocert/eigor/model/core/model/BT0152InvoicedItemVatRate.java
[info] File C:\Users\danidemi\workspace\repos\infocert\eigor\cen-core\target\generated-sources\fromcsv\it\infocert\eigor\model\core\model\BT0152InvoicedItemVatRate.java already exists, newer than template, skipping.
[info] New context.
[info] Generated file: it/infocert/eigor/model/core/model/BG0031ItemInformation.java
[info] File C:\Users\danidemi\workspace\repos\infocert\eigor\cen-core\target\generated-sources\fromcsv\it\infocert\eigor\model\core\model\BG0031ItemInformation.java already exists, newer than template, skipping.
[info] New context.
[info] Generated file: it/infocert/eigor/model/core/model/BT0153ItemName.java
[info] File C:\Users\danidemi\workspace\repos\infocert\eigor\cen-core\target\generated-sources\fromcsv\it\infocert\eigor\model\core\model\BT0153ItemName.java already exists, newer than template, skipping.
[info] New context.
[info] Generated file: it/infocert/eigor/model/core/model/BT0154ItemDescription.java
[info] File C:\Users\danidemi\workspace\repos\infocert\eigor\cen-core\target\generated-sources\fromcsv\it\infocert\eigor\model\core\model\BT0154ItemDescription.java already exists, newer than template, skipping.
[info] New context.
[info] Generated file: it/infocert/eigor/model/core/model/BT0155ItemSellerSIdentifier.java
[info] File C:\Users\danidemi\workspace\repos\infocert\eigor\cen-core\target\generated-sources\fromcsv\it\infocert\eigor\model\core\model\BT0155ItemSellerSIdentifier.java already exists, newer than template, skipping.
[info] New context.
[info] Generated file: it/infocert/eigor/model/core/model/BT0156ItemBuyerSIdentifier.java
[info] File C:\Users\danidemi\workspace\repos\infocert\eigor\cen-core\target\generated-sources\fromcsv\it\infocert\eigor\model\core\model\BT0156ItemBuyerSIdentifier.java already exists, newer than template, skipping.
[info] New context.
[info] Generated file: it/infocert/eigor/model/core/model/BT0157ItemStandardIdentifierAndSchemeIdentifier.java
[info] File C:\Users\danidemi\workspace\repos\infocert\eigor\cen-core\target\generated-sources\fromcsv\it\infocert\eigor\model\core\model\BT0157ItemStandardIdentifierAndSchemeIdentifier.java already exists, newer than template, skipping.
[info] New context.
[info] Generated file: it/infocert/eigor/model/core/model/BT0158ItemClassificationIdentifierAndSchemeIdentifierAndSchemeVersionIdentifier.java
[info] File C:\Users\danidemi\workspace\repos\infocert\eigor\cen-core\target\generated-sources\fromcsv\it\infocert\eigor\model\core\model\BT0158ItemClassificationIdentifierAndSchemeIdentifierAndSchemeVersionIdentifier.java already exists, newer than template, skipping.
[info] New context.
[info] Generated file: it/infocert/eigor/model/core/model/BT0159ItemCountryOfOrigin.java
[info] File C:\Users\danidemi\workspace\repos\infocert\eigor\cen-core\target\generated-sources\fromcsv\it\infocert\eigor\model\core\model\BT0159ItemCountryOfOrigin.java already exists, newer than template, skipping.
[info] New context.
[info] Generated file: it/infocert/eigor/model/core/model/BG0032ItemAttributes.java
[info] File C:\Users\danidemi\workspace\repos\infocert\eigor\cen-core\target\generated-sources\fromcsv\it\infocert\eigor\model\core\model\BG0032ItemAttributes.java already exists, newer than template, skipping.
[info] New context.
[info] Generated file: it/infocert/eigor/model/core/model/BT0160ItemAttributeName.java
[info] File C:\Users\danidemi\workspace\repos\infocert\eigor\cen-core\target\generated-sources\fromcsv\it\infocert\eigor\model\core\model\BT0160ItemAttributeName.java already exists, newer than template, skipping.
[info] New context.
[info] Generated file: it/infocert/eigor/model/core/model/BT0161ItemAttributeValue.java
[info] File C:\Users\danidemi\workspace\repos\infocert\eigor\cen-core\target\generated-sources\fromcsv\it\infocert\eigor\model\core\model\BT0161ItemAttributeValue.java already exists, newer than template, skipping.
[INFO] 
[INFO] --- template-generator-maven-plugin:0.0.7:generate (generate-bgs) @ cen-core ---
[info] Using CSV: 'C:\Users\danidemi\workspace\repos\infocert\eigor\cen-core/src/main/resources/TemplateFiles/BTs/BTsAndBGs.csv'
[info] Using template: 'C:\Users\danidemi\workspace\repos\infocert\eigor\cen-core/src/main/resources/TemplateFiles/BTs/BG.java.vm'
[info] Include all rows.
[info] Context mode: 'ONE_CONTEXT_PER_TAG'
[info] Output folder: 'C:\Users\danidemi\workspace\repos\infocert\eigor\cen-core\target/generated-sources/fromcsv'
[info] Output file: 'it/infocert/eigor/model/core/model/${rows[0].data.BTBGClassName}.java'
[info] Include only contexts satisfying: '${rows[0].data.BTBGClassName.startsWith("BG")}'
[info] New context.
[info] Generated file: it/infocert/eigor/model/core/model/BG0000Invoice.java
[info] File C:\Users\danidemi\workspace\repos\infocert\eigor\cen-core\target\generated-sources\fromcsv\it\infocert\eigor\model\core\model\BG0000Invoice.java already exists, newer than template, skipping.
[info] New context.
[info] Generated file: it/infocert/eigor/model/core/model/BT0001InvoiceNumber.java
[info] File C:\Users\danidemi\workspace\repos\infocert\eigor\cen-core\target\generated-sources\fromcsv\it\infocert\eigor\model\core\model\BT0001InvoiceNumber.java already exists, newer than template, skipping.
[info] New context.
[info] Generated file: it/infocert/eigor/model/core/model/BT0002InvoiceIssueDate.java
[info] File C:\Users\danidemi\workspace\repos\infocert\eigor\cen-core\target\generated-sources\fromcsv\it\infocert\eigor\model\core\model\BT0002InvoiceIssueDate.java already exists, newer than template, skipping.
[info] New context.
[info] Generated file: it/infocert/eigor/model/core/model/BT0003InvoiceTypeCode.java
[info] File C:\Users\danidemi\workspace\repos\infocert\eigor\cen-core\target\generated-sources\fromcsv\it\infocert\eigor\model\core\model\BT0003InvoiceTypeCode.java already exists, newer than template, skipping.
[info] New context.
[info] Generated file: it/infocert/eigor/model/core/model/BT0005InvoiceCurrencyCode.java
[info] File C:\Users\danidemi\workspace\repos\infocert\eigor\cen-core\target\generated-sources\fromcsv\it\infocert\eigor\model\core\model\BT0005InvoiceCurrencyCode.java already exists, newer than template, skipping.
[info] New context.
[info] Generated file: it/infocert/eigor/model/core/model/BT0006VatAccountingCurrencyCode.java
[info] File C:\Users\danidemi\workspace\repos\infocert\eigor\cen-core\target\generated-sources\fromcsv\it\infocert\eigor\model\core\model\BT0006VatAccountingCurrencyCode.java already exists, newer than template, skipping.
[info] New context.
[info] Generated file: it/infocert/eigor/model/core/model/BT0007ValueAddedTaxPointDate.java
[info] File C:\Users\danidemi\workspace\repos\infocert\eigor\cen-core\target\generated-sources\fromcsv\it\infocert\eigor\model\core\model\BT0007ValueAddedTaxPointDate.java already exists, newer than template, skipping.
[info] New context.
[info] Generated file: it/infocert/eigor/model/core/model/BT0008ValueAddedTaxPointDateCode.java
[info] File C:\Users\danidemi\workspace\repos\infocert\eigor\cen-core\target\generated-sources\fromcsv\it\infocert\eigor\model\core\model\BT0008ValueAddedTaxPointDateCode.java already exists, newer than template, skipping.
[info] New context.
[info] Generated file: it/infocert/eigor/model/core/model/BT0009PaymentDueDate.java
[info] File C:\Users\danidemi\workspace\repos\infocert\eigor\cen-core\target\generated-sources\fromcsv\it\infocert\eigor\model\core\model\BT0009PaymentDueDate.java already exists, newer than template, skipping.
[info] New context.
[info] Generated file: it/infocert/eigor/model/core/model/BT0010BuyerReference.java
[info] File C:\Users\danidemi\workspace\repos\infocert\eigor\cen-core\target\generated-sources\fromcsv\it\infocert\eigor\model\core\model\BT0010BuyerReference.java already exists, newer than template, skipping.
[info] New context.
[info] Generated file: it/infocert/eigor/model/core/model/BT0011ProjectReference.java
[info] File C:\Users\danidemi\workspace\repos\infocert\eigor\cen-core\target\generated-sources\fromcsv\it\infocert\eigor\model\core\model\BT0011ProjectReference.java already exists, newer than template, skipping.
[info] New context.
[info] Generated file: it/infocert/eigor/model/core/model/BT0012ContractReference.java
[info] File C:\Users\danidemi\workspace\repos\infocert\eigor\cen-core\target\generated-sources\fromcsv\it\infocert\eigor\model\core\model\BT0012ContractReference.java already exists, newer than template, skipping.
[info] New context.
[info] Generated file: it/infocert/eigor/model/core/model/BT0013PurchaseOrderReference.java
[info] File C:\Users\danidemi\workspace\repos\infocert\eigor\cen-core\target\generated-sources\fromcsv\it\infocert\eigor\model\core\model\BT0013PurchaseOrderReference.java already exists, newer than template, skipping.
[info] New context.
[info] Generated file: it/infocert/eigor/model/core/model/BT0014SalesOrderReference.java
[info] File C:\Users\danidemi\workspace\repos\infocert\eigor\cen-core\target\generated-sources\fromcsv\it\infocert\eigor\model\core\model\BT0014SalesOrderReference.java already exists, newer than template, skipping.
[info] New context.
[info] Generated file: it/infocert/eigor/model/core/model/BT0015ReceivingAdviceReference.java
[info] File C:\Users\danidemi\workspace\repos\infocert\eigor\cen-core\target\generated-sources\fromcsv\it\infocert\eigor\model\core\model\BT0015ReceivingAdviceReference.java already exists, newer than template, skipping.
[info] New context.
[info] Generated file: it/infocert/eigor/model/core/model/BT0016DespatchAdviceReference.java
[info] File C:\Users\danidemi\workspace\repos\infocert\eigor\cen-core\target\generated-sources\fromcsv\it\infocert\eigor\model\core\model\BT0016DespatchAdviceReference.java already exists, newer than template, skipping.
[info] New context.
[info] Generated file: it/infocert/eigor/model/core/model/BT0017TenderOrLotReference.java
[info] File C:\Users\danidemi\workspace\repos\infocert\eigor\cen-core\target\generated-sources\fromcsv\it\infocert\eigor\model\core\model\BT0017TenderOrLotReference.java already exists, newer than template, skipping.
[info] New context.
[info] Generated file: it/infocert/eigor/model/core/model/BT0018InvoicedObjectIdentifierAndSchemeIdentifier.java
[info] File C:\Users\danidemi\workspace\repos\infocert\eigor\cen-core\target\generated-sources\fromcsv\it\infocert\eigor\model\core\model\BT0018InvoicedObjectIdentifierAndSchemeIdentifier.java already exists, newer than template, skipping.
[info] New context.
[info] Generated file: it/infocert/eigor/model/core/model/BT0019BuyerAccountingReference.java
[info] File C:\Users\danidemi\workspace\repos\infocert\eigor\cen-core\target\generated-sources\fromcsv\it\infocert\eigor\model\core\model\BT0019BuyerAccountingReference.java already exists, newer than template, skipping.
[info] New context.
[info] Generated file: it/infocert/eigor/model/core/model/BT0020PaymentTerms.java
[info] File C:\Users\danidemi\workspace\repos\infocert\eigor\cen-core\target\generated-sources\fromcsv\it\infocert\eigor\model\core\model\BT0020PaymentTerms.java already exists, newer than template, skipping.
[info] New context.
[info] Generated file: it/infocert/eigor/model/core/model/BG0001InvoiceNote.java
[info] File C:\Users\danidemi\workspace\repos\infocert\eigor\cen-core\target\generated-sources\fromcsv\it\infocert\eigor\model\core\model\BG0001InvoiceNote.java already exists, newer than template, skipping.
[info] New context.
[info] Generated file: it/infocert/eigor/model/core/model/BT0021InvoiceNoteSubjectCode.java
[info] File C:\Users\danidemi\workspace\repos\infocert\eigor\cen-core\target\generated-sources\fromcsv\it\infocert\eigor\model\core\model\BT0021InvoiceNoteSubjectCode.java already exists, newer than template, skipping.
[info] New context.
[info] Generated file: it/infocert/eigor/model/core/model/BT0022InvoiceNote.java
[info] File C:\Users\danidemi\workspace\repos\infocert\eigor\cen-core\target\generated-sources\fromcsv\it\infocert\eigor\model\core\model\BT0022InvoiceNote.java already exists, newer than template, skipping.
[info] New context.
[info] Generated file: it/infocert/eigor/model/core/model/BG0002ProcessControl.java
[info] File C:\Users\danidemi\workspace\repos\infocert\eigor\cen-core\target\generated-sources\fromcsv\it\infocert\eigor\model\core\model\BG0002ProcessControl.java already exists, newer than template, skipping.
[info] New context.
[info] Generated file: it/infocert/eigor/model/core/model/BT0023BusinessProcessType.java
[info] File C:\Users\danidemi\workspace\repos\infocert\eigor\cen-core\target\generated-sources\fromcsv\it\infocert\eigor\model\core\model\BT0023BusinessProcessType.java already exists, newer than template, skipping.
[info] New context.
[info] Generated file: it/infocert/eigor/model/core/model/BT0024SpecificationIdentifier.java
[info] File C:\Users\danidemi\workspace\repos\infocert\eigor\cen-core\target\generated-sources\fromcsv\it\infocert\eigor\model\core\model\BT0024SpecificationIdentifier.java already exists, newer than template, skipping.
[info] New context.
[info] Generated file: it/infocert/eigor/model/core/model/BG0003PrecedingInvoiceReference.java
[info] File C:\Users\danidemi\workspace\repos\infocert\eigor\cen-core\target\generated-sources\fromcsv\it\infocert\eigor\model\core\model\BG0003PrecedingInvoiceReference.java already exists, newer than template, skipping.
[info] New context.
[info] Generated file: it/infocert/eigor/model/core/model/BT0025PrecedingInvoiceReference.java
[info] File C:\Users\danidemi\workspace\repos\infocert\eigor\cen-core\target\generated-sources\fromcsv\it\infocert\eigor\model\core\model\BT0025PrecedingInvoiceReference.java already exists, newer than template, skipping.
[info] New context.
[info] Generated file: it/infocert/eigor/model/core/model/BT0026PrecedingInvoiceIssueDate.java
[info] File C:\Users\danidemi\workspace\repos\infocert\eigor\cen-core\target\generated-sources\fromcsv\it\infocert\eigor\model\core\model\BT0026PrecedingInvoiceIssueDate.java already exists, newer than template, skipping.
[info] New context.
[info] Generated file: it/infocert/eigor/model/core/model/BG0004Seller.java
[info] File C:\Users\danidemi\workspace\repos\infocert\eigor\cen-core\target\generated-sources\fromcsv\it\infocert\eigor\model\core\model\BG0004Seller.java already exists, newer than template, skipping.
[info] New context.
[info] Generated file: it/infocert/eigor/model/core/model/BT0027SellerName.java
[info] File C:\Users\danidemi\workspace\repos\infocert\eigor\cen-core\target\generated-sources\fromcsv\it\infocert\eigor\model\core\model\BT0027SellerName.java already exists, newer than template, skipping.
[info] New context.
[info] Generated file: it/infocert/eigor/model/core/model/BT0028SellerTradingName.java
[info] File C:\Users\danidemi\workspace\repos\infocert\eigor\cen-core\target\generated-sources\fromcsv\it\infocert\eigor\model\core\model\BT0028SellerTradingName.java already exists, newer than template, skipping.
[info] New context.
[info] Generated file: it/infocert/eigor/model/core/model/BT0029SellerIdentifierAndSchemeIdentifier.java
[info] File C:\Users\danidemi\workspace\repos\infocert\eigor\cen-core\target\generated-sources\fromcsv\it\infocert\eigor\model\core\model\BT0029SellerIdentifierAndSchemeIdentifier.java already exists, newer than template, skipping.
[info] New context.
[info] Generated file: it/infocert/eigor/model/core/model/BT0030SellerLegalRegistrationIdentifierAndSchemeIdentifier.java
[info] File C:\Users\danidemi\workspace\repos\infocert\eigor\cen-core\target\generated-sources\fromcsv\it\infocert\eigor\model\core\model\BT0030SellerLegalRegistrationIdentifierAndSchemeIdentifier.java already exists, newer than template, skipping.
[info] New context.
[info] Generated file: it/infocert/eigor/model/core/model/BT0031SellerVatIdentifier.java
[info] File C:\Users\danidemi\workspace\repos\infocert\eigor\cen-core\target\generated-sources\fromcsv\it\infocert\eigor\model\core\model\BT0031SellerVatIdentifier.java already exists, newer than template, skipping.
[info] New context.
[info] Generated file: it/infocert/eigor/model/core/model/BT0032SellerTaxRegistrationIdentifier.java
[info] File C:\Users\danidemi\workspace\repos\infocert\eigor\cen-core\target\generated-sources\fromcsv\it\infocert\eigor\model\core\model\BT0032SellerTaxRegistrationIdentifier.java already exists, newer than template, skipping.
[info] New context.
[info] Generated file: it/infocert/eigor/model/core/model/BT0033SellerAdditionalLegalInformation.java
[info] File C:\Users\danidemi\workspace\repos\infocert\eigor\cen-core\target\generated-sources\fromcsv\it\infocert\eigor\model\core\model\BT0033SellerAdditionalLegalInformation.java already exists, newer than template, skipping.
[info] New context.
[info] Generated file: it/infocert/eigor/model/core/model/BT0034SellerElectronicAddressAndSchemeIdentifier.java
[info] File C:\Users\danidemi\workspace\repos\infocert\eigor\cen-core\target\generated-sources\fromcsv\it\infocert\eigor\model\core\model\BT0034SellerElectronicAddressAndSchemeIdentifier.java already exists, newer than template, skipping.
[info] New context.
[info] Generated file: it/infocert/eigor/model/core/model/BG0005SellerPostalAddress.java
[info] File C:\Users\danidemi\workspace\repos\infocert\eigor\cen-core\target\generated-sources\fromcsv\it\infocert\eigor\model\core\model\BG0005SellerPostalAddress.java already exists, newer than template, skipping.
[info] New context.
[info] Generated file: it/infocert/eigor/model/core/model/BT0035SellerAddressLine1.java
[info] File C:\Users\danidemi\workspace\repos\infocert\eigor\cen-core\target\generated-sources\fromcsv\it\infocert\eigor\model\core\model\BT0035SellerAddressLine1.java already exists, newer than template, skipping.
[info] New context.
[info] Generated file: it/infocert/eigor/model/core/model/BT0036SellerAddressLine2.java
[info] File C:\Users\danidemi\workspace\repos\infocert\eigor\cen-core\target\generated-sources\fromcsv\it\infocert\eigor\model\core\model\BT0036SellerAddressLine2.java already exists, newer than template, skipping.
[info] New context.
[info] Generated file: it/infocert/eigor/model/core/model/BT0162SellerAddressLine3.java
[info] File C:\Users\danidemi\workspace\repos\infocert\eigor\cen-core\target\generated-sources\fromcsv\it\infocert\eigor\model\core\model\BT0162SellerAddressLine3.java already exists, newer than template, skipping.
[info] New context.
[info] Generated file: it/infocert/eigor/model/core/model/BT0037SellerCity.java
[info] File C:\Users\danidemi\workspace\repos\infocert\eigor\cen-core\target\generated-sources\fromcsv\it\infocert\eigor\model\core\model\BT0037SellerCity.java already exists, newer than template, skipping.
[info] New context.
[info] Generated file: it/infocert/eigor/model/core/model/BT0038SellerPostCode.java
[info] File C:\Users\danidemi\workspace\repos\infocert\eigor\cen-core\target\generated-sources\fromcsv\it\infocert\eigor\model\core\model\BT0038SellerPostCode.java already exists, newer than template, skipping.
[info] New context.
[info] Generated file: it/infocert/eigor/model/core/model/BT0039SellerCountrySubdivision.java
[info] File C:\Users\danidemi\workspace\repos\infocert\eigor\cen-core\target\generated-sources\fromcsv\it\infocert\eigor\model\core\model\BT0039SellerCountrySubdivision.java already exists, newer than template, skipping.
[info] New context.
[info] Generated file: it/infocert/eigor/model/core/model/BT0040SellerCountryCode.java
[info] File C:\Users\danidemi\workspace\repos\infocert\eigor\cen-core\target\generated-sources\fromcsv\it\infocert\eigor\model\core\model\BT0040SellerCountryCode.java already exists, newer than template, skipping.
[info] New context.
[info] Generated file: it/infocert/eigor/model/core/model/BG0006SellerContact.java
[info] File C:\Users\danidemi\workspace\repos\infocert\eigor\cen-core\target\generated-sources\fromcsv\it\infocert\eigor\model\core\model\BG0006SellerContact.java already exists, newer than template, skipping.
[info] New context.
[info] Generated file: it/infocert/eigor/model/core/model/BT0041SellerContactPoint.java
[info] File C:\Users\danidemi\workspace\repos\infocert\eigor\cen-core\target\generated-sources\fromcsv\it\infocert\eigor\model\core\model\BT0041SellerContactPoint.java already exists, newer than template, skipping.
[info] New context.
[info] Generated file: it/infocert/eigor/model/core/model/BT0042SellerContactTelephoneNumber.java
[info] File C:\Users\danidemi\workspace\repos\infocert\eigor\cen-core\target\generated-sources\fromcsv\it\infocert\eigor\model\core\model\BT0042SellerContactTelephoneNumber.java already exists, newer than template, skipping.
[info] New context.
[info] Generated file: it/infocert/eigor/model/core/model/BT0043SellerContactEmailAddress.java
[info] File C:\Users\danidemi\workspace\repos\infocert\eigor\cen-core\target\generated-sources\fromcsv\it\infocert\eigor\model\core\model\BT0043SellerContactEmailAddress.java already exists, newer than template, skipping.
[info] New context.
[info] Generated file: it/infocert/eigor/model/core/model/BG0007Buyer.java
[info] File C:\Users\danidemi\workspace\repos\infocert\eigor\cen-core\target\generated-sources\fromcsv\it\infocert\eigor\model\core\model\BG0007Buyer.java already exists, newer than template, skipping.
[info] New context.
[info] Generated file: it/infocert/eigor/model/core/model/BT0044BuyerName.java
[info] File C:\Users\danidemi\workspace\repos\infocert\eigor\cen-core\target\generated-sources\fromcsv\it\infocert\eigor\model\core\model\BT0044BuyerName.java already exists, newer than template, skipping.
[info] New context.
[info] Generated file: it/infocert/eigor/model/core/model/BT0045BuyerTradingName.java
[info] File C:\Users\danidemi\workspace\repos\infocert\eigor\cen-core\target\generated-sources\fromcsv\it\infocert\eigor\model\core\model\BT0045BuyerTradingName.java already exists, newer than template, skipping.
[info] New context.
[info] Generated file: it/infocert/eigor/model/core/model/BT0046BuyerIdentifierAndSchemeIdentifier.java
[info] File C:\Users\danidemi\workspace\repos\infocert\eigor\cen-core\target\generated-sources\fromcsv\it\infocert\eigor\model\core\model\BT0046BuyerIdentifierAndSchemeIdentifier.java already exists, newer than template, skipping.
[info] New context.
[info] Generated file: it/infocert/eigor/model/core/model/BT0047BuyerLegalRegistrationIdentifierAndSchemeIdentifier.java
[info] File C:\Users\danidemi\workspace\repos\infocert\eigor\cen-core\target\generated-sources\fromcsv\it\infocert\eigor\model\core\model\BT0047BuyerLegalRegistrationIdentifierAndSchemeIdentifier.java already exists, newer than template, skipping.
[info] New context.
[info] Generated file: it/infocert/eigor/model/core/model/BT0048BuyerVatIdentifier.java
[info] File C:\Users\danidemi\workspace\repos\infocert\eigor\cen-core\target\generated-sources\fromcsv\it\infocert\eigor\model\core\model\BT0048BuyerVatIdentifier.java already exists, newer than template, skipping.
[info] New context.
[info] Generated file: it/infocert/eigor/model/core/model/BT0049BuyerElectronicAddressAndSchemeIdentifier.java
[info] File C:\Users\danidemi\workspace\repos\infocert\eigor\cen-core\target\generated-sources\fromcsv\it\infocert\eigor\model\core\model\BT0049BuyerElectronicAddressAndSchemeIdentifier.java already exists, newer than template, skipping.
[info] New context.
[info] Generated file: it/infocert/eigor/model/core/model/BG0008BuyerPostalAddress.java
[info] File C:\Users\danidemi\workspace\repos\infocert\eigor\cen-core\target\generated-sources\fromcsv\it\infocert\eigor\model\core\model\BG0008BuyerPostalAddress.java already exists, newer than template, skipping.
[info] New context.
[info] Generated file: it/infocert/eigor/model/core/model/BT0050BuyerAddressLine1.java
[info] File C:\Users\danidemi\workspace\repos\infocert\eigor\cen-core\target\generated-sources\fromcsv\it\infocert\eigor\model\core\model\BT0050BuyerAddressLine1.java already exists, newer than template, skipping.
[info] New context.
[info] Generated file: it/infocert/eigor/model/core/model/BT0051BuyerAddressLine2.java
[info] File C:\Users\danidemi\workspace\repos\infocert\eigor\cen-core\target\generated-sources\fromcsv\it\infocert\eigor\model\core\model\BT0051BuyerAddressLine2.java already exists, newer than template, skipping.
[info] New context.
[info] Generated file: it/infocert/eigor/model/core/model/BT0163BuyerAddressLine3.java
[info] File C:\Users\danidemi\workspace\repos\infocert\eigor\cen-core\target\generated-sources\fromcsv\it\infocert\eigor\model\core\model\BT0163BuyerAddressLine3.java already exists, newer than template, skipping.
[info] New context.
[info] Generated file: it/infocert/eigor/model/core/model/BT0052BuyerCity.java
[info] File C:\Users\danidemi\workspace\repos\infocert\eigor\cen-core\target\generated-sources\fromcsv\it\infocert\eigor\model\core\model\BT0052BuyerCity.java already exists, newer than template, skipping.
[info] New context.
[info] Generated file: it/infocert/eigor/model/core/model/BT0053BuyerPostCode.java
[info] File C:\Users\danidemi\workspace\repos\infocert\eigor\cen-core\target\generated-sources\fromcsv\it\infocert\eigor\model\core\model\BT0053BuyerPostCode.java already exists, newer than template, skipping.
[info] New context.
[info] Generated file: it/infocert/eigor/model/core/model/BT0054BuyerCountrySubdivision.java
[info] File C:\Users\danidemi\workspace\repos\infocert\eigor\cen-core\target\generated-sources\fromcsv\it\infocert\eigor\model\core\model\BT0054BuyerCountrySubdivision.java already exists, newer than template, skipping.
[info] New context.
[info] Generated file: it/infocert/eigor/model/core/model/BT0055BuyerCountryCode.java
[info] File C:\Users\danidemi\workspace\repos\infocert\eigor\cen-core\target\generated-sources\fromcsv\it\infocert\eigor\model\core\model\BT0055BuyerCountryCode.java already exists, newer than template, skipping.
[info] New context.
[info] Generated file: it/infocert/eigor/model/core/model/BG0009BuyerContact.java
[info] File C:\Users\danidemi\workspace\repos\infocert\eigor\cen-core\target\generated-sources\fromcsv\it\infocert\eigor\model\core\model\BG0009BuyerContact.java already exists, newer than template, skipping.
[info] New context.
[info] Generated file: it/infocert/eigor/model/core/model/BT0056BuyerContactPoint.java
[info] File C:\Users\danidemi\workspace\repos\infocert\eigor\cen-core\target\generated-sources\fromcsv\it\infocert\eigor\model\core\model\BT0056BuyerContactPoint.java already exists, newer than template, skipping.
[info] New context.
[info] Generated file: it/infocert/eigor/model/core/model/BT0057BuyerContactTelephoneNumber.java
[info] File C:\Users\danidemi\workspace\repos\infocert\eigor\cen-core\target\generated-sources\fromcsv\it\infocert\eigor\model\core\model\BT0057BuyerContactTelephoneNumber.java already exists, newer than template, skipping.
[info] New context.
[info] Generated file: it/infocert/eigor/model/core/model/BT0058BuyerContactEmailAddress.java
[info] File C:\Users\danidemi\workspace\repos\infocert\eigor\cen-core\target\generated-sources\fromcsv\it\infocert\eigor\model\core\model\BT0058BuyerContactEmailAddress.java already exists, newer than template, skipping.
[info] New context.
[info] Generated file: it/infocert/eigor/model/core/model/BG0010Payee.java
[info] File C:\Users\danidemi\workspace\repos\infocert\eigor\cen-core\target\generated-sources\fromcsv\it\infocert\eigor\model\core\model\BG0010Payee.java already exists, newer than template, skipping.
[info] New context.
[info] Generated file: it/infocert/eigor/model/core/model/BT0059PayeeName.java
[info] File C:\Users\danidemi\workspace\repos\infocert\eigor\cen-core\target\generated-sources\fromcsv\it\infocert\eigor\model\core\model\BT0059PayeeName.java already exists, newer than template, skipping.
[info] New context.
[info] Generated file: it/infocert/eigor/model/core/model/BT0060PayeeIdentifierAndSchemeIdentifier.java
[info] File C:\Users\danidemi\workspace\repos\infocert\eigor\cen-core\target\generated-sources\fromcsv\it\infocert\eigor\model\core\model\BT0060PayeeIdentifierAndSchemeIdentifier.java already exists, newer than template, skipping.
[info] New context.
[info] Generated file: it/infocert/eigor/model/core/model/BT0061PayeeLegalRegistrationIdentifierAndSchemeIdentifier.java
[info] File C:\Users\danidemi\workspace\repos\infocert\eigor\cen-core\target\generated-sources\fromcsv\it\infocert\eigor\model\core\model\BT0061PayeeLegalRegistrationIdentifierAndSchemeIdentifier.java already exists, newer than template, skipping.
[info] New context.
[info] Generated file: it/infocert/eigor/model/core/model/BG0011SellerTaxRepresentativeParty.java
[info] File C:\Users\danidemi\workspace\repos\infocert\eigor\cen-core\target\generated-sources\fromcsv\it\infocert\eigor\model\core\model\BG0011SellerTaxRepresentativeParty.java already exists, newer than template, skipping.
[info] New context.
[info] Generated file: it/infocert/eigor/model/core/model/BT0062SellerTaxRepresentativeName.java
[info] File C:\Users\danidemi\workspace\repos\infocert\eigor\cen-core\target\generated-sources\fromcsv\it\infocert\eigor\model\core\model\BT0062SellerTaxRepresentativeName.java already exists, newer than template, skipping.
[info] New context.
[info] Generated file: it/infocert/eigor/model/core/model/BT0063SellerTaxRepresentativeVatIdentifier.java
[info] File C:\Users\danidemi\workspace\repos\infocert\eigor\cen-core\target\generated-sources\fromcsv\it\infocert\eigor\model\core\model\BT0063SellerTaxRepresentativeVatIdentifier.java already exists, newer than template, skipping.
[info] New context.
[info] Generated file: it/infocert/eigor/model/core/model/BG0012SellerTaxRepresentativePostalAddress.java
[info] File C:\Users\danidemi\workspace\repos\infocert\eigor\cen-core\target\generated-sources\fromcsv\it\infocert\eigor\model\core\model\BG0012SellerTaxRepresentativePostalAddress.java already exists, newer than template, skipping.
[info] New context.
[info] Generated file: it/infocert/eigor/model/core/model/BT0064TaxRepresentativeAddressLine1.java
[info] File C:\Users\danidemi\workspace\repos\infocert\eigor\cen-core\target\generated-sources\fromcsv\it\infocert\eigor\model\core\model\BT0064TaxRepresentativeAddressLine1.java already exists, newer than template, skipping.
[info] New context.
[info] Generated file: it/infocert/eigor/model/core/model/BT0065TaxRepresentativeAddressLine2.java
[info] File C:\Users\danidemi\workspace\repos\infocert\eigor\cen-core\target\generated-sources\fromcsv\it\infocert\eigor\model\core\model\BT0065TaxRepresentativeAddressLine2.java already exists, newer than template, skipping.
[info] New context.
[info] Generated file: it/infocert/eigor/model/core/model/BT0164TaxRepresentativeAddressLine3.java
[info] File C:\Users\danidemi\workspace\repos\infocert\eigor\cen-core\target\generated-sources\fromcsv\it\infocert\eigor\model\core\model\BT0164TaxRepresentativeAddressLine3.java already exists, newer than template, skipping.
[info] New context.
[info] Generated file: it/infocert/eigor/model/core/model/BT0066TaxRepresentativeCity.java
[info] File C:\Users\danidemi\workspace\repos\infocert\eigor\cen-core\target\generated-sources\fromcsv\it\infocert\eigor\model\core\model\BT0066TaxRepresentativeCity.java already exists, newer than template, skipping.
[info] New context.
[info] Generated file: it/infocert/eigor/model/core/model/BT0067TaxRepresentativePostCode.java
[info] File C:\Users\danidemi\workspace\repos\infocert\eigor\cen-core\target\generated-sources\fromcsv\it\infocert\eigor\model\core\model\BT0067TaxRepresentativePostCode.java already exists, newer than template, skipping.
[info] New context.
[info] Generated file: it/infocert/eigor/model/core/model/BT0068TaxRepresentativeCountrySubdivision.java
[info] File C:\Users\danidemi\workspace\repos\infocert\eigor\cen-core\target\generated-sources\fromcsv\it\infocert\eigor\model\core\model\BT0068TaxRepresentativeCountrySubdivision.java already exists, newer than template, skipping.
[info] New context.
[info] Generated file: it/infocert/eigor/model/core/model/BT0069TaxRepresentativeCountryCode.java
[info] File C:\Users\danidemi\workspace\repos\infocert\eigor\cen-core\target\generated-sources\fromcsv\it\infocert\eigor\model\core\model\BT0069TaxRepresentativeCountryCode.java already exists, newer than template, skipping.
[info] New context.
[info] Generated file: it/infocert/eigor/model/core/model/BG0013DeliveryInformation.java
[info] File C:\Users\danidemi\workspace\repos\infocert\eigor\cen-core\target\generated-sources\fromcsv\it\infocert\eigor\model\core\model\BG0013DeliveryInformation.java already exists, newer than template, skipping.
[info] New context.
[info] Generated file: it/infocert/eigor/model/core/model/BT0070DeliverToPartyName.java
[info] File C:\Users\danidemi\workspace\repos\infocert\eigor\cen-core\target\generated-sources\fromcsv\it\infocert\eigor\model\core\model\BT0070DeliverToPartyName.java already exists, newer than template, skipping.
[info] New context.
[info] Generated file: it/infocert/eigor/model/core/model/BT0071DeliverToLocationIdentifierAndSchemeIdentifier.java
[info] File C:\Users\danidemi\workspace\repos\infocert\eigor\cen-core\target\generated-sources\fromcsv\it\infocert\eigor\model\core\model\BT0071DeliverToLocationIdentifierAndSchemeIdentifier.java already exists, newer than template, skipping.
[info] New context.
[info] Generated file: it/infocert/eigor/model/core/model/BT0072ActualDeliveryDate.java
[info] File C:\Users\danidemi\workspace\repos\infocert\eigor\cen-core\target\generated-sources\fromcsv\it\infocert\eigor\model\core\model\BT0072ActualDeliveryDate.java already exists, newer than template, skipping.
[info] New context.
[info] Generated file: it/infocert/eigor/model/core/model/BG0014InvoicingPeriod.java
[info] File C:\Users\danidemi\workspace\repos\infocert\eigor\cen-core\target\generated-sources\fromcsv\it\infocert\eigor\model\core\model\BG0014InvoicingPeriod.java already exists, newer than template, skipping.
[info] New context.
[info] Generated file: it/infocert/eigor/model/core/model/BT0073InvoicingPeriodStartDate.java
[info] File C:\Users\danidemi\workspace\repos\infocert\eigor\cen-core\target\generated-sources\fromcsv\it\infocert\eigor\model\core\model\BT0073InvoicingPeriodStartDate.java already exists, newer than template, skipping.
[info] New context.
[info] Generated file: it/infocert/eigor/model/core/model/BT0074InvoicingPeriodEndDate.java
[info] File C:\Users\danidemi\workspace\repos\infocert\eigor\cen-core\target\generated-sources\fromcsv\it\infocert\eigor\model\core\model\BT0074InvoicingPeriodEndDate.java already exists, newer than template, skipping.
[info] New context.
[info] Generated file: it/infocert/eigor/model/core/model/BG0015DeliverToAddress.java
[info] File C:\Users\danidemi\workspace\repos\infocert\eigor\cen-core\target\generated-sources\fromcsv\it\infocert\eigor\model\core\model\BG0015DeliverToAddress.java already exists, newer than template, skipping.
[info] New context.
[info] Generated file: it/infocert/eigor/model/core/model/BT0075DeliverToAddressLine1.java
[info] File C:\Users\danidemi\workspace\repos\infocert\eigor\cen-core\target\generated-sources\fromcsv\it\infocert\eigor\model\core\model\BT0075DeliverToAddressLine1.java already exists, newer than template, skipping.
[info] New context.
[info] Generated file: it/infocert/eigor/model/core/model/BT0076DeliverToAddressLine2.java
[info] File C:\Users\danidemi\workspace\repos\infocert\eigor\cen-core\target\generated-sources\fromcsv\it\infocert\eigor\model\core\model\BT0076DeliverToAddressLine2.java already exists, newer than template, skipping.
[info] New context.
[info] Generated file: it/infocert/eigor/model/core/model/BT0165DeliverToAddressLine3.java
[info] File C:\Users\danidemi\workspace\repos\infocert\eigor\cen-core\target\generated-sources\fromcsv\it\infocert\eigor\model\core\model\BT0165DeliverToAddressLine3.java already exists, newer than template, skipping.
[info] New context.
[info] Generated file: it/infocert/eigor/model/core/model/BT0077DeliverToCity.java
[info] File C:\Users\danidemi\workspace\repos\infocert\eigor\cen-core\target\generated-sources\fromcsv\it\infocert\eigor\model\core\model\BT0077DeliverToCity.java already exists, newer than template, skipping.
[info] New context.
[info] Generated file: it/infocert/eigor/model/core/model/BT0078DeliverToPostCode.java
[info] File C:\Users\danidemi\workspace\repos\infocert\eigor\cen-core\target\generated-sources\fromcsv\it\infocert\eigor\model\core\model\BT0078DeliverToPostCode.java already exists, newer than template, skipping.
[info] New context.
[info] Generated file: it/infocert/eigor/model/core/model/BT0079DeliverToCountrySubdivision.java
[info] File C:\Users\danidemi\workspace\repos\infocert\eigor\cen-core\target\generated-sources\fromcsv\it\infocert\eigor\model\core\model\BT0079DeliverToCountrySubdivision.java already exists, newer than template, skipping.
[info] New context.
[info] Generated file: it/infocert/eigor/model/core/model/BT0080DeliverToCountryCode.java
[info] File C:\Users\danidemi\workspace\repos\infocert\eigor\cen-core\target\generated-sources\fromcsv\it\infocert\eigor\model\core\model\BT0080DeliverToCountryCode.java already exists, newer than template, skipping.
[info] New context.
[info] Generated file: it/infocert/eigor/model/core/model/BG0016PaymentInstructions.java
[info] File C:\Users\danidemi\workspace\repos\infocert\eigor\cen-core\target\generated-sources\fromcsv\it\infocert\eigor\model\core\model\BG0016PaymentInstructions.java already exists, newer than template, skipping.
[info] New context.
[info] Generated file: it/infocert/eigor/model/core/model/BT0081PaymentMeansTypeCode.java
[info] File C:\Users\danidemi\workspace\repos\infocert\eigor\cen-core\target\generated-sources\fromcsv\it\infocert\eigor\model\core\model\BT0081PaymentMeansTypeCode.java already exists, newer than template, skipping.
[info] New context.
[info] Generated file: it/infocert/eigor/model/core/model/BT0082PaymentMeansText.java
[info] File C:\Users\danidemi\workspace\repos\infocert\eigor\cen-core\target\generated-sources\fromcsv\it\infocert\eigor\model\core\model\BT0082PaymentMeansText.java already exists, newer than template, skipping.
[info] New context.
[info] Generated file: it/infocert/eigor/model/core/model/BT0083RemittanceInformation.java
[info] File C:\Users\danidemi\workspace\repos\infocert\eigor\cen-core\target\generated-sources\fromcsv\it\infocert\eigor\model\core\model\BT0083RemittanceInformation.java already exists, newer than template, skipping.
[info] New context.
[info] Generated file: it/infocert/eigor/model/core/model/BG0017CreditTransfer.java
[info] File C:\Users\danidemi\workspace\repos\infocert\eigor\cen-core\target\generated-sources\fromcsv\it\infocert\eigor\model\core\model\BG0017CreditTransfer.java already exists, newer than template, skipping.
[info] New context.
[info] Generated file: it/infocert/eigor/model/core/model/BT0084PaymentAccountIdentifier.java
[info] File C:\Users\danidemi\workspace\repos\infocert\eigor\cen-core\target\generated-sources\fromcsv\it\infocert\eigor\model\core\model\BT0084PaymentAccountIdentifier.java already exists, newer than template, skipping.
[info] New context.
[info] Generated file: it/infocert/eigor/model/core/model/BT0085PaymentAccountName.java
[info] File C:\Users\danidemi\workspace\repos\infocert\eigor\cen-core\target\generated-sources\fromcsv\it\infocert\eigor\model\core\model\BT0085PaymentAccountName.java already exists, newer than template, skipping.
[info] New context.
[info] Generated file: it/infocert/eigor/model/core/model/BT0086PaymentServiceProviderIdentifier.java
[info] File C:\Users\danidemi\workspace\repos\infocert\eigor\cen-core\target\generated-sources\fromcsv\it\infocert\eigor\model\core\model\BT0086PaymentServiceProviderIdentifier.java already exists, newer than template, skipping.
[info] New context.
[info] Generated file: it/infocert/eigor/model/core/model/BG0018PaymentCardInformation.java
[info] File C:\Users\danidemi\workspace\repos\infocert\eigor\cen-core\target\generated-sources\fromcsv\it\infocert\eigor\model\core\model\BG0018PaymentCardInformation.java already exists, newer than template, skipping.
[info] New context.
[info] Generated file: it/infocert/eigor/model/core/model/BT0087PaymentCardPrimaryAccountNumber.java
[info] File C:\Users\danidemi\workspace\repos\infocert\eigor\cen-core\target\generated-sources\fromcsv\it\infocert\eigor\model\core\model\BT0087PaymentCardPrimaryAccountNumber.java already exists, newer than template, skipping.
[info] New context.
[info] Generated file: it/infocert/eigor/model/core/model/BT0088PaymentCardHolderName.java
[info] File C:\Users\danidemi\workspace\repos\infocert\eigor\cen-core\target\generated-sources\fromcsv\it\infocert\eigor\model\core\model\BT0088PaymentCardHolderName.java already exists, newer than template, skipping.
[info] New context.
[info] Generated file: it/infocert/eigor/model/core/model/BG0019DirectDebit.java
[info] File C:\Users\danidemi\workspace\repos\infocert\eigor\cen-core\target\generated-sources\fromcsv\it\infocert\eigor\model\core\model\BG0019DirectDebit.java already exists, newer than template, skipping.
[info] New context.
[info] Generated file: it/infocert/eigor/model/core/model/BT0089MandateReferenceIdentifier.java
[info] File C:\Users\danidemi\workspace\repos\infocert\eigor\cen-core\target\generated-sources\fromcsv\it\infocert\eigor\model\core\model\BT0089MandateReferenceIdentifier.java already exists, newer than template, skipping.
[info] New context.
[info] Generated file: it/infocert/eigor/model/core/model/BT0090BankAssignedCreditorIdentifier.java
[info] File C:\Users\danidemi\workspace\repos\infocert\eigor\cen-core\target\generated-sources\fromcsv\it\infocert\eigor\model\core\model\BT0090BankAssignedCreditorIdentifier.java already exists, newer than template, skipping.
[info] New context.
[info] Generated file: it/infocert/eigor/model/core/model/BT0091DebitedAccountIdentifier.java
[info] File C:\Users\danidemi\workspace\repos\infocert\eigor\cen-core\target\generated-sources\fromcsv\it\infocert\eigor\model\core\model\BT0091DebitedAccountIdentifier.java already exists, newer than template, skipping.
[info] New context.
[info] Generated file: it/infocert/eigor/model/core/model/BG0020DocumentLevelAllowances.java
[info] File C:\Users\danidemi\workspace\repos\infocert\eigor\cen-core\target\generated-sources\fromcsv\it\infocert\eigor\model\core\model\BG0020DocumentLevelAllowances.java already exists, newer than template, skipping.
[info] New context.
[info] Generated file: it/infocert/eigor/model/core/model/BT0092DocumentLevelAllowanceAmount.java
[info] File C:\Users\danidemi\workspace\repos\infocert\eigor\cen-core\target\generated-sources\fromcsv\it\infocert\eigor\model\core\model\BT0092DocumentLevelAllowanceAmount.java already exists, newer than template, skipping.
[info] New context.
[info] Generated file: it/infocert/eigor/model/core/model/BT0093DocumentLevelAllowanceBaseAmount.java
[info] File C:\Users\danidemi\workspace\repos\infocert\eigor\cen-core\target\generated-sources\fromcsv\it\infocert\eigor\model\core\model\BT0093DocumentLevelAllowanceBaseAmount.java already exists, newer than template, skipping.
[info] New context.
[info] Generated file: it/infocert/eigor/model/core/model/BT0094DocumentLevelAllowancePercentage.java
[info] File C:\Users\danidemi\workspace\repos\infocert\eigor\cen-core\target\generated-sources\fromcsv\it\infocert\eigor\model\core\model\BT0094DocumentLevelAllowancePercentage.java already exists, newer than template, skipping.
[info] New context.
[info] Generated file: it/infocert/eigor/model/core/model/BT0095DocumentLevelAllowanceVatCategoryCode.java
[info] File C:\Users\danidemi\workspace\repos\infocert\eigor\cen-core\target\generated-sources\fromcsv\it\infocert\eigor\model\core\model\BT0095DocumentLevelAllowanceVatCategoryCode.java already exists, newer than template, skipping.
[info] New context.
[info] Generated file: it/infocert/eigor/model/core/model/BT0096DocumentLevelAllowanceVatRate.java
[info] File C:\Users\danidemi\workspace\repos\infocert\eigor\cen-core\target\generated-sources\fromcsv\it\infocert\eigor\model\core\model\BT0096DocumentLevelAllowanceVatRate.java already exists, newer than template, skipping.
[info] New context.
[info] Generated file: it/infocert/eigor/model/core/model/BT0097DocumentLevelAllowanceReason.java
[info] File C:\Users\danidemi\workspace\repos\infocert\eigor\cen-core\target\generated-sources\fromcsv\it\infocert\eigor\model\core\model\BT0097DocumentLevelAllowanceReason.java already exists, newer than template, skipping.
[info] New context.
[info] Generated file: it/infocert/eigor/model/core/model/BT0098DocumentLevelAllowanceReasonCode.java
[info] File C:\Users\danidemi\workspace\repos\infocert\eigor\cen-core\target\generated-sources\fromcsv\it\infocert\eigor\model\core\model\BT0098DocumentLevelAllowanceReasonCode.java already exists, newer than template, skipping.
[info] New context.
[info] Generated file: it/infocert/eigor/model/core/model/BG0021DocumentLevelCharges.java
[info] File C:\Users\danidemi\workspace\repos\infocert\eigor\cen-core\target\generated-sources\fromcsv\it\infocert\eigor\model\core\model\BG0021DocumentLevelCharges.java already exists, newer than template, skipping.
[info] New context.
[info] Generated file: it/infocert/eigor/model/core/model/BT0099DocumentLevelChargeAmount.java
[info] File C:\Users\danidemi\workspace\repos\infocert\eigor\cen-core\target\generated-sources\fromcsv\it\infocert\eigor\model\core\model\BT0099DocumentLevelChargeAmount.java already exists, newer than template, skipping.
[info] New context.
[info] Generated file: it/infocert/eigor/model/core/model/BT0100DocumentLevelChargeBaseAmount.java
[info] File C:\Users\danidemi\workspace\repos\infocert\eigor\cen-core\target\generated-sources\fromcsv\it\infocert\eigor\model\core\model\BT0100DocumentLevelChargeBaseAmount.java already exists, newer than template, skipping.
[info] New context.
[info] Generated file: it/infocert/eigor/model/core/model/BT0101DocumentLevelChargePercentage.java
[info] File C:\Users\danidemi\workspace\repos\infocert\eigor\cen-core\target\generated-sources\fromcsv\it\infocert\eigor\model\core\model\BT0101DocumentLevelChargePercentage.java already exists, newer than template, skipping.
[info] New context.
[info] Generated file: it/infocert/eigor/model/core/model/BT0102DocumentLevelChargeVatCategoryCode.java
[info] File C:\Users\danidemi\workspace\repos\infocert\eigor\cen-core\target\generated-sources\fromcsv\it\infocert\eigor\model\core\model\BT0102DocumentLevelChargeVatCategoryCode.java already exists, newer than template, skipping.
[info] New context.
[info] Generated file: it/infocert/eigor/model/core/model/BT0103DocumentLevelChargeVatRate.java
[info] File C:\Users\danidemi\workspace\repos\infocert\eigor\cen-core\target\generated-sources\fromcsv\it\infocert\eigor\model\core\model\BT0103DocumentLevelChargeVatRate.java already exists, newer than template, skipping.
[info] New context.
[info] Generated file: it/infocert/eigor/model/core/model/BT0104DocumentLevelChargeReason.java
[info] File C:\Users\danidemi\workspace\repos\infocert\eigor\cen-core\target\generated-sources\fromcsv\it\infocert\eigor\model\core\model\BT0104DocumentLevelChargeReason.java already exists, newer than template, skipping.
[info] New context.
[info] Generated file: it/infocert/eigor/model/core/model/BT0105DocumentLevelChargeReasonCode.java
[info] File C:\Users\danidemi\workspace\repos\infocert\eigor\cen-core\target\generated-sources\fromcsv\it\infocert\eigor\model\core\model\BT0105DocumentLevelChargeReasonCode.java already exists, newer than template, skipping.
[info] New context.
[info] Generated file: it/infocert/eigor/model/core/model/BG0022DocumentTotals.java
[info] File C:\Users\danidemi\workspace\repos\infocert\eigor\cen-core\target\generated-sources\fromcsv\it\infocert\eigor\model\core\model\BG0022DocumentTotals.java already exists, newer than template, skipping.
[info] New context.
[info] Generated file: it/infocert/eigor/model/core/model/BT0106SumOfInvoiceLineNetAmount.java
[info] File C:\Users\danidemi\workspace\repos\infocert\eigor\cen-core\target\generated-sources\fromcsv\it\infocert\eigor\model\core\model\BT0106SumOfInvoiceLineNetAmount.java already exists, newer than template, skipping.
[info] New context.
[info] Generated file: it/infocert/eigor/model/core/model/BT0107SumOfAllowancesOnDocumentLevel.java
[info] File C:\Users\danidemi\workspace\repos\infocert\eigor\cen-core\target\generated-sources\fromcsv\it\infocert\eigor\model\core\model\BT0107SumOfAllowancesOnDocumentLevel.java already exists, newer than template, skipping.
[info] New context.
[info] Generated file: it/infocert/eigor/model/core/model/BT0108SumOfChargesOnDocumentLevel.java
[info] File C:\Users\danidemi\workspace\repos\infocert\eigor\cen-core\target\generated-sources\fromcsv\it\infocert\eigor\model\core\model\BT0108SumOfChargesOnDocumentLevel.java already exists, newer than template, skipping.
[info] New context.
[info] Generated file: it/infocert/eigor/model/core/model/BT0109InvoiceTotalAmountWithoutVat.java
[info] File C:\Users\danidemi\workspace\repos\infocert\eigor\cen-core\target\generated-sources\fromcsv\it\infocert\eigor\model\core\model\BT0109InvoiceTotalAmountWithoutVat.java already exists, newer than template, skipping.
[info] New context.
[info] Generated file: it/infocert/eigor/model/core/model/BT0110InvoiceTotalVatAmount.java
[info] File C:\Users\danidemi\workspace\repos\infocert\eigor\cen-core\target\generated-sources\fromcsv\it\infocert\eigor\model\core\model\BT0110InvoiceTotalVatAmount.java already exists, newer than template, skipping.
[info] New context.
[info] Generated file: it/infocert/eigor/model/core/model/BT0111InvoiceTotalVatAmountInAccountingCurrency.java
[info] File C:\Users\danidemi\workspace\repos\infocert\eigor\cen-core\target\generated-sources\fromcsv\it\infocert\eigor\model\core\model\BT0111InvoiceTotalVatAmountInAccountingCurrency.java already exists, newer than template, skipping.
[info] New context.
[info] Generated file: it/infocert/eigor/model/core/model/BT0112InvoiceTotalAmountWithVat.java
[info] File C:\Users\danidemi\workspace\repos\infocert\eigor\cen-core\target\generated-sources\fromcsv\it\infocert\eigor\model\core\model\BT0112InvoiceTotalAmountWithVat.java already exists, newer than template, skipping.
[info] New context.
[info] Generated file: it/infocert/eigor/model/core/model/BT0113PaidAmount.java
[info] File C:\Users\danidemi\workspace\repos\infocert\eigor\cen-core\target\generated-sources\fromcsv\it\infocert\eigor\model\core\model\BT0113PaidAmount.java already exists, newer than template, skipping.
[info] New context.
[info] Generated file: it/infocert/eigor/model/core/model/BT0114RoundingAmount.java
[info] File C:\Users\danidemi\workspace\repos\infocert\eigor\cen-core\target\generated-sources\fromcsv\it\infocert\eigor\model\core\model\BT0114RoundingAmount.java already exists, newer than template, skipping.
[info] New context.
[info] Generated file: it/infocert/eigor/model/core/model/BT0115AmountDueForPayment.java
[info] File C:\Users\danidemi\workspace\repos\infocert\eigor\cen-core\target\generated-sources\fromcsv\it\infocert\eigor\model\core\model\BT0115AmountDueForPayment.java already exists, newer than template, skipping.
[info] New context.
[info] Generated file: it/infocert/eigor/model/core/model/BG0023VatBreakdown.java
[info] File C:\Users\danidemi\workspace\repos\infocert\eigor\cen-core\target\generated-sources\fromcsv\it\infocert\eigor\model\core\model\BG0023VatBreakdown.java already exists, newer than template, skipping.
[info] New context.
[info] Generated file: it/infocert/eigor/model/core/model/BT0116VatCategoryTaxableAmount.java
[info] File C:\Users\danidemi\workspace\repos\infocert\eigor\cen-core\target\generated-sources\fromcsv\it\infocert\eigor\model\core\model\BT0116VatCategoryTaxableAmount.java already exists, newer than template, skipping.
[info] New context.
[info] Generated file: it/infocert/eigor/model/core/model/BT0117VatCategoryTaxAmount.java
[info] File C:\Users\danidemi\workspace\repos\infocert\eigor\cen-core\target\generated-sources\fromcsv\it\infocert\eigor\model\core\model\BT0117VatCategoryTaxAmount.java already exists, newer than template, skipping.
[info] New context.
[info] Generated file: it/infocert/eigor/model/core/model/BT0118VatCategoryCode.java
[info] File C:\Users\danidemi\workspace\repos\infocert\eigor\cen-core\target\generated-sources\fromcsv\it\infocert\eigor\model\core\model\BT0118VatCategoryCode.java already exists, newer than template, skipping.
[info] New context.
[info] Generated file: it/infocert/eigor/model/core/model/BT0119VatCategoryRate.java
[info] File C:\Users\danidemi\workspace\repos\infocert\eigor\cen-core\target\generated-sources\fromcsv\it\infocert\eigor\model\core\model\BT0119VatCategoryRate.java already exists, newer than template, skipping.
[info] New context.
[info] Generated file: it/infocert/eigor/model/core/model/BT0120VatExemptionReasonText.java
[info] File C:\Users\danidemi\workspace\repos\infocert\eigor\cen-core\target\generated-sources\fromcsv\it\infocert\eigor\model\core\model\BT0120VatExemptionReasonText.java already exists, newer than template, skipping.
[info] New context.
[info] Generated file: it/infocert/eigor/model/core/model/BT0121VatExemptionReasonCode.java
[info] File C:\Users\danidemi\workspace\repos\infocert\eigor\cen-core\target\generated-sources\fromcsv\it\infocert\eigor\model\core\model\BT0121VatExemptionReasonCode.java already exists, newer than template, skipping.
[info] New context.
[info] Generated file: it/infocert/eigor/model/core/model/BG0024AdditionalSupportingDocuments.java
[info] File C:\Users\danidemi\workspace\repos\infocert\eigor\cen-core\target\generated-sources\fromcsv\it\infocert\eigor\model\core\model\BG0024AdditionalSupportingDocuments.java already exists, newer than template, skipping.
[info] New context.
[info] Generated file: it/infocert/eigor/model/core/model/BT0122SupportingDocumentReference.java
[info] File C:\Users\danidemi\workspace\repos\infocert\eigor\cen-core\target\generated-sources\fromcsv\it\infocert\eigor\model\core\model\BT0122SupportingDocumentReference.java already exists, newer than template, skipping.
[info] New context.
[info] Generated file: it/infocert/eigor/model/core/model/BT0123SupportingDocumentDescription.java
[info] File C:\Users\danidemi\workspace\repos\infocert\eigor\cen-core\target\generated-sources\fromcsv\it\infocert\eigor\model\core\model\BT0123SupportingDocumentDescription.java already exists, newer than template, skipping.
[info] New context.
[info] Generated file: it/infocert/eigor/model/core/model/BT0124ExternalDocumentLocation.java
[info] File C:\Users\danidemi\workspace\repos\infocert\eigor\cen-core\target\generated-sources\fromcsv\it\infocert\eigor\model\core\model\BT0124ExternalDocumentLocation.java already exists, newer than template, skipping.
[info] New context.
[info] Generated file: it/infocert/eigor/model/core/model/BT0125AttachedDocumentAndAttachedDocumentMimeCodeAndAttachedDocumentFilename.java
[info] File C:\Users\danidemi\workspace\repos\infocert\eigor\cen-core\target\generated-sources\fromcsv\it\infocert\eigor\model\core\model\BT0125AttachedDocumentAndAttachedDocumentMimeCodeAndAttachedDocumentFilename.java already exists, newer than template, skipping.
[info] New context.
[info] Generated file: it/infocert/eigor/model/core/model/BG0025InvoiceLine.java
[info] File C:\Users\danidemi\workspace\repos\infocert\eigor\cen-core\target\generated-sources\fromcsv\it\infocert\eigor\model\core\model\BG0025InvoiceLine.java already exists, newer than template, skipping.
[info] New context.
[info] Generated file: it/infocert/eigor/model/core/model/BT0126InvoiceLineIdentifier.java
[info] File C:\Users\danidemi\workspace\repos\infocert\eigor\cen-core\target\generated-sources\fromcsv\it\infocert\eigor\model\core\model\BT0126InvoiceLineIdentifier.java already exists, newer than template, skipping.
[info] New context.
[info] Generated file: it/infocert/eigor/model/core/model/BT0127InvoiceLineNote.java
[info] File C:\Users\danidemi\workspace\repos\infocert\eigor\cen-core\target\generated-sources\fromcsv\it\infocert\eigor\model\core\model\BT0127InvoiceLineNote.java already exists, newer than template, skipping.
[info] New context.
[info] Generated file: it/infocert/eigor/model/core/model/BT0128InvoiceLineObjectIdentifierAndSchemeIdentifier.java
[info] File C:\Users\danidemi\workspace\repos\infocert\eigor\cen-core\target\generated-sources\fromcsv\it\infocert\eigor\model\core\model\BT0128InvoiceLineObjectIdentifierAndSchemeIdentifier.java already exists, newer than template, skipping.
[info] New context.
[info] Generated file: it/infocert/eigor/model/core/model/BT0129InvoicedQuantity.java
[info] File C:\Users\danidemi\workspace\repos\infocert\eigor\cen-core\target\generated-sources\fromcsv\it\infocert\eigor\model\core\model\BT0129InvoicedQuantity.java already exists, newer than template, skipping.
[info] New context.
[info] Generated file: it/infocert/eigor/model/core/model/BT0130InvoicedQuantityUnitOfMeasureCode.java
[info] File C:\Users\danidemi\workspace\repos\infocert\eigor\cen-core\target\generated-sources\fromcsv\it\infocert\eigor\model\core\model\BT0130InvoicedQuantityUnitOfMeasureCode.java already exists, newer than template, skipping.
[info] New context.
[info] Generated file: it/infocert/eigor/model/core/model/BT0131InvoiceLineNetAmount.java
[info] File C:\Users\danidemi\workspace\repos\infocert\eigor\cen-core\target\generated-sources\fromcsv\it\infocert\eigor\model\core\model\BT0131InvoiceLineNetAmount.java already exists, newer than template, skipping.
[info] New context.
[info] Generated file: it/infocert/eigor/model/core/model/BT0132ReferencedPurchaseOrderLineReference.java
[info] File C:\Users\danidemi\workspace\repos\infocert\eigor\cen-core\target\generated-sources\fromcsv\it\infocert\eigor\model\core\model\BT0132ReferencedPurchaseOrderLineReference.java already exists, newer than template, skipping.
[info] New context.
[info] Generated file: it/infocert/eigor/model/core/model/BT0133InvoiceLineBuyerAccountingReference.java
[info] File C:\Users\danidemi\workspace\repos\infocert\eigor\cen-core\target\generated-sources\fromcsv\it\infocert\eigor\model\core\model\BT0133InvoiceLineBuyerAccountingReference.java already exists, newer than template, skipping.
[info] New context.
[info] Generated file: it/infocert/eigor/model/core/model/BG0026InvoiceLinePeriod.java
[info] File C:\Users\danidemi\workspace\repos\infocert\eigor\cen-core\target\generated-sources\fromcsv\it\infocert\eigor\model\core\model\BG0026InvoiceLinePeriod.java already exists, newer than template, skipping.
[info] New context.
[info] Generated file: it/infocert/eigor/model/core/model/BT0134InvoiceLinePeriodStartDate.java
[info] File C:\Users\danidemi\workspace\repos\infocert\eigor\cen-core\target\generated-sources\fromcsv\it\infocert\eigor\model\core\model\BT0134InvoiceLinePeriodStartDate.java already exists, newer than template, skipping.
[info] New context.
[info] Generated file: it/infocert/eigor/model/core/model/BT0135InvoiceLinePeriodEndDate.java
[info] File C:\Users\danidemi\workspace\repos\infocert\eigor\cen-core\target\generated-sources\fromcsv\it\infocert\eigor\model\core\model\BT0135InvoiceLinePeriodEndDate.java already exists, newer than template, skipping.
[info] New context.
[info] Generated file: it/infocert/eigor/model/core/model/BG0027InvoiceLineAllowances.java
[info] File C:\Users\danidemi\workspace\repos\infocert\eigor\cen-core\target\generated-sources\fromcsv\it\infocert\eigor\model\core\model\BG0027InvoiceLineAllowances.java already exists, newer than template, skipping.
[info] New context.
[info] Generated file: it/infocert/eigor/model/core/model/BT0136InvoiceLineAllowanceAmount.java
[info] File C:\Users\danidemi\workspace\repos\infocert\eigor\cen-core\target\generated-sources\fromcsv\it\infocert\eigor\model\core\model\BT0136InvoiceLineAllowanceAmount.java already exists, newer than template, skipping.
[info] New context.
[info] Generated file: it/infocert/eigor/model/core/model/BT0137InvoiceLineAllowanceBaseAmount.java
[info] File C:\Users\danidemi\workspace\repos\infocert\eigor\cen-core\target\generated-sources\fromcsv\it\infocert\eigor\model\core\model\BT0137InvoiceLineAllowanceBaseAmount.java already exists, newer than template, skipping.
[info] New context.
[info] Generated file: it/infocert/eigor/model/core/model/BT0138InvoiceLineAllowancePercentage.java
[info] File C:\Users\danidemi\workspace\repos\infocert\eigor\cen-core\target\generated-sources\fromcsv\it\infocert\eigor\model\core\model\BT0138InvoiceLineAllowancePercentage.java already exists, newer than template, skipping.
[info] New context.
[info] Generated file: it/infocert/eigor/model/core/model/BT0139InvoiceLineAllowanceReason.java
[info] File C:\Users\danidemi\workspace\repos\infocert\eigor\cen-core\target\generated-sources\fromcsv\it\infocert\eigor\model\core\model\BT0139InvoiceLineAllowanceReason.java already exists, newer than template, skipping.
[info] New context.
[info] Generated file: it/infocert/eigor/model/core/model/BT0140InvoiceLineAllowanceReasonCode.java
[info] File C:\Users\danidemi\workspace\repos\infocert\eigor\cen-core\target\generated-sources\fromcsv\it\infocert\eigor\model\core\model\BT0140InvoiceLineAllowanceReasonCode.java already exists, newer than template, skipping.
[info] New context.
[info] Generated file: it/infocert/eigor/model/core/model/BG0028InvoiceLineCharges.java
[info] File C:\Users\danidemi\workspace\repos\infocert\eigor\cen-core\target\generated-sources\fromcsv\it\infocert\eigor\model\core\model\BG0028InvoiceLineCharges.java already exists, newer than template, skipping.
[info] New context.
[info] Generated file: it/infocert/eigor/model/core/model/BT0141InvoiceLineChargeAmount.java
[info] File C:\Users\danidemi\workspace\repos\infocert\eigor\cen-core\target\generated-sources\fromcsv\it\infocert\eigor\model\core\model\BT0141InvoiceLineChargeAmount.java already exists, newer than template, skipping.
[info] New context.
[info] Generated file: it/infocert/eigor/model/core/model/BT0142InvoiceLineChargeBaseAmount.java
[info] File C:\Users\danidemi\workspace\repos\infocert\eigor\cen-core\target\generated-sources\fromcsv\it\infocert\eigor\model\core\model\BT0142InvoiceLineChargeBaseAmount.java already exists, newer than template, skipping.
[info] New context.
[info] Generated file: it/infocert/eigor/model/core/model/BT0143InvoiceLineChargePercentage.java
[info] File C:\Users\danidemi\workspace\repos\infocert\eigor\cen-core\target\generated-sources\fromcsv\it\infocert\eigor\model\core\model\BT0143InvoiceLineChargePercentage.java already exists, newer than template, skipping.
[info] New context.
[info] Generated file: it/infocert/eigor/model/core/model/BT0144InvoiceLineChargeReason.java
[info] File C:\Users\danidemi\workspace\repos\infocert\eigor\cen-core\target\generated-sources\fromcsv\it\infocert\eigor\model\core\model\BT0144InvoiceLineChargeReason.java already exists, newer than template, skipping.
[info] New context.
[info] Generated file: it/infocert/eigor/model/core/model/BT0145InvoiceLineChargeReasonCode.java
[info] File C:\Users\danidemi\workspace\repos\infocert\eigor\cen-core\target\generated-sources\fromcsv\it\infocert\eigor\model\core\model\BT0145InvoiceLineChargeReasonCode.java already exists, newer than template, skipping.
[info] New context.
[info] Generated file: it/infocert/eigor/model/core/model/BG0029PriceDetails.java
[info] File C:\Users\danidemi\workspace\repos\infocert\eigor\cen-core\target\generated-sources\fromcsv\it\infocert\eigor\model\core\model\BG0029PriceDetails.java already exists, newer than template, skipping.
[info] New context.
[info] Generated file: it/infocert/eigor/model/core/model/BT0146ItemNetPrice.java
[info] File C:\Users\danidemi\workspace\repos\infocert\eigor\cen-core\target\generated-sources\fromcsv\it\infocert\eigor\model\core\model\BT0146ItemNetPrice.java already exists, newer than template, skipping.
[info] New context.
[info] Generated file: it/infocert/eigor/model/core/model/BT0147ItemPriceDiscount.java
[info] File C:\Users\danidemi\workspace\repos\infocert\eigor\cen-core\target\generated-sources\fromcsv\it\infocert\eigor\model\core\model\BT0147ItemPriceDiscount.java already exists, newer than template, skipping.
[info] New context.
[info] Generated file: it/infocert/eigor/model/core/model/BT0148ItemGrossPrice.java
[info] File C:\Users\danidemi\workspace\repos\infocert\eigor\cen-core\target\generated-sources\fromcsv\it\infocert\eigor\model\core\model\BT0148ItemGrossPrice.java already exists, newer than template, skipping.
[info] New context.
[info] Generated file: it/infocert/eigor/model/core/model/BT0149ItemPriceBaseQuantity.java
[info] File C:\Users\danidemi\workspace\repos\infocert\eigor\cen-core\target\generated-sources\fromcsv\it\infocert\eigor\model\core\model\BT0149ItemPriceBaseQuantity.java already exists, newer than template, skipping.
[info] New context.
[info] Generated file: it/infocert/eigor/model/core/model/BT0150ItemPriceBaseQuantityUnitOfMeasureCode.java
[info] File C:\Users\danidemi\workspace\repos\infocert\eigor\cen-core\target\generated-sources\fromcsv\it\infocert\eigor\model\core\model\BT0150ItemPriceBaseQuantityUnitOfMeasureCode.java already exists, newer than template, skipping.
[info] New context.
[info] Generated file: it/infocert/eigor/model/core/model/BG0030LineVatInformation.java
[info] File C:\Users\danidemi\workspace\repos\infocert\eigor\cen-core\target\generated-sources\fromcsv\it\infocert\eigor\model\core\model\BG0030LineVatInformation.java already exists, newer than template, skipping.
[info] New context.
[info] Generated file: it/infocert/eigor/model/core/model/BT0151InvoicedItemVatCategoryCode.java
[info] File C:\Users\danidemi\workspace\repos\infocert\eigor\cen-core\target\generated-sources\fromcsv\it\infocert\eigor\model\core\model\BT0151InvoicedItemVatCategoryCode.java already exists, newer than template, skipping.
[info] New context.
[info] Generated file: it/infocert/eigor/model/core/model/BT0152InvoicedItemVatRate.java
[info] File C:\Users\danidemi\workspace\repos\infocert\eigor\cen-core\target\generated-sources\fromcsv\it\infocert\eigor\model\core\model\BT0152InvoicedItemVatRate.java already exists, newer than template, skipping.
[info] New context.
[info] Generated file: it/infocert/eigor/model/core/model/BG0031ItemInformation.java
[info] File C:\Users\danidemi\workspace\repos\infocert\eigor\cen-core\target\generated-sources\fromcsv\it\infocert\eigor\model\core\model\BG0031ItemInformation.java already exists, newer than template, skipping.
[info] New context.
[info] Generated file: it/infocert/eigor/model/core/model/BT0153ItemName.java
[info] File C:\Users\danidemi\workspace\repos\infocert\eigor\cen-core\target\generated-sources\fromcsv\it\infocert\eigor\model\core\model\BT0153ItemName.java already exists, newer than template, skipping.
[info] New context.
[info] Generated file: it/infocert/eigor/model/core/model/BT0154ItemDescription.java
[info] File C:\Users\danidemi\workspace\repos\infocert\eigor\cen-core\target\generated-sources\fromcsv\it\infocert\eigor\model\core\model\BT0154ItemDescription.java already exists, newer than template, skipping.
[info] New context.
[info] Generated file: it/infocert/eigor/model/core/model/BT0155ItemSellerSIdentifier.java
[info] File C:\Users\danidemi\workspace\repos\infocert\eigor\cen-core\target\generated-sources\fromcsv\it\infocert\eigor\model\core\model\BT0155ItemSellerSIdentifier.java already exists, newer than template, skipping.
[info] New context.
[info] Generated file: it/infocert/eigor/model/core/model/BT0156ItemBuyerSIdentifier.java
[info] File C:\Users\danidemi\workspace\repos\infocert\eigor\cen-core\target\generated-sources\fromcsv\it\infocert\eigor\model\core\model\BT0156ItemBuyerSIdentifier.java already exists, newer than template, skipping.
[info] New context.
[info] Generated file: it/infocert/eigor/model/core/model/BT0157ItemStandardIdentifierAndSchemeIdentifier.java
[info] File C:\Users\danidemi\workspace\repos\infocert\eigor\cen-core\target\generated-sources\fromcsv\it\infocert\eigor\model\core\model\BT0157ItemStandardIdentifierAndSchemeIdentifier.java already exists, newer than template, skipping.
[info] New context.
[info] Generated file: it/infocert/eigor/model/core/model/BT0158ItemClassificationIdentifierAndSchemeIdentifierAndSchemeVersionIdentifier.java
[info] File C:\Users\danidemi\workspace\repos\infocert\eigor\cen-core\target\generated-sources\fromcsv\it\infocert\eigor\model\core\model\BT0158ItemClassificationIdentifierAndSchemeIdentifierAndSchemeVersionIdentifier.java already exists, newer than template, skipping.
[info] New context.
[info] Generated file: it/infocert/eigor/model/core/model/BT0159ItemCountryOfOrigin.java
[info] File C:\Users\danidemi\workspace\repos\infocert\eigor\cen-core\target\generated-sources\fromcsv\it\infocert\eigor\model\core\model\BT0159ItemCountryOfOrigin.java already exists, newer than template, skipping.
[info] New context.
[info] Generated file: it/infocert/eigor/model/core/model/BG0032ItemAttributes.java
[info] File C:\Users\danidemi\workspace\repos\infocert\eigor\cen-core\target\generated-sources\fromcsv\it\infocert\eigor\model\core\model\BG0032ItemAttributes.java already exists, newer than template, skipping.
[info] New context.
[info] Generated file: it/infocert/eigor/model/core/model/BT0160ItemAttributeName.java
[info] File C:\Users\danidemi\workspace\repos\infocert\eigor\cen-core\target\generated-sources\fromcsv\it\infocert\eigor\model\core\model\BT0160ItemAttributeName.java already exists, newer than template, skipping.
[info] New context.
[info] Generated file: it/infocert/eigor/model/core/model/BT0161ItemAttributeValue.java
[info] File C:\Users\danidemi\workspace\repos\infocert\eigor\cen-core\target\generated-sources\fromcsv\it\infocert\eigor\model\core\model\BT0161ItemAttributeValue.java already exists, newer than template, skipping.
[INFO] 
[INFO] --- template-generator-maven-plugin:0.0.7:generate (generate-cen-structure) @ cen-core ---
[info] Using CSV: 'C:\Users\danidemi\workspace\repos\infocert\eigor\cen-core/src/main/resources/TemplateFiles/BTs/BTsAndBGs.csv'
[info] Using template: 'C:\Users\danidemi\workspace\repos\infocert\eigor\cen-core/src/main/resources/TemplateFiles/BTs/CenStructureSource.java.vm'
[info] Include all rows.
[info] Context mode: 'ONE_CONTEXT_PER_CSV'
[info] Output folder: 'C:\Users\danidemi\workspace\repos\infocert\eigor\cen-core\target/generated-sources/fromcsv'
[info] Output file: 'it/infocert/eigor/model/core/model/CenStructureSource.java'
[info] Include all contexts.
[info] New context.
[info] Generated file: it/infocert/eigor/model/core/model/CenStructureSource.java
[info] File C:\Users\danidemi\workspace\repos\infocert\eigor\cen-core\target\generated-sources\fromcsv\it\infocert\eigor\model\core\model\CenStructureSource.java already exists, newer than template, skipping.
[INFO] 
[INFO] --- build-helper-maven-plugin:3.0.0:add-source (generate-country-codes) @ cen-core ---
[INFO] Source directory: C:\Users\danidemi\workspace\repos\infocert\eigor\cen-core\target\generated-sources\fromcsv added.
[INFO] 
[INFO] --- maven-resources-plugin:2.6:resources (default-resources) @ cen-core ---
[INFO] Using 'UTF-8' encoding to copy filtered resources.
[INFO] Copying 0 resource
[INFO] 
[INFO] --- maven-compiler-plugin:3.6.1:compile (default-compile) @ cen-core ---
[INFO] Toolchain in maven-compiler-plugin: JDK[C:\Program Files\Java\jdk1.7.0_80]
[INFO] Nothing to compile - all classes are up to date
[INFO] 
[INFO] --- build-helper-maven-plugin:3.0.0:add-test-source (add-integration-test-sources) @ cen-core ---
[INFO] Test Source directory: C:\Users\danidemi\workspace\repos\infocert\eigor\cen-core\src\integration-test\java added.
[INFO] 
[INFO] --- build-helper-maven-plugin:3.0.0:add-test-resource (add-integration-test-resources) @ cen-core ---
[INFO] 
[INFO] --- maven-resources-plugin:2.6:testResources (default-testResources) @ cen-core ---
[INFO] Using 'UTF-8' encoding to copy filtered resources.
[INFO] Copying 1 resource
[INFO] skip non existing resourceDirectory C:\Users\danidemi\workspace\repos\infocert\eigor\cen-core\src\integration-test\resources
[INFO] 
[INFO] --- maven-compiler-plugin:3.6.1:testCompile (default-testCompile) @ cen-core ---
[INFO] Toolchain in maven-compiler-plugin: JDK[C:\Program Files\Java\jdk1.7.0_80]
[INFO] Nothing to compile - all classes are up to date
[INFO] 
[INFO] --- maven-surefire-plugin:2.20:test (default-test) @ cen-core ---
[INFO] Toolchain in maven-surefire-plugin: JDK[C:\Program Files\Java\jdk1.7.0_80]
[INFO] 
[INFO] -------------------------------------------------------
[INFO]  T E S T S
[INFO] -------------------------------------------------------
[INFO] Running it.infocert.eigor.model.core.datatypes.BinaryTest
[INFO] Tests run: 1, Failures: 0, Errors: 0, Skipped: 0, Time elapsed: 0.031 s - in it.infocert.eigor.model.core.datatypes.BinaryTest
[INFO] Running it.infocert.eigor.model.core.datatypes.IdentifierTest
[INFO] Tests run: 1, Failures: 0, Errors: 0, Skipped: 0, Time elapsed: 0 s - in it.infocert.eigor.model.core.datatypes.IdentifierTest
[INFO] Running it.infocert.eigor.model.core.dump.DumpTest
[INFO] Tests run: 1, Failures: 0, Errors: 0, Skipped: 0, Time elapsed: 0.105 s - in it.infocert.eigor.model.core.dump.DumpTest
[INFO] Running it.infocert.eigor.model.core.enums.JustToTestIfAutomaticGenerationWorksTest
[INFO] Tests run: 1, Failures: 0, Errors: 0, Skipped: 0, Time elapsed: 0.048 s - in it.infocert.eigor.model.core.enums.JustToTestIfAutomaticGenerationWorksTest
[INFO] Running it.infocert.eigor.model.core.enums.Untdid4451InvoiceNoteSubjectCodeTest
[INFO] Tests run: 1, Failures: 0, Errors: 0, Skipped: 0, Time elapsed: 0 s - in it.infocert.eigor.model.core.enums.Untdid4451InvoiceNoteSubjectCodeTest
[INFO] Running it.infocert.eigor.model.core.model.BT0001InvoiceNumberTest
[INFO] Tests run: 1, Failures: 0, Errors: 0, Skipped: 0, Time elapsed: 0 s - in it.infocert.eigor.model.core.model.BT0001InvoiceNumberTest
[INFO] Running it.infocert.eigor.model.core.model.structure.BtBgNameTest
[INFO] Tests run: 2, Failures: 0, Errors: 0, Skipped: 0, Time elapsed: 0 s - in it.infocert.eigor.model.core.model.structure.BtBgNameTest
[INFO] Running it.infocert.eigor.model.core.model.structure.CenStructureTest
[INFO] Tests run: 6, Failures: 0, Errors: 0, Skipped: 0, Time elapsed: 0 s - in it.infocert.eigor.model.core.model.structure.CenStructureTest
[INFO] Running it.infocert.eigor.model.core.ParentAwareListTest
[INFO] Tests run: 3, Failures: 0, Errors: 0, Skipped: 0, Time elapsed: 0 s - in it.infocert.eigor.model.core.ParentAwareListTest
[INFO] Running it.infocert.eigor.model.core.rules.Br002AnInvoiceShallHaveAnInvoiceNumberRuleTest
[INFO] Tests run: 2, Failures: 0, Errors: 0, Skipped: 0, Time elapsed: 0 s - in it.infocert.eigor.model.core.rules.Br002AnInvoiceShallHaveAnInvoiceNumberRuleTest
[INFO] Running it.infocert.eigor.model.core.rules.RuleOutcomeTest
[INFO] Tests run: 3, Failures: 0, Errors: 0, Skipped: 0, Time elapsed: 0 s - in it.infocert.eigor.model.core.rules.RuleOutcomeTest
[INFO] 
[INFO] Results:
[INFO] 
[INFO] Tests run: 22, Failures: 0, Errors: 0, Skipped: 0
[INFO] 
[INFO] 
[INFO] --- maven-jar-plugin:2.6:jar (default-jar) @ cen-core ---
[INFO] 
[INFO] --- maven-site-plugin:3.5.1:site (default-site) @ cen-core ---
[INFO] configuring report plugin org.apache.maven.plugins:maven-project-info-reports-plugin:2.9
[INFO] Relativizing decoration links with respect to localized project URL: http://projects.spring.io/spring-boot/eigor-parent/cen-core/
[INFO] Rendering site with org.apache.maven.skins:maven-default-skin:jar:1.2 skin.
[INFO] Generating "Dependencies" report         --- maven-project-info-reports-plugin:2.9:dependencies
[INFO] Generating "Dependency Convergence" report --- maven-project-info-reports-plugin:2.9:dependency-convergence
[INFO] Generating "About" report                --- maven-project-info-reports-plugin:2.9:index
[INFO]                                                                         
[INFO] ------------------------------------------------------------------------
[INFO] Building Eigor :: Test :: Invoices 0.0.7-SNAPSHOT
[INFO] ------------------------------------------------------------------------
[INFO] 
[INFO] --- maven-toolchains-plugin:1.1:toolchain (default) @ eigor-test ---
[INFO] Required toolchain: jdk [ version='[1.7,1.8)' ]
[INFO] Found matching toolchain for type jdk: JDK[C:\Program Files\Java\jdk1.7.0_80]
[INFO] 
[INFO] --- maven-resources-plugin:2.6:resources (default-resources) @ eigor-test ---
[INFO] Using 'UTF-8' encoding to copy filtered resources.
[INFO] Copying 0 resource
[INFO] Copying 9 resources
[INFO] 
[INFO] --- maven-compiler-plugin:3.6.1:compile (default-compile) @ eigor-test ---
[INFO] Toolchain in maven-compiler-plugin: JDK[C:\Program Files\Java\jdk1.7.0_80]
[INFO] Nothing to compile - all classes are up to date
[INFO] 
[INFO] --- build-helper-maven-plugin:3.0.0:add-test-source (add-integration-test-sources) @ eigor-test ---
[INFO] Test Source directory: C:\Users\danidemi\workspace\repos\infocert\eigor\eigor-test\src\integration-test\java added.
[INFO] 
[INFO] --- build-helper-maven-plugin:3.0.0:add-test-resource (add-integration-test-resources) @ eigor-test ---
[INFO] 
[INFO] --- maven-resources-plugin:2.6:testResources (default-testResources) @ eigor-test ---
[INFO] Using 'UTF-8' encoding to copy filtered resources.
[INFO] skip non existing resourceDirectory C:\Users\danidemi\workspace\repos\infocert\eigor\eigor-test\src\test\resources
[INFO] skip non existing resourceDirectory C:\Users\danidemi\workspace\repos\infocert\eigor\eigor-test\src\integration-test\resources
[INFO] 
[INFO] --- maven-compiler-plugin:3.6.1:testCompile (default-testCompile) @ eigor-test ---
[INFO] Toolchain in maven-compiler-plugin: JDK[C:\Program Files\Java\jdk1.7.0_80]
[INFO] No sources to compile
[INFO] 
[INFO] --- maven-surefire-plugin:2.20:test (default-test) @ eigor-test ---
[INFO] Toolchain in maven-surefire-plugin: JDK[C:\Program Files\Java\jdk1.7.0_80]
[INFO] No tests to run.
[INFO] 
[INFO] --- maven-jar-plugin:2.6:jar (default-jar) @ eigor-test ---
[INFO] 
[INFO] --- maven-site-plugin:3.5.1:site (default-site) @ eigor-test ---
[INFO] configuring report plugin org.apache.maven.plugins:maven-project-info-reports-plugin:2.9
[INFO] Relativizing decoration links with respect to localized project URL: http://projects.spring.io/spring-boot/eigor-parent/eigor-test/
[INFO] Rendering site with org.apache.maven.skins:maven-default-skin:jar:1.2 skin.
[INFO] Generating "Dependencies" report         --- maven-project-info-reports-plugin:2.9:dependencies
[INFO] Generating "Dependency Convergence" report --- maven-project-info-reports-plugin:2.9:dependency-convergence
[INFO] Generating "About" report                --- maven-project-info-reports-plugin:2.9:index
[INFO] 
[INFO] --- pitest-maven:1.1.11:mutationCoverage (default) @ eigor-test ---
[INFO] Skipping project
[INFO]                                                                         
[INFO] ------------------------------------------------------------------------
[INFO] Building Eigor :: API 0.0.7-SNAPSHOT
[INFO] ------------------------------------------------------------------------
[INFO] 
[INFO] --- maven-toolchains-plugin:1.1:toolchain (default) @ eigor-api ---
[INFO] Required toolchain: jdk [ version='[1.7,1.8)' ]
[INFO] Found matching toolchain for type jdk: JDK[C:\Program Files\Java\jdk1.7.0_80]
[INFO] 
[INFO] --- maven-resources-plugin:2.6:resources (default-resources) @ eigor-api ---
[INFO] Using 'UTF-8' encoding to copy filtered resources.
[INFO] Copying 0 resource
[INFO] Copying 0 resource
[INFO] 
[INFO] --- maven-compiler-plugin:3.6.1:compile (default-compile) @ eigor-api ---
[INFO] Toolchain in maven-compiler-plugin: JDK[C:\Program Files\Java\jdk1.7.0_80]
[INFO] Changes detected - recompiling the module!
[INFO] Compiling 37 source files to C:\Users\danidemi\workspace\repos\infocert\eigor\eigor-api\target\classes
[INFO] 
[INFO] --- build-helper-maven-plugin:3.0.0:add-test-source (add-integration-test-sources) @ eigor-api ---
[INFO] Test Source directory: C:\Users\danidemi\workspace\repos\infocert\eigor\eigor-api\src\integration-test\java added.
[INFO] 
[INFO] --- build-helper-maven-plugin:3.0.0:add-test-resource (add-integration-test-resources) @ eigor-api ---
[INFO] 
[INFO] --- maven-resources-plugin:2.6:testResources (default-testResources) @ eigor-api ---
[INFO] Using 'UTF-8' encoding to copy filtered resources.
[INFO] Copying 1 resource
[INFO] skip non existing resourceDirectory C:\Users\danidemi\workspace\repos\infocert\eigor\eigor-api\src\integration-test\resources
[INFO] 
[INFO] --- maven-compiler-plugin:3.6.1:testCompile (default-testCompile) @ eigor-api ---
[INFO] Toolchain in maven-compiler-plugin: JDK[C:\Program Files\Java\jdk1.7.0_80]
[INFO] Nothing to compile - all classes are up to date
[INFO] 
[INFO] --- maven-surefire-plugin:2.20:test (default-test) @ eigor-api ---
[INFO] Toolchain in maven-surefire-plugin: JDK[C:\Program Files\Java\jdk1.7.0_80]
[INFO] 
[INFO] -------------------------------------------------------
[INFO]  T E S T S
[INFO] -------------------------------------------------------
[INFO] Running it.infocert.eigor.api.ApiTest
[INFO] Tests run: 1, Failures: 0, Errors: 0, Skipped: 0, Time elapsed: 0.316 s - in it.infocert.eigor.api.ApiTest
[INFO] Running it.infocert.eigor.api.BinaryConversionResultTest
[INFO] Tests run: 3, Failures: 0, Errors: 0, Skipped: 0, Time elapsed: 0 s - in it.infocert.eigor.api.BinaryConversionResultTest
[INFO] Running it.infocert.eigor.api.conversion.ConversionRegistryTest
[INFO] Tests run: 4, Failures: 0, Errors: 0, Skipped: 0, Time elapsed: 0.05 s - in it.infocert.eigor.api.conversion.ConversionRegistryTest
[INFO] Running it.infocert.eigor.api.conversion.CountryNameToIso31661CountryCodeConverterTest
[INFO] Tests run: 2, Failures: 0, Errors: 0, Skipped: 0, Time elapsed: 0 s - in it.infocert.eigor.api.conversion.CountryNameToIso31661CountryCodeConverterTest
[INFO] Running it.infocert.eigor.api.conversion.LookUpEnumConversionTest
[INFO] Tests run: 2, Failures: 0, Errors: 0, Skipped: 0, Time elapsed: 0 s - in it.infocert.eigor.api.conversion.LookUpEnumConversionTest
[INFO] Running it.infocert.eigor.api.conversion.StringToDoublePercentageConverterTest
[INFO] Tests run: 1, Failures: 0, Errors: 0, Skipped: 0, Time elapsed: 0 s - in it.infocert.eigor.api.conversion.StringToDoublePercentageConverterTest
[INFO] Running it.infocert.eigor.api.conversion.StringToIso4217CurrenciesFundsCodesConverterTest
[INFO] Tests run: 1, Failures: 0, Errors: 0, Skipped: 0, Time elapsed: 0 s - in it.infocert.eigor.api.conversion.StringToIso4217CurrenciesFundsCodesConverterTest
[INFO] Running it.infocert.eigor.api.conversion.StringToJavaLocalDateConverterTest
[INFO] Tests run: 4, Failures: 0, Errors: 0, Skipped: 0, Time elapsed: 0 s - in it.infocert.eigor.api.conversion.StringToJavaLocalDateConverterTest
[INFO] Running it.infocert.eigor.api.conversion.StringToUnitOfMeasureConverterTest
[INFO] Tests run: 1, Failures: 0, Errors: 0, Skipped: 0, Time elapsed: 0.015 s - in it.infocert.eigor.api.conversion.StringToUnitOfMeasureConverterTest
[INFO] Running it.infocert.eigor.api.conversion.StringToUntdid1001InvoiceTypeCodeConverterTest
[INFO] Tests run: 3, Failures: 0, Errors: 0, Skipped: 0, Time elapsed: 0 s - in it.infocert.eigor.api.conversion.StringToUntdid1001InvoiceTypeCodeConverterTest
[INFO] Running it.infocert.eigor.api.ConversionResultTest
[INFO] Tests run: 2, Failures: 0, Errors: 0, Skipped: 0, Time elapsed: 0 s - in it.infocert.eigor.api.ConversionResultTest
[INFO] Running it.infocert.eigor.api.impl.FakeFromCenConversionTest
[INFO] Tests run: 1, Failures: 0, Errors: 0, Skipped: 0, Time elapsed: 0 s - in it.infocert.eigor.api.impl.FakeFromCenConversionTest
[INFO] Running it.infocert.eigor.api.impl.FakeToCenConversionTest
[INFO] Tests run: 1, Failures: 0, Errors: 0, Skipped: 0, Time elapsed: 0 s - in it.infocert.eigor.api.impl.FakeToCenConversionTest
[INFO] Running it.infocert.eigor.api.impl.InMemoryRuleReportTest
[INFO] Tests run: 3, Failures: 0, Errors: 0, Skipped: 0, Time elapsed: 0.069 s - in it.infocert.eigor.api.impl.InMemoryRuleReportTest
[INFO] Running it.infocert.eigor.api.impl.ReflectionBasedRepositoryTest
[INFO] Tests run: 4, Failures: 0, Errors: 0, Skipped: 0, Time elapsed: 0.09 s - in it.infocert.eigor.api.impl.ReflectionBasedRepositoryTest
[INFO] Running it.infocert.eigor.api.mapping.toCen.GenericOneToOneTransformationTest
[INFO] Tests run: 1, Failures: 0, Errors: 0, Skipped: 0, Time elapsed: 0.114 s - in it.infocert.eigor.api.mapping.toCen.GenericOneToOneTransformationTest
[INFO] Running it.infocert.eigor.api.mapping.toCen.InputInvoiceXpathMapTest
[INFO] Tests run: 2, Failures: 0, Errors: 0, Skipped: 0, Time elapsed: 0 s - in it.infocert.eigor.api.mapping.toCen.InputInvoiceXpathMapTest
[INFO] Running it.infocert.eigor.api.SchematronXSLTUpdateTest
[INFO] Tests run: 4, Failures: 0, Errors: 0, Skipped: 0, Time elapsed: 2.695 s - in it.infocert.eigor.api.SchematronXSLTUpdateTest
[INFO] 
[INFO] Results:
[INFO] 
[INFO] Tests run: 40, Failures: 0, Errors: 0, Skipped: 0
[INFO] 
[INFO] 
[INFO] --- maven-jar-plugin:2.6:jar (default-jar) @ eigor-api ---
[INFO] Building jar: C:\Users\danidemi\workspace\repos\infocert\eigor\eigor-api\target\eigor-api-0.0.7-SNAPSHOT.jar
[INFO] 
[INFO] --- maven-site-plugin:3.5.1:site (default-site) @ eigor-api ---
[INFO] configuring report plugin org.apache.maven.plugins:maven-project-info-reports-plugin:2.9
[INFO] Relativizing decoration links with respect to localized project URL: http://projects.spring.io/spring-boot/eigor-parent/eigor-api/
[INFO] Rendering site with org.apache.maven.skins:maven-default-skin:jar:1.2 skin.
[INFO] Generating "Dependencies" report         --- maven-project-info-reports-plugin:2.9:dependencies
[INFO] Generating "Dependency Convergence" report --- maven-project-info-reports-plugin:2.9:dependency-convergence
[INFO] Generating "About" report                --- maven-project-info-reports-plugin:2.9:index
[INFO]                                                                         
[INFO] ------------------------------------------------------------------------
[INFO] Building Eigor :: Converter :: FattPA - CEN 0.0.7-SNAPSHOT
[INFO] ------------------------------------------------------------------------
[INFO] 
[INFO] --- maven-toolchains-plugin:1.1:toolchain (default) @ converter-fattpa-cen ---
[INFO] Required toolchain: jdk [ version='[1.7,1.8)' ]
[INFO] Found matching toolchain for type jdk: JDK[C:\Program Files\Java\jdk1.7.0_80]
[INFO] 
[INFO] --- build-helper-maven-plugin:3.0.0:add-source (generate-country-codes) @ converter-fattpa-cen ---
[INFO] Source directory: C:\Users\danidemi\workspace\repos\infocert\eigor\converter-fattpa-cen\target\generated-sources\fromcsv added.
[INFO] 
[INFO] --- jaxb2-maven-plugin:2.3.1:xjc (xjc) @ converter-fattpa-cen ---
[INFO] Ignored given or default xjbSources [C:\Users\danidemi\workspace\repos\infocert\eigor\converter-fattpa-cen\src\main\xjb], since it is not an existent file or directory.
[INFO] No changes detected in schema or binding files - skipping JAXB generation.
[INFO] 
[INFO] --- maven-resources-plugin:2.6:resources (default-resources) @ converter-fattpa-cen ---
[INFO] Using 'UTF-8' encoding to copy filtered resources.
[INFO] Copying 0 resource
[INFO] Copying 1 resource
[INFO] 
[INFO] --- maven-compiler-plugin:3.6.1:compile (default-compile) @ converter-fattpa-cen ---
[INFO] Toolchain in maven-compiler-plugin: JDK[C:\Program Files\Java\jdk1.7.0_80]
[INFO] Nothing to compile - all classes are up to date
[INFO] 
[INFO] --- build-helper-maven-plugin:3.0.0:add-test-source (add-integration-test-sources) @ converter-fattpa-cen ---
[INFO] Test Source directory: C:\Users\danidemi\workspace\repos\infocert\eigor\converter-fattpa-cen\src\integration-test\java added.
[INFO] 
[INFO] --- build-helper-maven-plugin:3.0.0:add-test-resource (add-integration-test-resources) @ converter-fattpa-cen ---
[INFO] 
[INFO] --- maven-resources-plugin:2.6:testResources (default-testResources) @ converter-fattpa-cen ---
[INFO] Using 'UTF-8' encoding to copy filtered resources.
[INFO] Copying 1 resource
[INFO] Copying 0 resource
[INFO] 
[INFO] --- maven-compiler-plugin:3.6.1:testCompile (default-testCompile) @ converter-fattpa-cen ---
[INFO] Toolchain in maven-compiler-plugin: JDK[C:\Program Files\Java\jdk1.7.0_80]
[INFO] Nothing to compile - all classes are up to date
[INFO] 
[INFO] --- maven-surefire-plugin:2.20:test (default-test) @ converter-fattpa-cen ---
[INFO] Toolchain in maven-surefire-plugin: JDK[C:\Program Files\Java\jdk1.7.0_80]
[INFO] 
[INFO] -------------------------------------------------------
[INFO]  T E S T S
[INFO] -------------------------------------------------------
[INFO] Running it.infocert.eigor.converter.fattpa2cen.mapping.GenericOneToOneTransformationTest
[INFO] Tests run: 1, Failures: 0, Errors: 0, Skipped: 0, Time elapsed: 0.42 s - in it.infocert.eigor.converter.fattpa2cen.mapping.GenericOneToOneTransformationTest
[INFO] Running it.infocert.eigor.converter.fattpa2cen.mapping.InvoiceUtilsTest
[INFO] Tests run: 5, Failures: 0, Errors: 0, Skipped: 0, Time elapsed: 0.277 s - in it.infocert.eigor.converter.fattpa2cen.mapping.InvoiceUtilsTest
[INFO] 
[INFO] Results:
[INFO] 
[INFO] Tests run: 6, Failures: 0, Errors: 0, Skipped: 0
[INFO] 
[INFO] 
[INFO] --- maven-jar-plugin:2.6:jar (default-jar) @ converter-fattpa-cen ---
[INFO] 
[INFO] --- maven-site-plugin:3.5.1:site (default-site) @ converter-fattpa-cen ---
[INFO] configuring report plugin org.apache.maven.plugins:maven-project-info-reports-plugin:2.9
[INFO] Relativizing decoration links with respect to localized project URL: http://projects.spring.io/spring-boot/eigor-parent/converter-fattpa-cen/
[INFO] Rendering site with org.apache.maven.skins:maven-default-skin:jar:1.2 skin.
[INFO] Generating "Dependencies" report         --- maven-project-info-reports-plugin:2.9:dependencies
[INFO] Generating "Dependency Convergence" report --- maven-project-info-reports-plugin:2.9:dependency-convergence
[INFO] Generating "About" report                --- maven-project-info-reports-plugin:2.9:index
[INFO]                                                                         
[INFO] ------------------------------------------------------------------------
[INFO] Building Eigor :: Converter :: CEN/CSV - CEN 0.0.7-SNAPSHOT
[INFO] ------------------------------------------------------------------------
[INFO] 
[INFO] --- maven-toolchains-plugin:1.1:toolchain (default) @ converter-csvcen-cen ---
[INFO] Required toolchain: jdk [ version='[1.7,1.8)' ]
[INFO] Found matching toolchain for type jdk: JDK[C:\Program Files\Java\jdk1.7.0_80]
[INFO] 
[INFO] --- maven-resources-plugin:2.6:resources (default-resources) @ converter-csvcen-cen ---
[INFO] Using 'UTF-8' encoding to copy filtered resources.
[INFO] Copying 0 resource
[INFO] Copying 0 resource
[INFO] 
[INFO] --- maven-compiler-plugin:3.6.1:compile (default-compile) @ converter-csvcen-cen ---
[INFO] Toolchain in maven-compiler-plugin: JDK[C:\Program Files\Java\jdk1.7.0_80]
[INFO] Nothing to compile - all classes are up to date
[INFO] 
[INFO] --- build-helper-maven-plugin:3.0.0:add-test-source (add-integration-test-sources) @ converter-csvcen-cen ---
[INFO] Test Source directory: C:\Users\danidemi\workspace\repos\infocert\eigor\converter-csvcen-cen\src\integration-test\java added.
[INFO] 
[INFO] --- build-helper-maven-plugin:3.0.0:add-test-resource (add-integration-test-resources) @ converter-csvcen-cen ---
[INFO] 
[INFO] --- maven-resources-plugin:2.6:testResources (default-testResources) @ converter-csvcen-cen ---
[INFO] Using 'UTF-8' encoding to copy filtered resources.
[INFO] Copying 1 resource
[INFO] skip non existing resourceDirectory C:\Users\danidemi\workspace\repos\infocert\eigor\converter-csvcen-cen\src\integration-test\resources
[INFO] 
[INFO] --- maven-compiler-plugin:3.6.1:testCompile (default-testCompile) @ converter-csvcen-cen ---
[INFO] Toolchain in maven-compiler-plugin: JDK[C:\Program Files\Java\jdk1.7.0_80]
[INFO] Nothing to compile - all classes are up to date
[INFO] 
[INFO] --- maven-surefire-plugin:2.20:test (default-test) @ converter-csvcen-cen ---
[INFO] Toolchain in maven-surefire-plugin: JDK[C:\Program Files\Java\jdk1.7.0_80]
[INFO] 
[INFO] -------------------------------------------------------
[INFO]  T E S T S
[INFO] -------------------------------------------------------
[INFO] Running it.infocert.eigor.converter.csvcen2cen.CsvCen2CenTest
[INFO] Tests run: 9, Failures: 0, Errors: 0, Skipped: 0, Time elapsed: 0.934 s - in it.infocert.eigor.converter.csvcen2cen.CsvCen2CenTest
[INFO] 
[INFO] Results:
[INFO] 
[INFO] Tests run: 9, Failures: 0, Errors: 0, Skipped: 0
[INFO] 
[INFO] 
[INFO] --- maven-jar-plugin:2.6:jar (default-jar) @ converter-csvcen-cen ---
[INFO] 
[INFO] --- maven-site-plugin:3.5.1:site (default-site) @ converter-csvcen-cen ---
[INFO] configuring report plugin org.apache.maven.plugins:maven-project-info-reports-plugin:2.9
[INFO] Relativizing decoration links with respect to localized project URL: http://projects.spring.io/spring-boot/eigor-parent/converter-csvcen-cen/
[INFO] Rendering site with org.apache.maven.skins:maven-default-skin:jar:1.2 skin.
[INFO] Generating "Dependencies" report         --- maven-project-info-reports-plugin:2.9:dependencies
[INFO] Generating "Dependency Convergence" report --- maven-project-info-reports-plugin:2.9:dependency-convergence
[INFO] Generating "About" report                --- maven-project-info-reports-plugin:2.9:index
[INFO]                                                                         
[INFO] ------------------------------------------------------------------------
[INFO] Building Eigor :: Converter :: CEN - FattPA 0.0.7-SNAPSHOT
[INFO] ------------------------------------------------------------------------
[INFO] 
[INFO] --- maven-toolchains-plugin:1.1:toolchain (default) @ converter-cen-fattpa ---
[INFO] Required toolchain: jdk [ version='[1.7,1.8)' ]
[INFO] Found matching toolchain for type jdk: JDK[C:\Program Files\Java\jdk1.7.0_80]
[INFO] 
[INFO] --- jaxb2-maven-plugin:2.3.1:xjc (xjc) @ converter-cen-fattpa ---
[INFO] Ignored given or default xjbSources [C:\Users\danidemi\workspace\repos\infocert\eigor\converter-cen-fattpa\src\main\xjb], since it is not an existent file or directory.
[INFO] No changes detected in schema or binding files - skipping JAXB generation.
[INFO] 
[INFO] --- maven-resources-plugin:2.6:resources (default-resources) @ converter-cen-fattpa ---
[INFO] Using 'UTF-8' encoding to copy filtered resources.
[INFO] Copying 0 resource
[INFO] Copying 1 resource
[INFO] 
[INFO] --- maven-compiler-plugin:3.6.1:compile (default-compile) @ converter-cen-fattpa ---
[INFO] Toolchain in maven-compiler-plugin: JDK[C:\Program Files\Java\jdk1.7.0_80]
[INFO] Nothing to compile - all classes are up to date
[INFO] 
[INFO] --- build-helper-maven-plugin:3.0.0:add-test-source (add-integration-test-sources) @ converter-cen-fattpa ---
[INFO] Test Source directory: C:\Users\danidemi\workspace\repos\infocert\eigor\converter-cen-fattpa\src\integration-test\java added.
[INFO] 
[INFO] --- build-helper-maven-plugin:3.0.0:add-test-resource (add-integration-test-resources) @ converter-cen-fattpa ---
[INFO] 
[INFO] --- maven-resources-plugin:2.6:testResources (default-testResources) @ converter-cen-fattpa ---
[INFO] Using 'UTF-8' encoding to copy filtered resources.
[INFO] Copying 3 resources
[INFO] Copying 0 resource
[INFO] 
[INFO] --- maven-compiler-plugin:3.6.1:testCompile (default-testCompile) @ converter-cen-fattpa ---
[INFO] Toolchain in maven-compiler-plugin: JDK[C:\Program Files\Java\jdk1.7.0_80]
[INFO] Nothing to compile - all classes are up to date
[INFO] 
[INFO] --- maven-surefire-plugin:2.20:test (default-test) @ converter-cen-fattpa ---
[INFO] Toolchain in maven-surefire-plugin: JDK[C:\Program Files\Java\jdk1.7.0_80]
[INFO] 
[INFO] -------------------------------------------------------
[INFO]  T E S T S
[INFO] -------------------------------------------------------
[INFO] Running it.infocert.eigor.converter.cen2fattpa.Cen2FattPATest
[INFO] Tests run: 5, Failures: 0, Errors: 0, Skipped: 0, Time elapsed: 0.586 s - in it.infocert.eigor.converter.cen2fattpa.Cen2FattPATest
[INFO] 
[INFO] Results:
[INFO] 
[INFO] Tests run: 5, Failures: 0, Errors: 0, Skipped: 0
[INFO] 
[INFO] 
[INFO] --- maven-jar-plugin:2.6:jar (default-jar) @ converter-cen-fattpa ---
[INFO] 
[INFO] --- maven-failsafe-plugin:2.20:integration-test (default) @ converter-cen-fattpa ---
[INFO] Toolchain in maven-failsafe-plugin: JDK[C:\Program Files\Java\jdk1.7.0_80]
[INFO] 
[INFO] -------------------------------------------------------
[INFO]  T E S T S
[INFO] -------------------------------------------------------
[INFO] Running it.infocert.eigor.converter.cen2fattpa.ITCen2FattPATest
[INFO] Tests run: 3, Failures: 0, Errors: 0, Skipped: 0, Time elapsed: 49.805 s - in it.infocert.eigor.converter.cen2fattpa.ITCen2FattPATest
[INFO] 
[INFO] Results:
[INFO] 
[INFO] Tests run: 3, Failures: 0, Errors: 0, Skipped: 0
[INFO] 
[INFO] 
[INFO] --- maven-failsafe-plugin:2.20:integration-test (integration-tests) @ converter-cen-fattpa ---
[INFO] Toolchain in maven-failsafe-plugin: JDK[C:\Program Files\Java\jdk1.7.0_80]
[INFO] Skipping execution of surefire because it has already been run for this configuration
[INFO] 
[INFO] --- maven-failsafe-plugin:2.20:verify (default) @ converter-cen-fattpa ---
[INFO] 
[INFO] --- maven-failsafe-plugin:2.20:verify (integration-tests) @ converter-cen-fattpa ---
[INFO] 
[INFO] --- maven-site-plugin:3.5.1:site (default-site) @ converter-cen-fattpa ---
[INFO] configuring report plugin org.apache.maven.plugins:maven-project-info-reports-plugin:2.9
[INFO] Relativizing decoration links with respect to localized project URL: http://projects.spring.io/spring-boot/eigor-parent/converter-cen-fattpa/
[INFO] Rendering site with org.apache.maven.skins:maven-default-skin:jar:1.2 skin.
[INFO] Generating "Dependencies" report         --- maven-project-info-reports-plugin:2.9:dependencies
[INFO] Generating "Dependency Convergence" report --- maven-project-info-reports-plugin:2.9:dependency-convergence
[INFO] Generating "About" report                --- maven-project-info-reports-plugin:2.9:index
[INFO]                                                                         
[INFO] ------------------------------------------------------------------------
[INFO] Building Eigor :: Converter :: UBL - CEN 0.0.7-SNAPSHOT
[INFO] ------------------------------------------------------------------------
[INFO] 
[INFO] --- maven-toolchains-plugin:1.1:toolchain (default) @ converter-ubl-cen ---
[INFO] Required toolchain: jdk [ version='[1.7,1.8)' ]
[INFO] Found matching toolchain for type jdk: JDK[C:\Program Files\Java\jdk1.7.0_80]
[INFO] 
[INFO] --- ph-sch2xslt-maven-plugin:0.0.7-SNAPSHOT:convert (default) @ converter-ubl-cen ---
[INFO] Converting Schematron file 'C:\Users\danidemi\workspace\repos\infocert\eigor\converter-ubl-cen\converterdata\converter-ubl-cen\schematron\EN16931-UBL-model.sch' to XSLT file 'C:\Users\danidemi\workspace\repos\infocert\eigor\converter-ubl-cen\converterdata\converter-ubl-cen\schematron-xslt\EN16931-UBL-model.xslt'
[INFO] Converting Schematron file 'C:\Users\danidemi\workspace\repos\infocert\eigor\converter-ubl-cen\converterdata\converter-ubl-cen\schematron\EN16931-UBL-syntax.sch' to XSLT file 'C:\Users\danidemi\workspace\repos\infocert\eigor\converter-ubl-cen\converterdata\converter-ubl-cen\schematron-xslt\EN16931-UBL-syntax.xslt'
[INFO] Converting Schematron file 'C:\Users\danidemi\workspace\repos\infocert\eigor\converter-ubl-cen\converterdata\converter-ubl-cen\schematron\EN16931-UBL-validation.sch' to XSLT file 'C:\Users\danidemi\workspace\repos\infocert\eigor\converter-ubl-cen\converterdata\converter-ubl-cen\schematron-xslt\EN16931-UBL-validation.xslt'
[INFO] 
[INFO] --- maven-resources-plugin:2.6:resources (default-resources) @ converter-ubl-cen ---
[INFO] Using 'UTF-8' encoding to copy filtered resources.
[INFO] skip non existing resourceDirectory C:\Users\danidemi\workspace\repos\infocert\eigor\converter-ubl-cen\src\main\resources
[INFO] skip non existing resourceDirectory C:\Users\danidemi\workspace\repos\infocert\eigor\converter-ubl-cen\src\main\resources
[INFO] 
[INFO] --- maven-compiler-plugin:3.6.1:compile (default-compile) @ converter-ubl-cen ---
[INFO] Toolchain in maven-compiler-plugin: JDK[C:\Program Files\Java\jdk1.7.0_80]
[INFO] Nothing to compile - all classes are up to date
[INFO] 
[INFO] --- build-helper-maven-plugin:3.0.0:add-test-source (add-integration-test-sources) @ converter-ubl-cen ---
[INFO] Test Source directory: C:\Users\danidemi\workspace\repos\infocert\eigor\converter-ubl-cen\src\integration-test\java added.
[INFO] 
[INFO] --- build-helper-maven-plugin:3.0.0:add-test-resource (add-integration-test-resources) @ converter-ubl-cen ---
[INFO] 
[INFO] --- maven-resources-plugin:2.6:testResources (default-testResources) @ converter-ubl-cen ---
[INFO] Using 'UTF-8' encoding to copy filtered resources.
[INFO] Copying 1 resource
[INFO] skip non existing resourceDirectory C:\Users\danidemi\workspace\repos\infocert\eigor\converter-ubl-cen\src\integration-test\resources
[INFO] 
[INFO] --- maven-compiler-plugin:3.6.1:testCompile (default-testCompile) @ converter-ubl-cen ---
[INFO] Toolchain in maven-compiler-plugin: JDK[C:\Program Files\Java\jdk1.7.0_80]
[INFO] Nothing to compile - all classes are up to date
[INFO] 
[INFO] --- maven-surefire-plugin:2.20:test (default-test) @ converter-ubl-cen ---
[INFO] Toolchain in maven-surefire-plugin: JDK[C:\Program Files\Java\jdk1.7.0_80]
[INFO] 
[INFO] -------------------------------------------------------
[INFO]  T E S T S
[INFO] -------------------------------------------------------
[INFO] Running it.infocert.eigor.converter.ubl2cen.Ubl2CenTest
[INFO] Tests run: 4, Failures: 0, Errors: 0, Skipped: 0, Time elapsed: 2.604 s - in it.infocert.eigor.converter.ubl2cen.Ubl2CenTest
[INFO] 
[INFO] Results:
[INFO] 
[INFO] Tests run: 4, Failures: 0, Errors: 0, Skipped: 0
[INFO] 
[INFO] 
[INFO] --- maven-jar-plugin:2.6:jar (default-jar) @ converter-ubl-cen ---
[INFO] 
[INFO] --- maven-site-plugin:3.5.1:site (default-site) @ converter-ubl-cen ---
[INFO] configuring report plugin org.apache.maven.plugins:maven-project-info-reports-plugin:2.9
[INFO] Relativizing decoration links with respect to localized project URL: http://projects.spring.io/spring-boot/eigor-parent/converter-ubl-cen/
[INFO] Rendering site with org.apache.maven.skins:maven-default-skin:jar:1.2 skin.
[INFO] Generating "Dependencies" report         --- maven-project-info-reports-plugin:2.9:dependencies
